[ 2016-06-13T23:42:03+08:00 ] 10.12.243.7 /index.php?c=Approval&a=already_approval
INFO: [ app_init ] --START--
INFO: Run Behavior\BuildLiteBehavior [ RunTime:0.000000s ]
INFO: [ app_init ] --END-- [ RunTime:0.001000s ]
INFO: [ app_begin ] --START--
INFO: Run Behavior\ReadHtmlCacheBehavior [ RunTime:0.001000s ]
INFO: [ app_begin ] --END-- [ RunTime:0.001000s ]
SQL: SHOW COLUMNS FROM `tb_users` [ RunTime:0.0040s ]
SQL: SELECT `user_name` FROM `tb_users` WHERE ( id='49' ) LIMIT 1   [ RunTime:0.0000s ]
SQL: SHOW COLUMNS FROM `tb_role` [ RunTime:0.0040s ]
SQL: select b.level from tb_users as a,tb_role as b,tb_user_role as c where a.token='3fe3f3ebce7fd7f4c9ea1256313ffedc' and a.id='49' and a.id=c.user_id and b.id=c.role_id  [ RunTime:0.0000s ]
INFO: [ app_end ] --START--
INFO: Run Behavior\ShowPageTraceBehavior [ RunTime:0.001000s ]
INFO: [ app_end ] --END-- [ RunTime:0.001000s ]

[ 2016-06-13T23:42:04+08:00 ] 10.12.243.7 /index.php?c=Approval&a=wait_approval
INFO: [ app_init ] --START--
INFO: Run Behavior\BuildLiteBehavior [ RunTime:0.000000s ]
INFO: [ app_init ] --END-- [ RunTime:0.001000s ]
INFO: [ app_begin ] --START--
INFO: Run Behavior\ReadHtmlCacheBehavior [ RunTime:0.001001s ]
INFO: [ app_begin ] --END-- [ RunTime:0.001001s ]
SQL: SHOW COLUMNS FROM `tb_users` [ RunTime:0.0050s ]
SQL: SELECT `user_name` FROM `tb_users` WHERE ( id='49' ) LIMIT 1   [ RunTime:0.0000s ]
SQL: SHOW COLUMNS FROM `tb_role` [ RunTime:0.0050s ]
SQL: select b.level from tb_users as a,tb_role as b,tb_user_role as c where a.token='3fe3f3ebce7fd7f4c9ea1256313ffedc' and a.id='49' and a.id=c.user_id and b.id=c.role_id  [ RunTime:0.0000s ]
INFO: [ app_end ] --START--
INFO: Run Behavior\ShowPageTraceBehavior [ RunTime:0.001000s ]
INFO: [ app_end ] --END-- [ RunTime:0.001000s ]

[ 2016-06-13T23:42:05+08:00 ] 10.12.243.7 /index.php?c=Approval&a=already_approval
INFO: [ app_init ] --START--
INFO: Run Behavior\BuildLiteBehavior [ RunTime:0.000000s ]
INFO: [ app_init ] --END-- [ RunTime:0.001000s ]
INFO: [ app_begin ] --START--
INFO: Run Behavior\ReadHtmlCacheBehavior [ RunTime:0.001000s ]
INFO: [ app_begin ] --END-- [ RunTime:0.001000s ]
SQL: SHOW COLUMNS FROM `tb_users` [ RunTime:0.0050s ]
SQL: SELECT `user_name` FROM `tb_users` WHERE ( id='49' ) LIMIT 1   [ RunTime:0.0010s ]
SQL: SHOW COLUMNS FROM `tb_role` [ RunTime:0.0050s ]
SQL: select b.level from tb_users as a,tb_role as b,tb_user_role as c where a.token='3fe3f3ebce7fd7f4c9ea1256313ffedc' and a.id='49' and a.id=c.user_id and b.id=c.role_id  [ RunTime:0.0000s ]
INFO: [ app_end ] --START--
INFO: Run Behavior\ShowPageTraceBehavior [ RunTime:0.001000s ]
INFO: [ app_end ] --END-- [ RunTime:0.001000s ]

[ 2016-06-13T23:42:07+08:00 ] 10.12.243.7 /index.php?c=Approval&a=see_apply
INFO: [ app_init ] --START--
INFO: Run Behavior\BuildLiteBehavior [ RunTime:0.000000s ]
INFO: [ app_init ] --END-- [ RunTime:0.001001s ]
INFO: [ app_begin ] --START--
INFO: Run Behavior\ReadHtmlCacheBehavior [ RunTime:0.000000s ]
INFO: [ app_begin ] --END-- [ RunTime:0.001000s ]
SQL: SHOW COLUMNS FROM `tb_users` [ RunTime:0.0050s ]
SQL: SELECT `token` FROM `tb_users` WHERE ( id='49' )  [ RunTime:0.0000s ]
SQL: SHOW COLUMNS FROM `tb_approval` [ RunTime:0.0050s ]
SQL: select a.id,a.app_type,a.approver,a.state,a.app_time,a.view,a.approval_time,u.user_name from tb_users as u,tb_approval as a where a.app_type in('1','2','3') and  a.user_id=u.id and a.user_id='49' order by a.id desc [ RunTime:0.0020s ]
SQL: SHOW COLUMNS FROM `tb_leave` [ RunTime:0.0050s ]
SQL: select type,start,end,day,reason from tb_leave where app_id='225' [ RunTime:0.0010s ]
SQL: SHOW COLUMNS FROM `tb_approval_pic` [ RunTime:0.0050s ]
SQL: select p.pic_url from tb_leave_pic_rel as r,tb_approval_pic as p where r.app_id='225' and r.pic_id=p.id [ RunTime:0.0000s ]
NOTIC: [8] Undefined offset: 0 D:\xampp\htdocs\office\Home\Controller\ApprovalController.class.php 第 325 行.
INFO: [ app_end ] --START--
INFO: Run Behavior\ShowPageTraceBehavior [ RunTime:0.001000s ]
INFO: [ app_end ] --END-- [ RunTime:0.001000s ]

[ 2016-06-13T23:42:30+08:00 ] 10.12.243.7 /index.php?c=Approval&a=see_apply
INFO: [ app_init ] --START--
INFO: Run Behavior\BuildLiteBehavior [ RunTime:0.000000s ]
INFO: [ app_init ] --END-- [ RunTime:0.001000s ]
INFO: [ app_begin ] --START--
INFO: Run Behavior\ReadHtmlCacheBehavior [ RunTime:0.001000s ]
INFO: [ app_begin ] --END-- [ RunTime:0.001000s ]
SQL: SHOW COLUMNS FROM `tb_users` [ RunTime:0.0050s ]
SQL: SELECT `token` FROM `tb_users` WHERE ( id='49' )  [ RunTime:0.0000s ]
SQL: SHOW COLUMNS FROM `tb_approval` [ RunTime:0.0050s ]
SQL: select a.id,a.app_type,a.approver,a.state,a.app_time,a.view,a.approval_time,u.user_name from tb_users as u,tb_approval as a where a.app_type in('1','2','3') and  a.user_id=u.id and a.user_id='49' order by a.id desc [ RunTime:0.0010s ]
SQL: SHOW COLUMNS FROM `tb_leave` [ RunTime:0.0040s ]
SQL: select type,start,end,day,reason from tb_leave where app_id='225' [ RunTime:0.0000s ]
SQL: SHOW COLUMNS FROM `tb_approval_pic` [ RunTime:0.0050s ]
SQL: select p.pic_url from tb_leave_pic_rel as r,tb_approval_pic as p where r.app_id='225' and r.pic_id=p.id [ RunTime:0.0000s ]
NOTIC: [8] Undefined offset: 0 D:\xampp\htdocs\office\Home\Controller\ApprovalController.class.php 第 325 行.
INFO: [ app_end ] --START--
INFO: Run Behavior\ShowPageTraceBehavior [ RunTime:0.001000s ]
INFO: [ app_end ] --END-- [ RunTime:0.001000s ]

[ 2016-06-13T23:43:04+08:00 ] 10.12.243.7 /index.php?c=Approval&a=wait_approval
INFO: [ app_init ] --START--
INFO: Run Behavior\BuildLiteBehavior [ RunTime:0.000000s ]
INFO: [ app_init ] --END-- [ RunTime:0.001001s ]
INFO: [ app_begin ] --START--
INFO: Run Behavior\ReadHtmlCacheBehavior [ RunTime:0.002000s ]
INFO: [ app_begin ] --END-- [ RunTime:0.002000s ]
SQL: SHOW COLUMNS FROM `tb_users` [ RunTime:0.0040s ]
SQL: SELECT `user_name` FROM `tb_users` WHERE ( id='49' ) LIMIT 1   [ RunTime:0.0000s ]
SQL: SHOW COLUMNS FROM `tb_role` [ RunTime:0.0050s ]
SQL: select b.level from tb_users as a,tb_role as b,tb_user_role as c where a.token='3fe3f3ebce7fd7f4c9ea1256313ffedc' and a.id='49' and a.id=c.user_id and b.id=c.role_id  [ RunTime:0.0010s ]
INFO: [ app_end ] --START--
INFO: Run Behavior\ShowPageTraceBehavior [ RunTime:0.000000s ]
INFO: [ app_end ] --END-- [ RunTime:0.000000s ]

[ 2016-06-13T23:43:05+08:00 ] 10.12.243.7 /index.php?c=Approval&a=see_apply
INFO: [ app_init ] --START--
INFO: Run Behavior\BuildLiteBehavior [ RunTime:0.000000s ]
INFO: [ app_init ] --END-- [ RunTime:0.001000s ]
INFO: [ app_begin ] --START--
INFO: Run Behavior\ReadHtmlCacheBehavior [ RunTime:0.001000s ]
INFO: [ app_begin ] --END-- [ RunTime:0.001000s ]
SQL: SHOW COLUMNS FROM `tb_users` [ RunTime:0.0050s ]
SQL: SELECT `token` FROM `tb_users` WHERE ( id='49' )  [ RunTime:0.0000s ]
SQL: SHOW COLUMNS FROM `tb_approval` [ RunTime:0.0040s ]
SQL: select a.id,a.app_type,a.approver,a.state,a.app_time,a.view,a.approval_time,u.user_name from tb_users as u,tb_approval as a where a.app_type in('1','2','3') and  a.user_id=u.id and a.user_id='49' order by a.id desc [ RunTime:0.0010s ]
SQL: SHOW COLUMNS FROM `tb_leave` [ RunTime:0.0040s ]
SQL: select type,start,end,day,reason from tb_leave where app_id='225' [ RunTime:0.0000s ]
SQL: SHOW COLUMNS FROM `tb_approval_pic` [ RunTime:0.0040s ]
SQL: select p.pic_url from tb_leave_pic_rel as r,tb_approval_pic as p where r.app_id='225' and r.pic_id=p.id [ RunTime:0.0010s ]
NOTIC: [8] Undefined offset: 0 D:\xampp\htdocs\office\Home\Controller\ApprovalController.class.php 第 325 行.
INFO: [ app_end ] --START--
INFO: Run Behavior\ShowPageTraceBehavior [ RunTime:0.001000s ]
INFO: [ app_end ] --END-- [ RunTime:0.001000s ]

[ 2016-06-13T23:43:12+08:00 ] 10.12.243.7 /index.php?c=Approval&a=see_apply
INFO: [ app_init ] --START--
INFO: Run Behavior\BuildLiteBehavior [ RunTime:0.000000s ]
INFO: [ app_init ] --END-- [ RunTime:0.000000s ]
INFO: [ app_begin ] --START--
INFO: Run Behavior\ReadHtmlCacheBehavior [ RunTime:0.001000s ]
INFO: [ app_begin ] --END-- [ RunTime:0.001000s ]
SQL: SHOW COLUMNS FROM `tb_users` [ RunTime:0.0040s ]
SQL: SELECT `token` FROM `tb_users` WHERE ( id='49' )  [ RunTime:0.0000s ]
SQL: SHOW COLUMNS FROM `tb_approval` [ RunTime:0.0050s ]
SQL: select a.id,a.app_type,a.approver,a.state,a.app_time,a.view,a.approval_time,u.user_name from tb_users as u,tb_approval as a where a.app_type in('1','2','3') and  a.user_id=u.id and a.user_id='49' order by a.id desc [ RunTime:0.0010s ]
SQL: SHOW COLUMNS FROM `tb_leave` [ RunTime:0.0050s ]
SQL: select type,start,end,day,reason from tb_leave where app_id='225' [ RunTime:0.0000s ]
SQL: SHOW COLUMNS FROM `tb_approval_pic` [ RunTime:0.0040s ]
SQL: select p.pic_url from tb_leave_pic_rel as r,tb_approval_pic as p where r.app_id='225' and r.pic_id=p.id [ RunTime:0.0000s ]
NOTIC: [8] Undefined offset: 0 D:\xampp\htdocs\office\Home\Controller\ApprovalController.class.php 第 325 行.
INFO: [ app_end ] --START--
INFO: Run Behavior\ShowPageTraceBehavior [ RunTime:0.001000s ]
INFO: [ app_end ] --END-- [ RunTime:0.001000s ]

[ 2016-06-13T23:43:33+08:00 ] 10.12.243.7 /index.php?c=Meeting&a=rooms
INFO: [ app_init ] --START--
INFO: Run Behavior\BuildLiteBehavior [ RunTime:0.000000s ]
INFO: [ app_init ] --END-- [ RunTime:0.001000s ]
INFO: [ app_begin ] --START--
INFO: Run Behavior\ReadHtmlCacheBehavior [ RunTime:0.000000s ]
INFO: [ app_begin ] --END-- [ RunTime:0.000000s ]
SQL: SHOW COLUMNS FROM `tb_users` [ RunTime:0.0060s ]
SQL: SELECT `token` FROM `tb_users` WHERE ( id='50' )  [ RunTime:0.0000s ]
SQL: SHOW COLUMNS FROM `tb_meeting_room` [ RunTime:0.0040s ]
SQL: select id,floor_id,room_num,seat,wifi,air_con,projector from tb_meeting_room  [ RunTime:0.0000s ]
INFO: [ app_end ] --START--
INFO: Run Behavior\ShowPageTraceBehavior [ RunTime:0.001000s ]
INFO: [ app_end ] --END-- [ RunTime:0.001000s ]

[ 2016-06-13T23:43:33+08:00 ] 10.12.243.7 /index.php?c=Meeting&a=floors
INFO: [ app_init ] --START--
INFO: Run Behavior\BuildLiteBehavior [ RunTime:0.000000s ]
INFO: [ app_init ] --END-- [ RunTime:0.000000s ]
INFO: [ app_begin ] --START--
INFO: Run Behavior\ReadHtmlCacheBehavior [ RunTime:0.000000s ]
INFO: [ app_begin ] --END-- [ RunTime:0.000000s ]
SQL: SHOW COLUMNS FROM `tb_users` [ RunTime:0.0050s ]
SQL: SELECT `token` FROM `tb_users` WHERE ( id='50' )  [ RunTime:0.0000s ]
SQL: SHOW COLUMNS FROM `tb_meeting_floor` [ RunTime:0.0040s ]
SQL: select id,floor_num,floor_name from tb_meeting_floor  [ RunTime:0.0000s ]
INFO: [ app_end ] --START--
INFO: Run Behavior\ShowPageTraceBehavior [ RunTime:0.001000s ]
INFO: [ app_end ] --END-- [ RunTime:0.001000s ]

[ 2016-06-13T23:43:34+08:00 ] 10.12.243.7 /index.php?c=announce&a=see
INFO: [ app_init ] --START--
INFO: Run Behavior\BuildLiteBehavior [ RunTime:0.000000s ]
INFO: [ app_init ] --END-- [ RunTime:0.001000s ]
INFO: [ app_begin ] --START--
INFO: Run Behavior\ReadHtmlCacheBehavior [ RunTime:0.001000s ]
INFO: [ app_begin ] --END-- [ RunTime:0.001000s ]
SQL: SHOW COLUMNS FROM `tb_users` [ RunTime:0.0050s ]
SQL: SELECT `token` FROM `tb_users` WHERE ( id='50' )  [ RunTime:0.0010s ]
SQL: SHOW COLUMNS FROM `tb_announce` [ RunTime:0.0050s ]
SQL: select a.id,a.title,a.content,a.create_time,u.user_name,p.pic_url from tb_users as u,tb_announce as a,tb_user_pic as p where p.user_id=u.id and u.id=a.user_id  ORDER BY a.id desc  [ RunTime:0.0010s ]
SQL: SHOW COLUMNS FROM `tb_announce_read` [ RunTime:0.0050s ]
SQL: SELECT `announce_id` FROM `tb_announce_read` WHERE ( user_id='50' )  [ RunTime:0.0000s ]
SQL: SHOW COLUMNS FROM `tb_announce_pic_rel` [ RunTime:0.0040s ]
SQL: select p.pic_url from tb_announce_pic_rel r,tb_announce_pic p where r.pic_id=p.id and r.announce_id='238' [ RunTime:0.0000s ]
NOTIC: [8] Undefined offset: 0 D:\xampp\htdocs\office\Home\Controller\AnnounceController.class.php 第 93 行.
INFO: [ app_end ] --START--
INFO: Run Behavior\ShowPageTraceBehavior [ RunTime:0.001000s ]
INFO: [ app_end ] --END-- [ RunTime:0.001000s ]

[ 2016-06-13T23:43:36+08:00 ] 10.12.243.7 /index.php?c=announce&a=see
INFO: [ app_init ] --START--
INFO: Run Behavior\BuildLiteBehavior [ RunTime:0.000000s ]
INFO: [ app_init ] --END-- [ RunTime:0.001000s ]
INFO: [ app_begin ] --START--
INFO: Run Behavior\ReadHtmlCacheBehavior [ RunTime:0.001000s ]
INFO: [ app_begin ] --END-- [ RunTime:0.001000s ]
SQL: SHOW COLUMNS FROM `tb_users` [ RunTime:0.0070s ]
SQL: SELECT `token` FROM `tb_users` WHERE ( id='50' )  [ RunTime:0.0000s ]
SQL: SHOW COLUMNS FROM `tb_announce` [ RunTime:0.0040s ]
SQL: select a.id,a.title,a.content,a.create_time,u.user_name,p.pic_url from tb_users as u,tb_announce as a,tb_user_pic as p where p.user_id=u.id and u.id=a.user_id  ORDER BY a.id desc  [ RunTime:0.0010s ]
SQL: SHOW COLUMNS FROM `tb_announce_read` [ RunTime:0.0050s ]
SQL: SELECT `announce_id` FROM `tb_announce_read` WHERE ( user_id='50' )  [ RunTime:0.0000s ]
SQL: SHOW COLUMNS FROM `tb_announce_pic_rel` [ RunTime:0.0050s ]
SQL: select p.pic_url from tb_announce_pic_rel r,tb_announce_pic p where r.pic_id=p.id and r.announce_id='238' [ RunTime:0.0000s ]
NOTIC: [8] Undefined offset: 0 D:\xampp\htdocs\office\Home\Controller\AnnounceController.class.php 第 93 行.
INFO: [ app_end ] --START--
INFO: Run Behavior\ShowPageTraceBehavior [ RunTime:0.001000s ]
INFO: [ app_end ] --END-- [ RunTime:0.001000s ]

[ 2016-06-13T23:48:31+08:00 ] 10.12.243.7 /index.php?c=announce&a=see
INFO: [ app_init ] --START--
INFO: Run Behavior\BuildLiteBehavior [ RunTime:0.000000s ]
INFO: [ app_init ] --END-- [ RunTime:0.001000s ]
INFO: [ app_begin ] --START--
INFO: Run Behavior\ReadHtmlCacheBehavior [ RunTime:0.000000s ]
INFO: [ app_begin ] --END-- [ RunTime:0.000000s ]
SQL: SHOW COLUMNS FROM `tb_users` [ RunTime:0.0040s ]
SQL: SELECT `token` FROM `tb_users` WHERE ( id='49' )  [ RunTime:0.0000s ]
INFO: [ app_end ] --START--
INFO: Run Behavior\ShowPageTraceBehavior [ RunTime:0.001000s ]
INFO: [ app_end ] --END-- [ RunTime:0.001000s ]

[ 2016-06-13T23:48:39+08:00 ] 10.12.243.7 /index.php?c=login&a=login
INFO: [ app_init ] --START--
INFO: Run Behavior\BuildLiteBehavior [ RunTime:0.000000s ]
INFO: [ app_init ] --END-- [ RunTime:0.001000s ]
INFO: [ app_begin ] --START--
INFO: Run Behavior\ReadHtmlCacheBehavior [ RunTime:0.001000s ]
INFO: [ app_begin ] --END-- [ RunTime:0.001000s ]
SQL: SHOW COLUMNS FROM `tb_users` [ RunTime:0.0040s ]
SQL: SELECT * FROM `tb_users` WHERE ( user_name='user' )  [ RunTime:0.0000s ]
SQL: SHOW COLUMNS FROM `tb_users` [ RunTime:0.0040s ]
SQL: update tb_users set token='7e8d54bfeeac985cffc6404d539baa91' where user_name ='user' [ RunTime:0.0230s ]
SQL: select u.id,u.name,u.email,u.mobile,u.sex,u.birthday,u.token,t.role_name,t.level,p.pic_url from tb_users u,tb_user_role r,tb_user_pic p,tb_role t where u.id='49' and u.id=r.user_id and u.id=p.user_id and t.id=r.role_id [ RunTime:0.0010s ]
INFO: [ app_end ] --START--
INFO: Run Behavior\ShowPageTraceBehavior [ RunTime:0.000000s ]
INFO: [ app_end ] --END-- [ RunTime:0.001000s ]

[ 2016-06-13T23:48:39+08:00 ] 10.12.243.7 /index.php?c=announce&a=see
INFO: [ app_init ] --START--
INFO: Run Behavior\BuildLiteBehavior [ RunTime:0.000000s ]
INFO: [ app_init ] --END-- [ RunTime:0.001000s ]
INFO: [ app_begin ] --START--
INFO: Run Behavior\ReadHtmlCacheBehavior [ RunTime:0.001000s ]
INFO: [ app_begin ] --END-- [ RunTime:0.001000s ]
SQL: SHOW COLUMNS FROM `tb_users` [ RunTime:0.0040s ]
SQL: SELECT `token` FROM `tb_users` WHERE ( id='49' )  [ RunTime:0.0000s ]
SQL: SHOW COLUMNS FROM `tb_announce` [ RunTime:0.0040s ]
SQL: select a.id,a.title,a.content,a.create_time,u.user_name,p.pic_url from tb_users as u,tb_announce as a,tb_user_pic as p where p.user_id=u.id and u.id=a.user_id  ORDER BY a.id desc  [ RunTime:0.0010s ]
SQL: SHOW COLUMNS FROM `tb_announce_read` [ RunTime:0.0050s ]
SQL: SELECT `announce_id` FROM `tb_announce_read` WHERE ( user_id='49' )  [ RunTime:0.0000s ]
SQL: SHOW COLUMNS FROM `tb_announce_pic_rel` [ RunTime:0.0050s ]
SQL: select p.pic_url from tb_announce_pic_rel r,tb_announce_pic p where r.pic_id=p.id and r.announce_id='238' [ RunTime:0.0000s ]
NOTIC: [8] Undefined offset: 0 D:\xampp\htdocs\office\Home\Controller\AnnounceController.class.php 第 93 行.
INFO: [ app_end ] --START--
INFO: Run Behavior\ShowPageTraceBehavior [ RunTime:0.001000s ]
INFO: [ app_end ] --END-- [ RunTime:0.001000s ]

[ 2016-06-13T23:48:48+08:00 ] 10.12.243.7 /index.php?c=Sign&a=see
INFO: [ app_init ] --START--
INFO: Run Behavior\BuildLiteBehavior [ RunTime:0.000000s ]
INFO: [ app_init ] --END-- [ RunTime:0.001000s ]
INFO: [ app_begin ] --START--
INFO: Run Behavior\ReadHtmlCacheBehavior [ RunTime:0.001000s ]
INFO: [ app_begin ] --END-- [ RunTime:0.002000s ]
SQL: SHOW COLUMNS FROM `tb_users` [ RunTime:0.0050s ]
SQL: SELECT `token` FROM `tb_users` WHERE ( id='50' )  [ RunTime:0.0000s ]
NOTIC: [8] Undefined index: date D:\xampp\htdocs\office\Home\Controller\SignController.class.php 第 112 行.
SQL: SHOW COLUMNS FROM `tb_sign` [ RunTime:0.0050s ]
SQL: select time,week,x,y,place,remarks from tb_sign  where time like '%%' and user_id='50' order by time desc [ RunTime:0.0010s ]
INFO: [ app_end ] --START--
INFO: Run Behavior\ShowPageTraceBehavior [ RunTime:0.000000s ]
INFO: [ app_end ] --END-- [ RunTime:0.000000s ]

[ 2016-06-13T23:49:01+08:00 ] 10.12.243.7 /index.php?c=announce&a=see
INFO: [ app_init ] --START--
INFO: Run Behavior\BuildLiteBehavior [ RunTime:0.000000s ]
INFO: [ app_init ] --END-- [ RunTime:0.001000s ]
INFO: [ app_begin ] --START--
INFO: Run Behavior\ReadHtmlCacheBehavior [ RunTime:0.001000s ]
INFO: [ app_begin ] --END-- [ RunTime:0.001000s ]
SQL: SHOW COLUMNS FROM `tb_users` [ RunTime:0.0040s ]
SQL: SELECT `token` FROM `tb_users` WHERE ( id='49' )  [ RunTime:0.0000s ]
SQL: SHOW COLUMNS FROM `tb_announce` [ RunTime:0.0050s ]
SQL: select a.id,a.title,a.content,a.create_time,u.user_name,p.pic_url from tb_users as u,tb_announce as a,tb_user_pic as p where p.user_id=u.id and u.id=a.user_id  ORDER BY a.id desc  [ RunTime:0.0010s ]
SQL: SHOW COLUMNS FROM `tb_announce_read` [ RunTime:0.0040s ]
SQL: SELECT `announce_id` FROM `tb_announce_read` WHERE ( user_id='49' )  [ RunTime:0.0010s ]
SQL: SHOW COLUMNS FROM `tb_announce_pic_rel` [ RunTime:0.0050s ]
SQL: select p.pic_url from tb_announce_pic_rel r,tb_announce_pic p where r.pic_id=p.id and r.announce_id='238' [ RunTime:0.0000s ]
NOTIC: [8] Undefined offset: 0 D:\xampp\htdocs\office\Home\Controller\AnnounceController.class.php 第 93 行.
INFO: [ app_end ] --START--
INFO: Run Behavior\ShowPageTraceBehavior [ RunTime:0.001000s ]
INFO: [ app_end ] --END-- [ RunTime:0.001000s ]

[ 2016-06-13T23:49:17+08:00 ] 10.12.243.7 /index.php?c=announce&a=see
INFO: [ app_init ] --START--
INFO: Run Behavior\BuildLiteBehavior [ RunTime:0.000000s ]
INFO: [ app_init ] --END-- [ RunTime:0.001000s ]
INFO: [ app_begin ] --START--
INFO: Run Behavior\ReadHtmlCacheBehavior [ RunTime:0.001000s ]
INFO: [ app_begin ] --END-- [ RunTime:0.001000s ]
SQL: SHOW COLUMNS FROM `tb_users` [ RunTime:0.0040s ]
SQL: SELECT `token` FROM `tb_users` WHERE ( id='49' )  [ RunTime:0.0000s ]
INFO: [ app_end ] --START--
INFO: Run Behavior\ShowPageTraceBehavior [ RunTime:0.001000s ]
INFO: [ app_end ] --END-- [ RunTime:0.001000s ]

[ 2016-06-13T23:49:30+08:00 ] 10.12.243.7 /index.php?c=login&a=login
INFO: [ app_init ] --START--
INFO: Run Behavior\BuildLiteBehavior [ RunTime:0.000000s ]
INFO: [ app_init ] --END-- [ RunTime:0.000000s ]
INFO: [ app_begin ] --START--
INFO: Run Behavior\ReadHtmlCacheBehavior [ RunTime:0.000000s ]
INFO: [ app_begin ] --END-- [ RunTime:0.001000s ]
SQL: SHOW COLUMNS FROM `tb_users` [ RunTime:0.0050s ]
SQL: SELECT * FROM `tb_users` WHERE ( user_name='user' )  [ RunTime:0.0010s ]
SQL: SHOW COLUMNS FROM `tb_users` [ RunTime:0.0040s ]
SQL: update tb_users set token='256076232c5618dcd697eec461e2300f' where user_name ='user' [ RunTime:0.0270s ]
SQL: select u.id,u.name,u.email,u.mobile,u.sex,u.birthday,u.token,t.role_name,t.level,p.pic_url from tb_users u,tb_user_role r,tb_user_pic p,tb_role t where u.id='49' and u.id=r.user_id and u.id=p.user_id and t.id=r.role_id [ RunTime:0.0000s ]
INFO: [ app_end ] --START--
INFO: Run Behavior\ShowPageTraceBehavior [ RunTime:0.001000s ]
INFO: [ app_end ] --END-- [ RunTime:0.001000s ]

[ 2016-06-13T23:49:30+08:00 ] 10.12.243.7 /index.php?c=announce&a=see
INFO: [ app_init ] --START--
INFO: Run Behavior\BuildLiteBehavior [ RunTime:0.000000s ]
INFO: [ app_init ] --END-- [ RunTime:0.001001s ]
INFO: [ app_begin ] --START--
INFO: Run Behavior\ReadHtmlCacheBehavior [ RunTime:0.001000s ]
INFO: [ app_begin ] --END-- [ RunTime:0.001000s ]
SQL: SHOW COLUMNS FROM `tb_users` [ RunTime:0.0040s ]
SQL: SELECT `token` FROM `tb_users` WHERE ( id='49' )  [ RunTime:0.0000s ]
SQL: SHOW COLUMNS FROM `tb_announce` [ RunTime:0.0060s ]
SQL: select a.id,a.title,a.content,a.create_time,u.user_name,p.pic_url from tb_users as u,tb_announce as a,tb_user_pic as p where p.user_id=u.id and u.id=a.user_id  ORDER BY a.id desc  [ RunTime:0.0010s ]
SQL: SHOW COLUMNS FROM `tb_announce_read` [ RunTime:0.0050s ]
SQL: SELECT `announce_id` FROM `tb_announce_read` WHERE ( user_id='49' )  [ RunTime:0.0010s ]
SQL: SHOW COLUMNS FROM `tb_announce_pic_rel` [ RunTime:0.0050s ]
SQL: select p.pic_url from tb_announce_pic_rel r,tb_announce_pic p where r.pic_id=p.id and r.announce_id='238' [ RunTime:0.0010s ]
NOTIC: [8] Undefined offset: 0 D:\xampp\htdocs\office\Home\Controller\AnnounceController.class.php 第 93 行.
INFO: [ app_end ] --START--
INFO: Run Behavior\ShowPageTraceBehavior [ RunTime:0.000000s ]
INFO: [ app_end ] --END-- [ RunTime:0.000000s ]

[ 2016-06-13T23:49:36+08:00 ] 10.12.243.7 /index.php?c=announce&a=see
INFO: [ app_init ] --START--
INFO: Run Behavior\BuildLiteBehavior [ RunTime:0.000000s ]
INFO: [ app_init ] --END-- [ RunTime:0.000000s ]
INFO: [ app_begin ] --START--
INFO: Run Behavior\ReadHtmlCacheBehavior [ RunTime:0.000000s ]
INFO: [ app_begin ] --END-- [ RunTime:0.001000s ]
SQL: SHOW COLUMNS FROM `tb_users` [ RunTime:0.0040s ]
SQL: SELECT `token` FROM `tb_users` WHERE ( id='49' )  [ RunTime:0.0000s ]
INFO: [ app_end ] --START--
INFO: Run Behavior\ShowPageTraceBehavior [ RunTime:0.001000s ]
INFO: [ app_end ] --END-- [ RunTime:0.001000s ]

[ 2016-06-13T23:49:43+08:00 ] 10.12.243.7 /index.php?c=login&a=login
INFO: [ app_init ] --START--
INFO: Run Behavior\BuildLiteBehavior [ RunTime:0.000000s ]
INFO: [ app_init ] --END-- [ RunTime:0.000000s ]
INFO: [ app_begin ] --START--
INFO: Run Behavior\ReadHtmlCacheBehavior [ RunTime:0.000000s ]
INFO: [ app_begin ] --END-- [ RunTime:0.001000s ]
SQL: SHOW COLUMNS FROM `tb_users` [ RunTime:0.0050s ]
SQL: SELECT * FROM `tb_users` WHERE ( user_name='user' )  [ RunTime:0.0010s ]
SQL: SHOW COLUMNS FROM `tb_users` [ RunTime:0.0050s ]
SQL: update tb_users set token='fe86571de60eb173cf439585bc0ef03e' where user_name ='user' [ RunTime:0.0180s ]
SQL: select u.id,u.name,u.email,u.mobile,u.sex,u.birthday,u.token,t.role_name,t.level,p.pic_url from tb_users u,tb_user_role r,tb_user_pic p,tb_role t where u.id='49' and u.id=r.user_id and u.id=p.user_id and t.id=r.role_id [ RunTime:0.0000s ]
INFO: [ app_end ] --START--
INFO: Run Behavior\ShowPageTraceBehavior [ RunTime:0.001001s ]
INFO: [ app_end ] --END-- [ RunTime:0.001001s ]

[ 2016-06-13T23:49:43+08:00 ] 10.12.243.7 /index.php?c=announce&a=see
INFO: [ app_init ] --START--
INFO: Run Behavior\BuildLiteBehavior [ RunTime:0.000000s ]
INFO: [ app_init ] --END-- [ RunTime:0.001000s ]
INFO: [ app_begin ] --START--
INFO: Run Behavior\ReadHtmlCacheBehavior [ RunTime:0.001000s ]
INFO: [ app_begin ] --END-- [ RunTime:0.001000s ]
SQL: SHOW COLUMNS FROM `tb_users` [ RunTime:0.0050s ]
SQL: SELECT `token` FROM `tb_users` WHERE ( id='49' )  [ RunTime:0.0010s ]
SQL: SHOW COLUMNS FROM `tb_announce` [ RunTime:0.0040s ]
SQL: select a.id,a.title,a.content,a.create_time,u.user_name,p.pic_url from tb_users as u,tb_announce as a,tb_user_pic as p where p.user_id=u.id and u.id=a.user_id  ORDER BY a.id desc  [ RunTime:0.0000s ]
SQL: SHOW COLUMNS FROM `tb_announce_read` [ RunTime:0.0040s ]
SQL: SELECT `announce_id` FROM `tb_announce_read` WHERE ( user_id='49' )  [ RunTime:0.0000s ]
SQL: SHOW COLUMNS FROM `tb_announce_pic_rel` [ RunTime:0.0050s ]
SQL: select p.pic_url from tb_announce_pic_rel r,tb_announce_pic p where r.pic_id=p.id and r.announce_id='238' [ RunTime:0.0000s ]
NOTIC: [8] Undefined offset: 0 D:\xampp\htdocs\office\Home\Controller\AnnounceController.class.php 第 93 行.
INFO: [ app_end ] --START--
INFO: Run Behavior\ShowPageTraceBehavior [ RunTime:0.001000s ]
INFO: [ app_end ] --END-- [ RunTime:0.001000s ]

[ 2016-06-13T23:49:45+08:00 ] 10.12.243.7 /index.php?c=announce&a=see
INFO: [ app_init ] --START--
INFO: Run Behavior\BuildLiteBehavior [ RunTime:0.000000s ]
INFO: [ app_init ] --END-- [ RunTime:0.000000s ]
INFO: [ app_begin ] --START--
INFO: Run Behavior\ReadHtmlCacheBehavior [ RunTime:0.000000s ]
INFO: [ app_begin ] --END-- [ RunTime:0.000000s ]
SQL: SHOW COLUMNS FROM `tb_users` [ RunTime:0.0050s ]
SQL: SELECT `token` FROM `tb_users` WHERE ( id='49' )  [ RunTime:0.0000s ]
SQL: SHOW COLUMNS FROM `tb_announce` [ RunTime:0.0050s ]
SQL: select a.id,a.title,a.content,a.create_time,u.user_name,p.pic_url from tb_users as u,tb_announce as a,tb_user_pic as p where p.user_id=u.id and u.id=a.user_id  ORDER BY a.id desc  [ RunTime:0.0010s ]
SQL: SHOW COLUMNS FROM `tb_announce_read` [ RunTime:0.0040s ]
SQL: SELECT `announce_id` FROM `tb_announce_read` WHERE ( user_id='49' )  [ RunTime:0.0010s ]
SQL: SHOW COLUMNS FROM `tb_announce_pic_rel` [ RunTime:0.0040s ]
SQL: select p.pic_url from tb_announce_pic_rel r,tb_announce_pic p where r.pic_id=p.id and r.announce_id='238' [ RunTime:0.0000s ]
NOTIC: [8] Undefined offset: 0 D:\xampp\htdocs\office\Home\Controller\AnnounceController.class.php 第 93 行.
INFO: [ app_end ] --START--
INFO: Run Behavior\ShowPageTraceBehavior [ RunTime:0.001000s ]
INFO: [ app_end ] --END-- [ RunTime:0.001000s ]

[ 2016-06-13T23:49:56+08:00 ] 10.12.243.7 /index.php?c=Approval&a=see_apply
INFO: [ app_init ] --START--
INFO: Run Behavior\BuildLiteBehavior [ RunTime:0.000000s ]
INFO: [ app_init ] --END-- [ RunTime:0.001000s ]
INFO: [ app_begin ] --START--
INFO: Run Behavior\ReadHtmlCacheBehavior [ RunTime:0.001000s ]
INFO: [ app_begin ] --END-- [ RunTime:0.001000s ]
SQL: SHOW COLUMNS FROM `tb_users` [ RunTime:0.0050s ]
SQL: SELECT `token` FROM `tb_users` WHERE ( id='49' )  [ RunTime:0.0010s ]
INFO: [ app_end ] --START--
INFO: Run Behavior\ShowPageTraceBehavior [ RunTime:0.000000s ]
INFO: [ app_end ] --END-- [ RunTime:0.000000s ]

[ 2016-06-13T23:50:08+08:00 ] 10.12.243.7 /index.php?c=Meeting&a=myApply
INFO: [ app_init ] --START--
INFO: Run Behavior\BuildLiteBehavior [ RunTime:0.000000s ]
INFO: [ app_init ] --END-- [ RunTime:0.001000s ]
INFO: [ app_begin ] --START--
INFO: Run Behavior\ReadHtmlCacheBehavior [ RunTime:0.001000s ]
INFO: [ app_begin ] --END-- [ RunTime:0.001000s ]
SQL: SHOW COLUMNS FROM `tb_users` [ RunTime:0.0060s ]
SQL: SELECT `token` FROM `tb_users` WHERE ( id='49' )  [ RunTime:0.0000s ]
SQL: SHOW COLUMNS FROM `tb_approval` [ RunTime:0.0050s ]
SQL: select u.user_name,a.id,a.approver,a.state,a.app_time,a.view,a.approval_time,m.room_id,m.start,m.end,m.title,m.content from tb_approval a,tb_meeting_app m,tb_users u where u.id=a.user_id and a.user_id='49' and app_type=4 and a.id=m.app_id order by a.id desc [ RunTime:0.0010s ]
INFO: [ app_end ] --START--
INFO: Run Behavior\ShowPageTraceBehavior [ RunTime:0.001000s ]
INFO: [ app_end ] --END-- [ RunTime:0.001000s ]

[ 2016-06-13T23:50:10+08:00 ] 10.12.243.7 /index.php?c=login&a=login
INFO: [ app_init ] --START--
INFO: Run Behavior\BuildLiteBehavior [ RunTime:0.000000s ]
INFO: [ app_init ] --END-- [ RunTime:0.001000s ]
INFO: [ app_begin ] --START--
INFO: Run Behavior\ReadHtmlCacheBehavior [ RunTime:0.001000s ]
INFO: [ app_begin ] --END-- [ RunTime:0.001000s ]
SQL: SHOW COLUMNS FROM `tb_users` [ RunTime:0.0040s ]
SQL: SELECT * FROM `tb_users` WHERE ( user_name='user' )  [ RunTime:0.0000s ]
SQL: SHOW COLUMNS FROM `tb_users` [ RunTime:0.0040s ]
SQL: update tb_users set token='b00eee1ca6fe213227591e19ccec31f0' where user_name ='user' [ RunTime:0.0180s ]
SQL: select u.id,u.name,u.email,u.mobile,u.sex,u.birthday,u.token,t.role_name,t.level,p.pic_url from tb_users u,tb_user_role r,tb_user_pic p,tb_role t where u.id='49' and u.id=r.user_id and u.id=p.user_id and t.id=r.role_id [ RunTime:0.0010s ]
INFO: [ app_end ] --START--
INFO: Run Behavior\ShowPageTraceBehavior [ RunTime:0.001000s ]
INFO: [ app_end ] --END-- [ RunTime:0.001000s ]

[ 2016-06-13T23:50:10+08:00 ] 10.12.243.7 /index.php?c=announce&a=see
INFO: [ app_init ] --START--
INFO: Run Behavior\BuildLiteBehavior [ RunTime:0.000000s ]
INFO: [ app_init ] --END-- [ RunTime:0.001000s ]
INFO: [ app_begin ] --START--
INFO: Run Behavior\ReadHtmlCacheBehavior [ RunTime:0.001000s ]
INFO: [ app_begin ] --END-- [ RunTime:0.001000s ]
SQL: SHOW COLUMNS FROM `tb_users` [ RunTime:0.0050s ]
SQL: SELECT `token` FROM `tb_users` WHERE ( id='49' )  [ RunTime:0.0000s ]
SQL: SHOW COLUMNS FROM `tb_announce` [ RunTime:0.0050s ]
SQL: select a.id,a.title,a.content,a.create_time,u.user_name,p.pic_url from tb_users as u,tb_announce as a,tb_user_pic as p where p.user_id=u.id and u.id=a.user_id  ORDER BY a.id desc  [ RunTime:0.0010s ]
SQL: SHOW COLUMNS FROM `tb_announce_read` [ RunTime:0.0040s ]
SQL: SELECT `announce_id` FROM `tb_announce_read` WHERE ( user_id='49' )  [ RunTime:0.0000s ]
SQL: SHOW COLUMNS FROM `tb_announce_pic_rel` [ RunTime:0.0050s ]
SQL: select p.pic_url from tb_announce_pic_rel r,tb_announce_pic p where r.pic_id=p.id and r.announce_id='238' [ RunTime:0.0000s ]
NOTIC: [8] Undefined offset: 0 D:\xampp\htdocs\office\Home\Controller\AnnounceController.class.php 第 93 行.
INFO: [ app_end ] --START--
INFO: Run Behavior\ShowPageTraceBehavior [ RunTime:0.000000s ]
INFO: [ app_end ] --END-- [ RunTime:0.000000s ]

[ 2016-06-13T23:50:13+08:00 ] 10.12.243.7 /index.php?c=Sign&a=see
INFO: [ app_init ] --START--
INFO: Run Behavior\BuildLiteBehavior [ RunTime:0.000000s ]
INFO: [ app_init ] --END-- [ RunTime:0.001000s ]
INFO: [ app_begin ] --START--
INFO: Run Behavior\ReadHtmlCacheBehavior [ RunTime:0.001000s ]
INFO: [ app_begin ] --END-- [ RunTime:0.001000s ]
SQL: SHOW COLUMNS FROM `tb_users` [ RunTime:0.0040s ]
SQL: SELECT `token` FROM `tb_users` WHERE ( id='49' )  [ RunTime:0.0000s ]
INFO: [ app_end ] --START--
INFO: Run Behavior\ShowPageTraceBehavior [ RunTime:0.001000s ]
INFO: [ app_end ] --END-- [ RunTime:0.001000s ]

[ 2016-06-13T23:50:14+08:00 ] 10.12.243.7 /index.php?c=Sign&a=date
INFO: [ app_init ] --START--
INFO: Run Behavior\BuildLiteBehavior [ RunTime:0.000000s ]
INFO: [ app_init ] --END-- [ RunTime:0.001000s ]
INFO: [ app_begin ] --START--
INFO: Run Behavior\ReadHtmlCacheBehavior [ RunTime:0.001000s ]
INFO: [ app_begin ] --END-- [ RunTime:0.001000s ]
SQL: SHOW COLUMNS FROM `tb_users` [ RunTime:0.0050s ]
SQL: SELECT `token` FROM `tb_users` WHERE ( id='49' )  [ RunTime:0.0010s ]
SQL: SHOW COLUMNS FROM `tb_sign` [ RunTime:0.0050s ]
SQL: select time from tb_sign  where time like '%2016-06%' and user_id='49' order by time desc [ RunTime:0.0010s ]
INFO: [ app_end ] --START--
INFO: Run Behavior\ShowPageTraceBehavior [ RunTime:0.001000s ]
INFO: [ app_end ] --END-- [ RunTime:0.001000s ]

[ 2016-06-13T23:50:18+08:00 ] 10.12.243.7 /index.php?c=login&a=login
INFO: [ app_init ] --START--
INFO: Run Behavior\BuildLiteBehavior [ RunTime:0.000000s ]
INFO: [ app_init ] --END-- [ RunTime:0.000000s ]
INFO: [ app_begin ] --START--
INFO: Run Behavior\ReadHtmlCacheBehavior [ RunTime:0.001000s ]
INFO: [ app_begin ] --END-- [ RunTime:0.001000s ]
SQL: SHOW COLUMNS FROM `tb_users` [ RunTime:0.0050s ]
SQL: SELECT * FROM `tb_users` WHERE ( user_name='user' )  [ RunTime:0.0000s ]
SQL: SHOW COLUMNS FROM `tb_users` [ RunTime:0.0050s ]
SQL: update tb_users set token='717d27c304dc74b32559df4224ea8c00' where user_name ='user' [ RunTime:0.0260s ]
SQL: select u.id,u.name,u.email,u.mobile,u.sex,u.birthday,u.token,t.role_name,t.level,p.pic_url from tb_users u,tb_user_role r,tb_user_pic p,tb_role t where u.id='49' and u.id=r.user_id and u.id=p.user_id and t.id=r.role_id [ RunTime:0.0010s ]
INFO: [ app_end ] --START--
INFO: Run Behavior\ShowPageTraceBehavior [ RunTime:0.001000s ]
INFO: [ app_end ] --END-- [ RunTime:0.001000s ]

[ 2016-06-13T23:50:18+08:00 ] 10.12.243.7 /index.php?c=announce&a=see
INFO: [ app_init ] --START--
INFO: Run Behavior\BuildLiteBehavior [ RunTime:0.000000s ]
INFO: [ app_init ] --END-- [ RunTime:0.000000s ]
INFO: [ app_begin ] --START--
INFO: Run Behavior\ReadHtmlCacheBehavior [ RunTime:0.001000s ]
INFO: [ app_begin ] --END-- [ RunTime:0.001000s ]
SQL: SHOW COLUMNS FROM `tb_users` [ RunTime:0.0050s ]
SQL: SELECT `token` FROM `tb_users` WHERE ( id='49' )  [ RunTime:0.0010s ]
SQL: SHOW COLUMNS FROM `tb_announce` [ RunTime:0.0040s ]
SQL: select a.id,a.title,a.content,a.create_time,u.user_name,p.pic_url from tb_users as u,tb_announce as a,tb_user_pic as p where p.user_id=u.id and u.id=a.user_id  ORDER BY a.id desc  [ RunTime:0.0000s ]
SQL: SHOW COLUMNS FROM `tb_announce_read` [ RunTime:0.0040s ]
SQL: SELECT `announce_id` FROM `tb_announce_read` WHERE ( user_id='49' )  [ RunTime:0.0000s ]
SQL: SHOW COLUMNS FROM `tb_announce_pic_rel` [ RunTime:0.0040s ]
SQL: select p.pic_url from tb_announce_pic_rel r,tb_announce_pic p where r.pic_id=p.id and r.announce_id='238' [ RunTime:0.0000s ]
NOTIC: [8] Undefined offset: 0 D:\xampp\htdocs\office\Home\Controller\AnnounceController.class.php 第 93 行.
INFO: [ app_end ] --START--
INFO: Run Behavior\ShowPageTraceBehavior [ RunTime:0.001000s ]
INFO: [ app_end ] --END-- [ RunTime:0.001000s ]

[ 2016-06-13T23:50:29+08:00 ] 10.12.243.7 /index.php?c=Sign&a=see
INFO: [ app_init ] --START--
INFO: Run Behavior\BuildLiteBehavior [ RunTime:0.001000s ]
INFO: [ app_init ] --END-- [ RunTime:0.001000s ]
INFO: [ app_begin ] --START--
INFO: Run Behavior\ReadHtmlCacheBehavior [ RunTime:0.001000s ]
INFO: [ app_begin ] --END-- [ RunTime:0.001000s ]
SQL: SHOW COLUMNS FROM `tb_users` [ RunTime:0.0040s ]
SQL: SELECT `token` FROM `tb_users` WHERE ( id='49' )  [ RunTime:0.0000s ]
INFO: [ app_end ] --START--
INFO: Run Behavior\ShowPageTraceBehavior [ RunTime:0.001000s ]
INFO: [ app_end ] --END-- [ RunTime:0.001000s ]

[ 2016-06-13T23:50:37+08:00 ] 10.12.243.7 /index.php?c=Meeting&a=myApply
INFO: [ app_init ] --START--
INFO: Run Behavior\BuildLiteBehavior [ RunTime:0.000000s ]
INFO: [ app_init ] --END-- [ RunTime:0.001000s ]
INFO: [ app_begin ] --START--
INFO: Run Behavior\ReadHtmlCacheBehavior [ RunTime:0.001000s ]
INFO: [ app_begin ] --END-- [ RunTime:0.001000s ]
SQL: SHOW COLUMNS FROM `tb_users` [ RunTime:0.0050s ]
SQL: SELECT `token` FROM `tb_users` WHERE ( id='49' )  [ RunTime:0.0000s ]
INFO: [ app_end ] --START--
INFO: Run Behavior\ShowPageTraceBehavior [ RunTime:0.001000s ]
INFO: [ app_end ] --END-- [ RunTime:0.001000s ]

[ 2016-06-13T23:50:40+08:00 ] 10.12.243.7 /index.php?c=Sign&a=date
INFO: [ app_init ] --START--
INFO: Run Behavior\BuildLiteBehavior [ RunTime:0.000000s ]
INFO: [ app_init ] --END-- [ RunTime:0.000000s ]
INFO: [ app_begin ] --START--
INFO: Run Behavior\ReadHtmlCacheBehavior [ RunTime:0.001000s ]
INFO: [ app_begin ] --END-- [ RunTime:0.001000s ]
SQL: SHOW COLUMNS FROM `tb_users` [ RunTime:0.0050s ]
SQL: SELECT `token` FROM `tb_users` WHERE ( id='49' )  [ RunTime:0.0000s ]
SQL: SHOW COLUMNS FROM `tb_sign` [ RunTime:0.0040s ]
SQL: select time from tb_sign  where time like '%2016-06%' and user_id='49' order by time desc [ RunTime:0.0000s ]
INFO: [ app_end ] --START--
INFO: Run Behavior\ShowPageTraceBehavior [ RunTime:0.001000s ]
INFO: [ app_end ] --END-- [ RunTime:0.001000s ]

[ 2016-06-13T23:50:42+08:00 ] 10.12.243.7 /index.php?c=login&a=login
INFO: [ app_init ] --START--
INFO: Run Behavior\BuildLiteBehavior [ RunTime:0.000000s ]
INFO: [ app_init ] --END-- [ RunTime:0.001000s ]
INFO: [ app_begin ] --START--
INFO: Run Behavior\ReadHtmlCacheBehavior [ RunTime:0.000000s ]
INFO: [ app_begin ] --END-- [ RunTime:0.001000s ]
SQL: SHOW COLUMNS FROM `tb_users` [ RunTime:0.0050s ]
SQL: SELECT * FROM `tb_users` WHERE ( user_name='user' )  [ RunTime:0.0010s ]
SQL: SHOW COLUMNS FROM `tb_users` [ RunTime:0.0040s ]
SQL: update tb_users set token='1849f6a2898314418e65946f84df5e1e' where user_name ='user' [ RunTime:0.0270s ]
SQL: select u.id,u.name,u.email,u.mobile,u.sex,u.birthday,u.token,t.role_name,t.level,p.pic_url from tb_users u,tb_user_role r,tb_user_pic p,tb_role t where u.id='49' and u.id=r.user_id and u.id=p.user_id and t.id=r.role_id [ RunTime:0.0000s ]
INFO: [ app_end ] --START--
INFO: Run Behavior\ShowPageTraceBehavior [ RunTime:0.000000s ]
INFO: [ app_end ] --END-- [ RunTime:0.000000s ]

[ 2016-06-13T23:50:42+08:00 ] 10.12.243.7 /index.php?c=announce&a=see
INFO: [ app_init ] --START--
INFO: Run Behavior\BuildLiteBehavior [ RunTime:0.000000s ]
INFO: [ app_init ] --END-- [ RunTime:0.001000s ]
INFO: [ app_begin ] --START--
INFO: Run Behavior\ReadHtmlCacheBehavior [ RunTime:0.000000s ]
INFO: [ app_begin ] --END-- [ RunTime:0.000000s ]
SQL: SHOW COLUMNS FROM `tb_users` [ RunTime:0.0040s ]
SQL: SELECT `token` FROM `tb_users` WHERE ( id='49' )  [ RunTime:0.0000s ]
SQL: SHOW COLUMNS FROM `tb_announce` [ RunTime:0.0050s ]
SQL: select a.id,a.title,a.content,a.create_time,u.user_name,p.pic_url from tb_users as u,tb_announce as a,tb_user_pic as p where p.user_id=u.id and u.id=a.user_id  ORDER BY a.id desc  [ RunTime:0.0000s ]
SQL: SHOW COLUMNS FROM `tb_announce_read` [ RunTime:0.0040s ]
SQL: SELECT `announce_id` FROM `tb_announce_read` WHERE ( user_id='49' )  [ RunTime:0.0000s ]
SQL: SHOW COLUMNS FROM `tb_announce_pic_rel` [ RunTime:0.0040s ]
SQL: select p.pic_url from tb_announce_pic_rel r,tb_announce_pic p where r.pic_id=p.id and r.announce_id='238' [ RunTime:0.0010s ]
NOTIC: [8] Undefined offset: 0 D:\xampp\htdocs\office\Home\Controller\AnnounceController.class.php 第 93 行.
INFO: [ app_end ] --START--
INFO: Run Behavior\ShowPageTraceBehavior [ RunTime:0.001000s ]
INFO: [ app_end ] --END-- [ RunTime:0.001000s ]

[ 2016-06-13T23:51:23+08:00 ] 10.12.243.7 /index.php?c=Meeting&a=seeMeeting
INFO: [ app_init ] --START--
INFO: Run Behavior\BuildLiteBehavior [ RunTime:0.000000s ]
INFO: [ app_init ] --END-- [ RunTime:0.000000s ]
INFO: [ app_begin ] --START--
INFO: Run Behavior\ReadHtmlCacheBehavior [ RunTime:0.001000s ]
INFO: [ app_begin ] --END-- [ RunTime:0.001000s ]
SQL: SHOW COLUMNS FROM `tb_users` [ RunTime:0.0050s ]
SQL: SELECT `token` FROM `tb_users` WHERE ( id='49' )  [ RunTime:0.0000s ]
INFO: [ app_end ] --START--
INFO: Run Behavior\ShowPageTraceBehavior [ RunTime:0.000000s ]
INFO: [ app_end ] --END-- [ RunTime:0.000000s ]

[ 2016-06-13T23:51:27+08:00 ] 10.12.243.7 /index.php?c=login&a=login
INFO: [ app_init ] --START--
INFO: Run Behavior\BuildLiteBehavior [ RunTime:0.000000s ]
INFO: [ app_init ] --END-- [ RunTime:0.001001s ]
INFO: [ app_begin ] --START--
INFO: Run Behavior\ReadHtmlCacheBehavior [ RunTime:0.001000s ]
INFO: [ app_begin ] --END-- [ RunTime:0.001000s ]
SQL: SHOW COLUMNS FROM `tb_users` [ RunTime:0.0040s ]
SQL: SELECT * FROM `tb_users` WHERE ( user_name='user' )  [ RunTime:0.0000s ]
SQL: SHOW COLUMNS FROM `tb_users` [ RunTime:0.0050s ]
SQL: update tb_users set token='9c4c42d74d53ca0b40052e9655fe77b3' where user_name ='user' [ RunTime:0.0170s ]
SQL: select u.id,u.name,u.email,u.mobile,u.sex,u.birthday,u.token,t.role_name,t.level,p.pic_url from tb_users u,tb_user_role r,tb_user_pic p,tb_role t where u.id='49' and u.id=r.user_id and u.id=p.user_id and t.id=r.role_id [ RunTime:0.0000s ]
INFO: [ app_end ] --START--
INFO: Run Behavior\ShowPageTraceBehavior [ RunTime:0.001000s ]
INFO: [ app_end ] --END-- [ RunTime:0.001000s ]

[ 2016-06-13T23:51:27+08:00 ] 10.12.243.7 /index.php?c=announce&a=see
INFO: [ app_init ] --START--
INFO: Run Behavior\BuildLiteBehavior [ RunTime:0.000000s ]
INFO: [ app_init ] --END-- [ RunTime:0.000000s ]
INFO: [ app_begin ] --START--
INFO: Run Behavior\ReadHtmlCacheBehavior [ RunTime:0.000000s ]
INFO: [ app_begin ] --END-- [ RunTime:0.000000s ]
SQL: SHOW COLUMNS FROM `tb_users` [ RunTime:0.0070s ]
SQL: SELECT `token` FROM `tb_users` WHERE ( id='49' )  [ RunTime:0.0010s ]
SQL: SHOW COLUMNS FROM `tb_announce` [ RunTime:0.0050s ]
SQL: select a.id,a.title,a.content,a.create_time,u.user_name,p.pic_url from tb_users as u,tb_announce as a,tb_user_pic as p where p.user_id=u.id and u.id=a.user_id  ORDER BY a.id desc  [ RunTime:0.0010s ]
SQL: SHOW COLUMNS FROM `tb_announce_read` [ RunTime:0.0050s ]
SQL: SELECT `announce_id` FROM `tb_announce_read` WHERE ( user_id='49' )  [ RunTime:0.0000s ]
SQL: SHOW COLUMNS FROM `tb_announce_pic_rel` [ RunTime:0.0060s ]
SQL: select p.pic_url from tb_announce_pic_rel r,tb_announce_pic p where r.pic_id=p.id and r.announce_id='238' [ RunTime:0.0000s ]
NOTIC: [8] Undefined offset: 0 D:\xampp\htdocs\office\Home\Controller\AnnounceController.class.php 第 93 行.
INFO: [ app_end ] --START--
INFO: Run Behavior\ShowPageTraceBehavior [ RunTime:0.001000s ]
INFO: [ app_end ] --END-- [ RunTime:0.001000s ]

[ 2016-06-13T23:51:29+08:00 ] 10.12.243.7 /index.php?c=Sign&a=date
INFO: [ app_init ] --START--
INFO: Run Behavior\BuildLiteBehavior [ RunTime:0.000000s ]
INFO: [ app_init ] --END-- [ RunTime:0.001000s ]
INFO: [ app_begin ] --START--
INFO: Run Behavior\ReadHtmlCacheBehavior [ RunTime:0.001000s ]
INFO: [ app_begin ] --END-- [ RunTime:0.001000s ]
SQL: SHOW COLUMNS FROM `tb_users` [ RunTime:0.0050s ]
SQL: SELECT `token` FROM `tb_users` WHERE ( id='49' )  [ RunTime:0.0000s ]
SQL: SHOW COLUMNS FROM `tb_sign` [ RunTime:0.0050s ]
SQL: select time from tb_sign  where time like '%2016-06%' and user_id='49' order by time desc [ RunTime:0.0000s ]
INFO: [ app_end ] --START--
INFO: Run Behavior\ShowPageTraceBehavior [ RunTime:0.001000s ]
INFO: [ app_end ] --END-- [ RunTime:0.001000s ]

[ 2016-06-13T23:51:32+08:00 ] 10.12.243.7 /index.php?c=Meeting&a=seeMeeting
INFO: [ app_init ] --START--
INFO: Run Behavior\BuildLiteBehavior [ RunTime:0.000000s ]
INFO: [ app_init ] --END-- [ RunTime:0.001000s ]
INFO: [ app_begin ] --START--
INFO: Run Behavior\ReadHtmlCacheBehavior [ RunTime:0.001000s ]
INFO: [ app_begin ] --END-- [ RunTime:0.001000s ]
SQL: SHOW COLUMNS FROM `tb_users` [ RunTime:0.0040s ]
SQL: SELECT `token` FROM `tb_users` WHERE ( id='49' )  [ RunTime:0.0000s ]
SQL: SHOW COLUMNS FROM `tb_approval` [ RunTime:0.0040s ]
SQL: select a.id,u.user_name,a.approver,a.state,a.app_time,a.view,a.approval_time,m.room_id,m.start,m.end,m.title,m.content from tb_approval a,tb_meeting_app m,tb_users u where a.id=m.app_id and u.id=a.user_id and m.room_id='10' and a.state in('0','1') and m.start >'2016-06-13' or m.start='2016-06-13' order by a.app_time asc [ RunTime:0.0000s ]
INFO: [ app_end ] --START--
INFO: Run Behavior\ShowPageTraceBehavior [ RunTime:0.000000s ]
INFO: [ app_end ] --END-- [ RunTime:0.000000s ]

[ 2016-06-13T23:51:35+08:00 ] 10.12.243.7 /index.php?c=Meeting&a=seeMeeting
INFO: [ app_init ] --START--
INFO: Run Behavior\BuildLiteBehavior [ RunTime:0.000000s ]
INFO: [ app_init ] --END-- [ RunTime:0.000000s ]
INFO: [ app_begin ] --START--
INFO: Run Behavior\ReadHtmlCacheBehavior [ RunTime:0.000000s ]
INFO: [ app_begin ] --END-- [ RunTime:0.000000s ]
SQL: SHOW COLUMNS FROM `tb_users` [ RunTime:0.0040s ]
SQL: SELECT `token` FROM `tb_users` WHERE ( id='49' )  [ RunTime:0.0000s ]
SQL: SHOW COLUMNS FROM `tb_approval` [ RunTime:0.0040s ]
SQL: select a.id,u.user_name,a.approver,a.state,a.app_time,a.view,a.approval_time,m.room_id,m.start,m.end,m.title,m.content from tb_approval a,tb_meeting_app m,tb_users u where a.id=m.app_id and u.id=a.user_id and m.room_id='10' and a.state in('0','1') and m.start >'2016-06-13' or m.start='2016-06-13' order by a.app_time asc [ RunTime:0.0000s ]
INFO: [ app_end ] --START--
INFO: Run Behavior\ShowPageTraceBehavior [ RunTime:0.001000s ]
INFO: [ app_end ] --END-- [ RunTime:0.001000s ]

[ 2016-06-13T23:51:44+08:00 ] 10.12.243.7 /index.php?c=Meeting&a=seeMeeting
INFO: [ app_init ] --START--
INFO: Run Behavior\BuildLiteBehavior [ RunTime:0.000000s ]
INFO: [ app_init ] --END-- [ RunTime:0.001000s ]
INFO: [ app_begin ] --START--
INFO: Run Behavior\ReadHtmlCacheBehavior [ RunTime:0.001000s ]
INFO: [ app_begin ] --END-- [ RunTime:0.001000s ]
SQL: SHOW COLUMNS FROM `tb_users` [ RunTime:0.0050s ]
SQL: SELECT `token` FROM `tb_users` WHERE ( id='49' )  [ RunTime:0.0010s ]
SQL: SHOW COLUMNS FROM `tb_approval` [ RunTime:0.0050s ]
SQL: select a.id,u.user_name,a.approver,a.state,a.app_time,a.view,a.approval_time,m.room_id,m.start,m.end,m.title,m.content from tb_approval a,tb_meeting_app m,tb_users u where a.id=m.app_id and u.id=a.user_id and m.room_id='1' and a.state in('0','1') and m.start >'2016-06-13' or m.start='2016-06-13' order by a.app_time asc [ RunTime:0.0010s ]
INFO: [ app_end ] --START--
INFO: Run Behavior\ShowPageTraceBehavior [ RunTime:0.001000s ]
INFO: [ app_end ] --END-- [ RunTime:0.001000s ]

[ 2016-06-13T23:52:05+08:00 ] 10.12.243.7 /index.php?c=Meeting&a=findRooms
INFO: [ app_init ] --START--
INFO: Run Behavior\BuildLiteBehavior [ RunTime:0.000000s ]
INFO: [ app_init ] --END-- [ RunTime:0.001000s ]
INFO: [ app_begin ] --START--
INFO: Run Behavior\ReadHtmlCacheBehavior [ RunTime:0.001000s ]
INFO: [ app_begin ] --END-- [ RunTime:0.001000s ]
SQL: SHOW COLUMNS FROM `tb_users` [ RunTime:0.0050s ]
SQL: SELECT `token` FROM `tb_users` WHERE ( id='49' )  [ RunTime:0.0000s ]
NOTIC: [2] strpos() expects at least 2 parameters, 1 given D:\xampp\htdocs\office\Home\Controller\MeetingController.class.php 第 307 行.
SQL: SHOW COLUMNS FROM `tb_meeting_room` [ RunTime:0.0040s ]
SQL: select id from tb_meeting_room where floor_id= 1 [ RunTime:0.0000s ]
NOTIC: [8] Undefined variable: strIds D:\xampp\htdocs\office\Home\Controller\MeetingController.class.php 第 319 行.
SQL: SHOW COLUMNS FROM `tb_meeting_app` [ RunTime:0.0040s ]
SQL: select m.room_id,m.start,m.end from tb_approval a,tb_meeting_app m where m.start like '%2016-06-13%' and m.room_id in(1,2,3,4) and a.state in(0,1) and a.app_type=4 and a.id=m.app_id order by m.room_id desc [ RunTime:0.0010s ]
NOTIC: [8] Undefined index: apply D:\xampp\htdocs\office\Home\Controller\MeetingController.class.php 第 341 行.
NOTIC: [8] Undefined index: apply D:\xampp\htdocs\office\Home\Controller\MeetingController.class.php 第 341 行.
NOTIC: [8] Undefined index: apply D:\xampp\htdocs\office\Home\Controller\MeetingController.class.php 第 341 行.
NOTIC: [8] Undefined index: apply D:\xampp\htdocs\office\Home\Controller\MeetingController.class.php 第 341 行.
INFO: [ app_end ] --START--
INFO: Run Behavior\ShowPageTraceBehavior [ RunTime:0.001000s ]
INFO: [ app_end ] --END-- [ RunTime:0.001000s ]

[ 2016-06-13T23:52:35+08:00 ] 10.12.243.7 /index.php?c=Meeting&a=rooms
INFO: [ app_init ] --START--
INFO: Run Behavior\BuildLiteBehavior [ RunTime:0.000000s ]
INFO: [ app_init ] --END-- [ RunTime:0.001000s ]
INFO: [ app_begin ] --START--
INFO: Run Behavior\ReadHtmlCacheBehavior [ RunTime:0.001000s ]
INFO: [ app_begin ] --END-- [ RunTime:0.001000s ]
SQL: SHOW COLUMNS FROM `tb_users` [ RunTime:0.0050s ]
SQL: SELECT `token` FROM `tb_users` WHERE ( id='50' )  [ RunTime:0.0010s ]
SQL: SHOW COLUMNS FROM `tb_meeting_room` [ RunTime:0.0060s ]
SQL: select id,floor_id,room_num,seat,wifi,air_con,projector from tb_meeting_room  [ RunTime:0.0020s ]
INFO: [ app_end ] --START--
INFO: Run Behavior\ShowPageTraceBehavior [ RunTime:0.001000s ]
INFO: [ app_end ] --END-- [ RunTime:0.001000s ]

[ 2016-06-13T23:52:35+08:00 ] 10.12.243.7 /index.php?c=Meeting&a=floors
INFO: [ app_init ] --START--
INFO: Run Behavior\BuildLiteBehavior [ RunTime:0.000000s ]
INFO: [ app_init ] --END-- [ RunTime:0.001000s ]
INFO: [ app_begin ] --START--
INFO: Run Behavior\ReadHtmlCacheBehavior [ RunTime:0.001000s ]
INFO: [ app_begin ] --END-- [ RunTime:0.001000s ]
SQL: SHOW COLUMNS FROM `tb_users` [ RunTime:0.0050s ]
SQL: SELECT `token` FROM `tb_users` WHERE ( id='50' )  [ RunTime:0.0010s ]
SQL: SHOW COLUMNS FROM `tb_meeting_floor` [ RunTime:0.0050s ]
SQL: select id,floor_num,floor_name from tb_meeting_floor  [ RunTime:0.0000s ]
INFO: [ app_end ] --START--
INFO: Run Behavior\ShowPageTraceBehavior [ RunTime:0.000000s ]
INFO: [ app_end ] --END-- [ RunTime:0.000000s ]

[ 2016-06-13T23:52:36+08:00 ] 10.12.243.7 /index.php?c=announce&a=see
INFO: [ app_init ] --START--
INFO: Run Behavior\BuildLiteBehavior [ RunTime:0.000000s ]
INFO: [ app_init ] --END-- [ RunTime:0.001000s ]
INFO: [ app_begin ] --START--
INFO: Run Behavior\ReadHtmlCacheBehavior [ RunTime:0.001000s ]
INFO: [ app_begin ] --END-- [ RunTime:0.001000s ]
SQL: SHOW COLUMNS FROM `tb_users` [ RunTime:0.0050s ]
SQL: SELECT `token` FROM `tb_users` WHERE ( id='50' )  [ RunTime:0.0000s ]
SQL: SHOW COLUMNS FROM `tb_announce` [ RunTime:0.0040s ]
SQL: select a.id,a.title,a.content,a.create_time,u.user_name,p.pic_url from tb_users as u,tb_announce as a,tb_user_pic as p where p.user_id=u.id and u.id=a.user_id  ORDER BY a.id desc  [ RunTime:0.0010s ]
SQL: SHOW COLUMNS FROM `tb_announce_read` [ RunTime:0.0040s ]
SQL: SELECT `announce_id` FROM `tb_announce_read` WHERE ( user_id='50' )  [ RunTime:0.0010s ]
SQL: SHOW COLUMNS FROM `tb_announce_pic_rel` [ RunTime:0.0050s ]
SQL: select p.pic_url from tb_announce_pic_rel r,tb_announce_pic p where r.pic_id=p.id and r.announce_id='238' [ RunTime:0.0000s ]
NOTIC: [8] Undefined offset: 0 D:\xampp\htdocs\office\Home\Controller\AnnounceController.class.php 第 93 行.
INFO: [ app_end ] --START--
INFO: Run Behavior\ShowPageTraceBehavior [ RunTime:0.001000s ]
INFO: [ app_end ] --END-- [ RunTime:0.001000s ]

[ 2016-06-13T23:52:45+08:00 ] 10.12.243.7 /index.php?c=login&a=login
INFO: [ app_init ] --START--
INFO: Run Behavior\BuildLiteBehavior [ RunTime:0.000000s ]
INFO: [ app_init ] --END-- [ RunTime:0.001000s ]
INFO: [ app_begin ] --START--
INFO: Run Behavior\ReadHtmlCacheBehavior [ RunTime:0.001000s ]
INFO: [ app_begin ] --END-- [ RunTime:0.001000s ]
SQL: SHOW COLUMNS FROM `tb_users` [ RunTime:0.0040s ]
SQL: SELECT * FROM `tb_users` WHERE ( user_name='user' )  [ RunTime:0.0000s ]
SQL: SHOW COLUMNS FROM `tb_users` [ RunTime:0.0050s ]
SQL: update tb_users set token='f27269069e05ca762ecf5064843f2ea2' where user_name ='user' [ RunTime:0.0250s ]
SQL: select u.id,u.name,u.email,u.mobile,u.sex,u.birthday,u.token,t.role_name,t.level,p.pic_url from tb_users u,tb_user_role r,tb_user_pic p,tb_role t where u.id='49' and u.id=r.user_id and u.id=p.user_id and t.id=r.role_id [ RunTime:0.0000s ]
INFO: [ app_end ] --START--
INFO: Run Behavior\ShowPageTraceBehavior [ RunTime:0.001000s ]
INFO: [ app_end ] --END-- [ RunTime:0.001000s ]

[ 2016-06-13T23:52:45+08:00 ] 10.12.243.7 /index.php?c=announce&a=see
INFO: [ app_init ] --START--
INFO: Run Behavior\BuildLiteBehavior [ RunTime:0.000000s ]
INFO: [ app_init ] --END-- [ RunTime:0.001000s ]
INFO: [ app_begin ] --START--
INFO: Run Behavior\ReadHtmlCacheBehavior [ RunTime:0.000000s ]
INFO: [ app_begin ] --END-- [ RunTime:0.000000s ]
SQL: SHOW COLUMNS FROM `tb_users` [ RunTime:0.0040s ]
SQL: SELECT `token` FROM `tb_users` WHERE ( id='49' )  [ RunTime:0.0000s ]
SQL: SHOW COLUMNS FROM `tb_announce` [ RunTime:0.0050s ]
SQL: select a.id,a.title,a.content,a.create_time,u.user_name,p.pic_url from tb_users as u,tb_announce as a,tb_user_pic as p where p.user_id=u.id and u.id=a.user_id  ORDER BY a.id desc  [ RunTime:0.0000s ]
SQL: SHOW COLUMNS FROM `tb_announce_read` [ RunTime:0.0040s ]
SQL: SELECT `announce_id` FROM `tb_announce_read` WHERE ( user_id='49' )  [ RunTime:0.0000s ]
SQL: SHOW COLUMNS FROM `tb_announce_pic_rel` [ RunTime:0.0040s ]
SQL: select p.pic_url from tb_announce_pic_rel r,tb_announce_pic p where r.pic_id=p.id and r.announce_id='238' [ RunTime:0.0000s ]
NOTIC: [8] Undefined offset: 0 D:\xampp\htdocs\office\Home\Controller\AnnounceController.class.php 第 93 行.
INFO: [ app_end ] --START--
INFO: Run Behavior\ShowPageTraceBehavior [ RunTime:0.001000s ]
INFO: [ app_end ] --END-- [ RunTime:0.001000s ]

[ 2016-06-13T23:52:51+08:00 ] 10.12.243.7 /index.php?c=Meeting&a=seeMeeting
INFO: [ app_init ] --START--
INFO: Run Behavior\BuildLiteBehavior [ RunTime:0.000000s ]
INFO: [ app_init ] --END-- [ RunTime:0.001000s ]
INFO: [ app_begin ] --START--
INFO: Run Behavior\ReadHtmlCacheBehavior [ RunTime:0.001000s ]
INFO: [ app_begin ] --END-- [ RunTime:0.001000s ]
SQL: SHOW COLUMNS FROM `tb_users` [ RunTime:0.0050s ]
SQL: SELECT `token` FROM `tb_users` WHERE ( id='49' )  [ RunTime:0.0000s ]
SQL: SHOW COLUMNS FROM `tb_approval` [ RunTime:0.0050s ]
SQL: select a.id,u.user_name,a.approver,a.state,a.app_time,a.view,a.approval_time,m.room_id,m.start,m.end,m.title,m.content from tb_approval a,tb_meeting_app m,tb_users u where a.id=m.app_id and u.id=a.user_id and m.room_id='6' and a.state in('0','1') and m.start >'2016-06-13' or m.start='2016-06-13' order by a.app_time asc [ RunTime:0.0010s ]
INFO: [ app_end ] --START--
INFO: Run Behavior\ShowPageTraceBehavior [ RunTime:0.000000s ]
INFO: [ app_end ] --END-- [ RunTime:0.000000s ]

[ 2016-06-13T23:53:34+08:00 ] 10.12.243.7 /index.php?c=Meeting&a=findRooms
INFO: [ app_init ] --START--
INFO: Run Behavior\BuildLiteBehavior [ RunTime:0.001000s ]
INFO: [ app_init ] --END-- [ RunTime:0.001000s ]
INFO: [ app_begin ] --START--
INFO: Run Behavior\ReadHtmlCacheBehavior [ RunTime:0.000000s ]
INFO: [ app_begin ] --END-- [ RunTime:0.000000s ]
SQL: SHOW COLUMNS FROM `tb_users` [ RunTime:0.0050s ]
SQL: SELECT `token` FROM `tb_users` WHERE ( id='49' )  [ RunTime:0.0010s ]
INFO: [ app_end ] --START--
INFO: Run Behavior\ShowPageTraceBehavior [ RunTime:0.001000s ]
INFO: [ app_end ] --END-- [ RunTime:0.001000s ]

[ 2016-06-13T23:54:12+08:00 ] 10.12.243.7 /index.php?c=login&a=login
INFO: [ app_init ] --START--
INFO: Run Behavior\BuildLiteBehavior [ RunTime:0.000000s ]
INFO: [ app_init ] --END-- [ RunTime:0.000000s ]
INFO: [ app_begin ] --START--
INFO: Run Behavior\ReadHtmlCacheBehavior [ RunTime:0.001000s ]
INFO: [ app_begin ] --END-- [ RunTime:0.001000s ]
SQL: SHOW COLUMNS FROM `tb_users` [ RunTime:0.0040s ]
SQL: SELECT * FROM `tb_users` WHERE ( user_name='user' )  [ RunTime:0.0010s ]
SQL: SHOW COLUMNS FROM `tb_users` [ RunTime:0.0060s ]
SQL: update tb_users set token='08f883932f3b95256540c8d934a46fb0' where user_name ='user' [ RunTime:0.0240s ]
SQL: select u.id,u.name,u.email,u.mobile,u.sex,u.birthday,u.token,t.role_name,t.level,p.pic_url from tb_users u,tb_user_role r,tb_user_pic p,tb_role t where u.id='49' and u.id=r.user_id and u.id=p.user_id and t.id=r.role_id [ RunTime:0.0000s ]
INFO: [ app_end ] --START--
INFO: Run Behavior\ShowPageTraceBehavior [ RunTime:0.001000s ]
INFO: [ app_end ] --END-- [ RunTime:0.001000s ]

[ 2016-06-13T23:54:12+08:00 ] 10.12.243.7 /index.php?c=announce&a=see
INFO: [ app_init ] --START--
INFO: Run Behavior\BuildLiteBehavior [ RunTime:0.000000s ]
INFO: [ app_init ] --END-- [ RunTime:0.001000s ]
INFO: [ app_begin ] --START--
INFO: Run Behavior\ReadHtmlCacheBehavior [ RunTime:0.001000s ]
INFO: [ app_begin ] --END-- [ RunTime:0.001000s ]
SQL: SHOW COLUMNS FROM `tb_users` [ RunTime:0.0050s ]
SQL: SELECT `token` FROM `tb_users` WHERE ( id='49' )  [ RunTime:0.0000s ]
SQL: SHOW COLUMNS FROM `tb_announce` [ RunTime:0.0040s ]
SQL: select a.id,a.title,a.content,a.create_time,u.user_name,p.pic_url from tb_users as u,tb_announce as a,tb_user_pic as p where p.user_id=u.id and u.id=a.user_id  ORDER BY a.id desc  [ RunTime:0.0010s ]
SQL: SHOW COLUMNS FROM `tb_announce_read` [ RunTime:0.0050s ]
SQL: SELECT `announce_id` FROM `tb_announce_read` WHERE ( user_id='49' )  [ RunTime:0.0000s ]
SQL: SHOW COLUMNS FROM `tb_announce_pic_rel` [ RunTime:0.0050s ]
SQL: select p.pic_url from tb_announce_pic_rel r,tb_announce_pic p where r.pic_id=p.id and r.announce_id='238' [ RunTime:0.0000s ]
NOTIC: [8] Undefined offset: 0 D:\xampp\htdocs\office\Home\Controller\AnnounceController.class.php 第 93 行.
INFO: [ app_end ] --START--
INFO: Run Behavior\ShowPageTraceBehavior [ RunTime:0.001000s ]
INFO: [ app_end ] --END-- [ RunTime:0.001000s ]

[ 2016-06-13T23:54:13+08:00 ] 10.12.243.7 /index.php?c=announce&a=see
INFO: [ app_init ] --START--
INFO: Run Behavior\BuildLiteBehavior [ RunTime:0.000000s ]
INFO: [ app_init ] --END-- [ RunTime:0.001000s ]
INFO: [ app_begin ] --START--
INFO: Run Behavior\ReadHtmlCacheBehavior [ RunTime:0.001000s ]
INFO: [ app_begin ] --END-- [ RunTime:0.001000s ]
SQL: SHOW COLUMNS FROM `tb_users` [ RunTime:0.0040s ]
SQL: SELECT `token` FROM `tb_users` WHERE ( id='49' )  [ RunTime:0.0000s ]
SQL: SHOW COLUMNS FROM `tb_announce` [ RunTime:0.0060s ]
SQL: select a.id,a.title,a.content,a.create_time,u.user_name,p.pic_url from tb_users as u,tb_announce as a,tb_user_pic as p where p.user_id=u.id and u.id=a.user_id  ORDER BY a.id desc  [ RunTime:0.0010s ]
SQL: SHOW COLUMNS FROM `tb_announce_read` [ RunTime:0.0040s ]
SQL: SELECT `announce_id` FROM `tb_announce_read` WHERE ( user_id='49' )  [ RunTime:0.0000s ]
SQL: SHOW COLUMNS FROM `tb_announce_pic_rel` [ RunTime:0.0040s ]
SQL: select p.pic_url from tb_announce_pic_rel r,tb_announce_pic p where r.pic_id=p.id and r.announce_id='238' [ RunTime:0.0010s ]
NOTIC: [8] Undefined offset: 0 D:\xampp\htdocs\office\Home\Controller\AnnounceController.class.php 第 93 行.
INFO: [ app_end ] --START--
INFO: Run Behavior\ShowPageTraceBehavior [ RunTime:0.001000s ]
INFO: [ app_end ] --END-- [ RunTime:0.001000s ]

[ 2016-06-13T23:54:28+08:00 ] 10.12.243.7 /index.php?c=Sign&a=date
INFO: [ app_init ] --START--
INFO: Run Behavior\BuildLiteBehavior [ RunTime:0.000000s ]
INFO: [ app_init ] --END-- [ RunTime:0.000000s ]
INFO: [ app_begin ] --START--
INFO: Run Behavior\ReadHtmlCacheBehavior [ RunTime:0.001000s ]
INFO: [ app_begin ] --END-- [ RunTime:0.001000s ]
SQL: SHOW COLUMNS FROM `tb_users` [ RunTime:0.0040s ]
SQL: SELECT `token` FROM `tb_users` WHERE ( id='49' )  [ RunTime:0.0000s ]
SQL: SHOW COLUMNS FROM `tb_sign` [ RunTime:0.0040s ]
SQL: select time from tb_sign  where time like '%2016-06%' and user_id='49' order by time desc [ RunTime:0.0010s ]
INFO: [ app_end ] --START--
INFO: Run Behavior\ShowPageTraceBehavior [ RunTime:0.000000s ]
INFO: [ app_end ] --END-- [ RunTime:0.000000s ]

[ 2016-06-13T23:54:34+08:00 ] 10.12.243.7 /index.php?c=Sign&a=see
INFO: [ app_init ] --START--
INFO: Run Behavior\BuildLiteBehavior [ RunTime:0.000000s ]
INFO: [ app_init ] --END-- [ RunTime:0.001000s ]
INFO: [ app_begin ] --START--
INFO: Run Behavior\ReadHtmlCacheBehavior [ RunTime:0.000000s ]
INFO: [ app_begin ] --END-- [ RunTime:0.002000s ]
SQL: SHOW COLUMNS FROM `tb_users` [ RunTime:0.0040s ]
SQL: SELECT `token` FROM `tb_users` WHERE ( id='49' )  [ RunTime:0.0000s ]
NOTIC: [8] Undefined index: date D:\xampp\htdocs\office\Home\Controller\SignController.class.php 第 112 行.
SQL: SHOW COLUMNS FROM `tb_sign` [ RunTime:0.0050s ]
SQL: select time,week,x,y,place,remarks from tb_sign  where time like '%%' and user_id='49' order by time desc [ RunTime:0.0000s ]
INFO: [ app_end ] --START--
INFO: Run Behavior\ShowPageTraceBehavior [ RunTime:0.001000s ]
INFO: [ app_end ] --END-- [ RunTime:0.001000s ]

[ 2016-06-13T23:54:40+08:00 ] 10.12.243.7 /index.php?c=Sign&a=see
INFO: [ app_init ] --START--
INFO: Run Behavior\BuildLiteBehavior [ RunTime:0.000000s ]
INFO: [ app_init ] --END-- [ RunTime:0.001000s ]
INFO: [ app_begin ] --START--
INFO: Run Behavior\ReadHtmlCacheBehavior [ RunTime:0.001000s ]
INFO: [ app_begin ] --END-- [ RunTime:0.001000s ]
SQL: SHOW COLUMNS FROM `tb_users` [ RunTime:0.0050s ]
SQL: SELECT `token` FROM `tb_users` WHERE ( id='49' )  [ RunTime:0.0010s ]
NOTIC: [8] Undefined index: date D:\xampp\htdocs\office\Home\Controller\SignController.class.php 第 112 行.
SQL: SHOW COLUMNS FROM `tb_sign` [ RunTime:0.0050s ]
SQL: select time,week,x,y,place,remarks from tb_sign  where time like '%%' and user_id='49' order by time desc [ RunTime:0.0000s ]
INFO: [ app_end ] --START--
INFO: Run Behavior\ShowPageTraceBehavior [ RunTime:0.001000s ]
INFO: [ app_end ] --END-- [ RunTime:0.001000s ]

[ 2016-06-13T23:54:42+08:00 ] 10.12.243.7 /index.php?c=Meeting&a=myApply
INFO: [ app_init ] --START--
INFO: Run Behavior\BuildLiteBehavior [ RunTime:0.000000s ]
INFO: [ app_init ] --END-- [ RunTime:0.000000s ]
INFO: [ app_begin ] --START--
INFO: Run Behavior\ReadHtmlCacheBehavior [ RunTime:0.001000s ]
INFO: [ app_begin ] --END-- [ RunTime:0.001000s ]
SQL: SHOW COLUMNS FROM `tb_users` [ RunTime:0.0050s ]
SQL: SELECT `token` FROM `tb_users` WHERE ( id='49' )  [ RunTime:0.0000s ]
SQL: SHOW COLUMNS FROM `tb_approval` [ RunTime:0.0060s ]
SQL: select u.user_name,a.id,a.approver,a.state,a.app_time,a.view,a.approval_time,m.room_id,m.start,m.end,m.title,m.content from tb_approval a,tb_meeting_app m,tb_users u where u.id=a.user_id and a.user_id='49' and app_type=4 and a.id=m.app_id order by a.id desc [ RunTime:0.0010s ]
INFO: [ app_end ] --START--
INFO: Run Behavior\ShowPageTraceBehavior [ RunTime:0.001000s ]
INFO: [ app_end ] --END-- [ RunTime:0.001000s ]

[ 2016-06-13T23:54:52+08:00 ] 10.12.243.7 /index.php?c=Meeting&a=seeMeeting
INFO: [ app_init ] --START--
INFO: Run Behavior\BuildLiteBehavior [ RunTime:0.000000s ]
INFO: [ app_init ] --END-- [ RunTime:0.001000s ]
INFO: [ app_begin ] --START--
INFO: Run Behavior\ReadHtmlCacheBehavior [ RunTime:0.001000s ]
INFO: [ app_begin ] --END-- [ RunTime:0.001000s ]
SQL: SHOW COLUMNS FROM `tb_users` [ RunTime:0.0050s ]
SQL: SELECT `token` FROM `tb_users` WHERE ( id='49' )  [ RunTime:0.0010s ]
SQL: SHOW COLUMNS FROM `tb_approval` [ RunTime:0.0050s ]
SQL: select a.id,u.user_name,a.approver,a.state,a.app_time,a.view,a.approval_time,m.room_id,m.start,m.end,m.title,m.content from tb_approval a,tb_meeting_app m,tb_users u where a.id=m.app_id and u.id=a.user_id and m.room_id='1' and a.state in('0','1') and m.start >'2016-06-13' or m.start='2016-06-13' order by a.app_time asc [ RunTime:0.0010s ]
INFO: [ app_end ] --START--
INFO: Run Behavior\ShowPageTraceBehavior [ RunTime:0.000000s ]
INFO: [ app_end ] --END-- [ RunTime:0.000000s ]

[ 2016-06-13T23:55:12+08:00 ] 10.12.243.7 /index.php?c=login&a=login
INFO: [ app_init ] --START--
INFO: Run Behavior\BuildLiteBehavior [ RunTime:0.000000s ]
INFO: [ app_init ] --END-- [ RunTime:0.000000s ]
INFO: [ app_begin ] --START--
INFO: Run Behavior\ReadHtmlCacheBehavior [ RunTime:0.001000s ]
INFO: [ app_begin ] --END-- [ RunTime:0.001000s ]
SQL: SHOW COLUMNS FROM `tb_users` [ RunTime:0.0050s ]
SQL: SELECT * FROM `tb_users` WHERE ( user_name='user' )  [ RunTime:0.0000s ]
SQL: SHOW COLUMNS FROM `tb_users` [ RunTime:0.0050s ]
SQL: update tb_users set token='82f616e87c09dd2a4973a84db2482366' where user_name ='user' [ RunTime:0.0210s ]
SQL: select u.id,u.name,u.email,u.mobile,u.sex,u.birthday,u.token,t.role_name,t.level,p.pic_url from tb_users u,tb_user_role r,tb_user_pic p,tb_role t where u.id='49' and u.id=r.user_id and u.id=p.user_id and t.id=r.role_id [ RunTime:0.0010s ]
INFO: [ app_end ] --START--
INFO: Run Behavior\ShowPageTraceBehavior [ RunTime:0.001000s ]
INFO: [ app_end ] --END-- [ RunTime:0.001000s ]

[ 2016-06-13T23:55:13+08:00 ] 10.12.243.7 /index.php?c=announce&a=see
INFO: [ app_init ] --START--
INFO: Run Behavior\BuildLiteBehavior [ RunTime:0.000000s ]
INFO: [ app_init ] --END-- [ RunTime:0.001001s ]
INFO: [ app_begin ] --START--
INFO: Run Behavior\ReadHtmlCacheBehavior [ RunTime:0.001000s ]
INFO: [ app_begin ] --END-- [ RunTime:0.001000s ]
SQL: SHOW COLUMNS FROM `tb_users` [ RunTime:0.0050s ]
SQL: SELECT `token` FROM `tb_users` WHERE ( id='49' )  [ RunTime:0.0010s ]
SQL: SHOW COLUMNS FROM `tb_announce` [ RunTime:0.0050s ]
SQL: select a.id,a.title,a.content,a.create_time,u.user_name,p.pic_url from tb_users as u,tb_announce as a,tb_user_pic as p where p.user_id=u.id and u.id=a.user_id  ORDER BY a.id desc  [ RunTime:0.0000s ]
SQL: SHOW COLUMNS FROM `tb_announce_read` [ RunTime:0.0040s ]
SQL: SELECT `announce_id` FROM `tb_announce_read` WHERE ( user_id='49' )  [ RunTime:0.0000s ]
SQL: SHOW COLUMNS FROM `tb_announce_pic_rel` [ RunTime:0.0040s ]
SQL: select p.pic_url from tb_announce_pic_rel r,tb_announce_pic p where r.pic_id=p.id and r.announce_id='238' [ RunTime:0.0010s ]
NOTIC: [8] Undefined offset: 0 D:\xampp\htdocs\office\Home\Controller\AnnounceController.class.php 第 93 行.
INFO: [ app_end ] --START--
INFO: Run Behavior\ShowPageTraceBehavior [ RunTime:0.000000s ]
INFO: [ app_end ] --END-- [ RunTime:0.000000s ]

[ 2016-06-13T23:55:29+08:00 ] 10.12.243.7 /index.php?c=Sign&a=date
INFO: [ app_init ] --START--
INFO: Run Behavior\BuildLiteBehavior [ RunTime:0.000000s ]
INFO: [ app_init ] --END-- [ RunTime:0.001000s ]
INFO: [ app_begin ] --START--
INFO: Run Behavior\ReadHtmlCacheBehavior [ RunTime:0.000000s ]
INFO: [ app_begin ] --END-- [ RunTime:0.000000s ]
SQL: SHOW COLUMNS FROM `tb_users` [ RunTime:0.0040s ]
SQL: SELECT `token` FROM `tb_users` WHERE ( id='49' )  [ RunTime:0.0000s ]
SQL: SHOW COLUMNS FROM `tb_sign` [ RunTime:0.0040s ]
SQL: select time from tb_sign  where time like '%2016-06%' and user_id='49' order by time desc [ RunTime:0.0000s ]
INFO: [ app_end ] --START--
INFO: Run Behavior\ShowPageTraceBehavior [ RunTime:0.001000s ]
INFO: [ app_end ] --END-- [ RunTime:0.001000s ]

[ 2016-06-13T23:55:31+08:00 ] 10.12.243.7 /index.php?c=Meeting&a=seeMeeting
INFO: [ app_init ] --START--
INFO: Run Behavior\BuildLiteBehavior [ RunTime:0.000000s ]
INFO: [ app_init ] --END-- [ RunTime:0.000000s ]
INFO: [ app_begin ] --START--
INFO: Run Behavior\ReadHtmlCacheBehavior [ RunTime:0.001000s ]
INFO: [ app_begin ] --END-- [ RunTime:0.001000s ]
SQL: SHOW COLUMNS FROM `tb_users` [ RunTime:0.0050s ]
SQL: SELECT `token` FROM `tb_users` WHERE ( id='49' )  [ RunTime:0.0000s ]
SQL: SHOW COLUMNS FROM `tb_approval` [ RunTime:0.0060s ]
SQL: select a.id,u.user_name,a.approver,a.state,a.app_time,a.view,a.approval_time,m.room_id,m.start,m.end,m.title,m.content from tb_approval a,tb_meeting_app m,tb_users u where a.id=m.app_id and u.id=a.user_id and m.room_id='6' and a.state in('0','1') and m.start >'2016-06-13' or m.start='2016-06-13' order by a.app_time asc [ RunTime:0.0020s ]
INFO: [ app_end ] --START--
INFO: Run Behavior\ShowPageTraceBehavior [ RunTime:0.001000s ]
INFO: [ app_end ] --END-- [ RunTime:0.001000s ]

[ 2016-06-13T23:55:39+08:00 ] 10.12.243.7 /index.php?c=Meeting&a=seeMeeting
INFO: [ app_init ] --START--
INFO: Run Behavior\BuildLiteBehavior [ RunTime:0.001000s ]
INFO: [ app_init ] --END-- [ RunTime:0.001000s ]
INFO: [ app_begin ] --START--
INFO: Run Behavior\ReadHtmlCacheBehavior [ RunTime:0.001000s ]
INFO: [ app_begin ] --END-- [ RunTime:0.002000s ]
SQL: SHOW COLUMNS FROM `tb_users` [ RunTime:0.0050s ]
SQL: SELECT `token` FROM `tb_users` WHERE ( id='49' )  [ RunTime:0.0000s ]
SQL: SHOW COLUMNS FROM `tb_approval` [ RunTime:0.0050s ]
SQL: select a.id,u.user_name,a.approver,a.state,a.app_time,a.view,a.approval_time,m.room_id,m.start,m.end,m.title,m.content from tb_approval a,tb_meeting_app m,tb_users u where a.id=m.app_id and u.id=a.user_id and m.room_id='1' and a.state in('0','1') and m.start >'2016-06-13' or m.start='2016-06-13' order by a.app_time asc [ RunTime:0.0010s ]
INFO: [ app_end ] --START--
INFO: Run Behavior\ShowPageTraceBehavior [ RunTime:0.001000s ]
INFO: [ app_end ] --END-- [ RunTime:0.001000s ]

[ 2016-06-13T23:55:54+08:00 ] 10.12.243.7 /index.php?c=Meeting&a=judge_room
INFO: [ app_init ] --START--
INFO: Run Behavior\BuildLiteBehavior [ RunTime:0.000000s ]
INFO: [ app_init ] --END-- [ RunTime:0.001000s ]
INFO: [ app_begin ] --START--
INFO: Run Behavior\ReadHtmlCacheBehavior [ RunTime:0.000000s ]
INFO: [ app_begin ] --END-- [ RunTime:0.000000s ]
SQL: SHOW COLUMNS FROM `tb_users` [ RunTime:0.0050s ]
SQL: SELECT `token` FROM `tb_users` WHERE ( id='49' )  [ RunTime:0.0000s ]
NOTIC: [2] strpos() expects at least 2 parameters, 1 given D:\xampp\htdocs\office\Home\Controller\MeetingController.class.php 第 419 行.
SQL: SHOW COLUMNS FROM `tb_meeting_app` [ RunTime:0.0050s ]
SQL: select m.start,m.end from tb_approval a,tb_meeting_app m where a.id=m.app_id and m.room_id=1 and a.app_type=4 and a.state in(0,1) and m.start like '%2016-06-14%' [ RunTime:0.0010s ]
INFO: [ app_end ] --START--
INFO: Run Behavior\ShowPageTraceBehavior [ RunTime:0.000000s ]
INFO: [ app_end ] --END-- [ RunTime:0.000000s ]

[ 2016-06-13T23:56:05+08:00 ] 10.12.243.7 /index.php?c=Meeting&a=apply
INFO: [ app_init ] --START--
INFO: Run Behavior\BuildLiteBehavior [ RunTime:0.000000s ]
INFO: [ app_init ] --END-- [ RunTime:0.000000s ]
INFO: [ app_begin ] --START--
INFO: Run Behavior\ReadHtmlCacheBehavior [ RunTime:0.001000s ]
INFO: [ app_begin ] --END-- [ RunTime:0.002000s ]
SQL: SHOW COLUMNS FROM `tb_users` [ RunTime:0.0040s ]
SQL: SELECT `token` FROM `tb_users` WHERE ( id='49' )  [ RunTime:0.0010s ]
SQL: SHOW COLUMNS FROM `tb_approval` [ RunTime:0.0050s ]
SQL: SHOW COLUMNS FROM `tb_meeting_app` [ RunTime:0.0050s ]
SQL: INSERT INTO `tb_approval` (`app_type`,`user_id`,`approver`,`state`,`app_time`) VALUES ('4','49','admin','0','2016-06-13 23:56:05') [ RunTime:0.0080s ]
SQL: INSERT INTO `tb_meeting_app` (`app_id`,`room_id`,`start`,`end`,`title`,`content`) VALUES ('228','1','2016-06-14 11:55:00','2016-06-14 12:35:00','hhhhh','hhhhh') [ RunTime:0.0000s ]
INFO: [ app_end ] --START--
INFO: Run Behavior\ShowPageTraceBehavior [ RunTime:0.000000s ]
INFO: [ app_end ] --END-- [ RunTime:0.000000s ]

[ 2016-06-13T23:56:05+08:00 ] 10.12.243.7 /index.php?c=Meeting&a=seeMeeting
INFO: [ app_init ] --START--
INFO: Run Behavior\BuildLiteBehavior [ RunTime:0.000000s ]
INFO: [ app_init ] --END-- [ RunTime:0.001000s ]
INFO: [ app_begin ] --START--
INFO: Run Behavior\ReadHtmlCacheBehavior [ RunTime:0.001000s ]
INFO: [ app_begin ] --END-- [ RunTime:0.001000s ]
SQL: SHOW COLUMNS FROM `tb_users` [ RunTime:0.0050s ]
SQL: SELECT `token` FROM `tb_users` WHERE ( id='49' )  [ RunTime:0.0000s ]
SQL: SHOW COLUMNS FROM `tb_approval` [ RunTime:0.0040s ]
SQL: select a.id,u.user_name,a.approver,a.state,a.app_time,a.view,a.approval_time,m.room_id,m.start,m.end,m.title,m.content from tb_approval a,tb_meeting_app m,tb_users u where a.id=m.app_id and u.id=a.user_id and m.room_id='1' and a.state in('0','1') and m.start >'2016-06-13' or m.start='2016-06-13' order by a.app_time asc [ RunTime:0.0020s ]
INFO: [ app_end ] --START--
INFO: Run Behavior\ShowPageTraceBehavior [ RunTime:0.001000s ]
INFO: [ app_end ] --END-- [ RunTime:0.001000s ]

[ 2016-06-13T23:56:34+08:00 ] 10.12.243.7 /index.php?c=Meeting&a=floors
INFO: [ app_init ] --START--
INFO: Run Behavior\BuildLiteBehavior [ RunTime:0.000000s ]
INFO: [ app_init ] --END-- [ RunTime:0.001001s ]
INFO: [ app_begin ] --START--
INFO: Run Behavior\ReadHtmlCacheBehavior [ RunTime:0.000000s ]
INFO: [ app_begin ] --END-- [ RunTime:0.000000s ]
SQL: SHOW COLUMNS FROM `tb_users` [ RunTime:0.0040s ]
SQL: SELECT `token` FROM `tb_users` WHERE ( id='50' )  [ RunTime:0.0000s ]
SQL: SHOW COLUMNS FROM `tb_meeting_floor` [ RunTime:0.0060s ]
SQL: select id,floor_num,floor_name from tb_meeting_floor  [ RunTime:0.0000s ]
INFO: [ app_end ] --START--
INFO: Run Behavior\ShowPageTraceBehavior [ RunTime:0.001000s ]
INFO: [ app_end ] --END-- [ RunTime:0.001000s ]

[ 2016-06-13T23:56:34+08:00 ] 10.12.243.7 /index.php?c=Meeting&a=rooms
INFO: [ app_init ] --START--
INFO: Run Behavior\BuildLiteBehavior [ RunTime:0.000000s ]
INFO: [ app_init ] --END-- [ RunTime:0.001000s ]
INFO: [ app_begin ] --START--
INFO: Run Behavior\ReadHtmlCacheBehavior [ RunTime:0.001000s ]
INFO: [ app_begin ] --END-- [ RunTime:0.001000s ]
SQL: SHOW COLUMNS FROM `tb_users` [ RunTime:0.0040s ]
SQL: SELECT `token` FROM `tb_users` WHERE ( id='50' )  [ RunTime:0.0010s ]
SQL: SHOW COLUMNS FROM `tb_meeting_room` [ RunTime:0.0040s ]
SQL: select id,floor_id,room_num,seat,wifi,air_con,projector from tb_meeting_room  [ RunTime:0.0010s ]
INFO: [ app_end ] --START--
INFO: Run Behavior\ShowPageTraceBehavior [ RunTime:0.001000s ]
INFO: [ app_end ] --END-- [ RunTime:0.001000s ]

[ 2016-06-13T23:56:35+08:00 ] 10.12.243.7 /index.php?c=announce&a=see
INFO: [ app_init ] --START--
INFO: Run Behavior\BuildLiteBehavior [ RunTime:0.000000s ]
INFO: [ app_init ] --END-- [ RunTime:0.001000s ]
INFO: [ app_begin ] --START--
INFO: Run Behavior\ReadHtmlCacheBehavior [ RunTime:0.001000s ]
INFO: [ app_begin ] --END-- [ RunTime:0.001000s ]
SQL: SHOW COLUMNS FROM `tb_users` [ RunTime:0.0050s ]
SQL: SELECT `token` FROM `tb_users` WHERE ( id='50' )  [ RunTime:0.0000s ]
SQL: SHOW COLUMNS FROM `tb_announce` [ RunTime:0.0040s ]
SQL: select a.id,a.title,a.content,a.create_time,u.user_name,p.pic_url from tb_users as u,tb_announce as a,tb_user_pic as p where p.user_id=u.id and u.id=a.user_id  ORDER BY a.id desc  [ RunTime:0.0010s ]
SQL: SHOW COLUMNS FROM `tb_announce_read` [ RunTime:0.0040s ]
SQL: SELECT `announce_id` FROM `tb_announce_read` WHERE ( user_id='50' )  [ RunTime:0.0000s ]
SQL: SHOW COLUMNS FROM `tb_announce_pic_rel` [ RunTime:0.0040s ]
SQL: select p.pic_url from tb_announce_pic_rel r,tb_announce_pic p where r.pic_id=p.id and r.announce_id='238' [ RunTime:0.0000s ]
NOTIC: [8] Undefined offset: 0 D:\xampp\htdocs\office\Home\Controller\AnnounceController.class.php 第 93 行.
INFO: [ app_end ] --START--
INFO: Run Behavior\ShowPageTraceBehavior [ RunTime:0.000000s ]
INFO: [ app_end ] --END-- [ RunTime:0.000000s ]

[ 2016-06-13T23:56:48+08:00 ] 10.12.243.7 /index.php?c=login&a=login
INFO: [ app_init ] --START--
INFO: Run Behavior\BuildLiteBehavior [ RunTime:0.000000s ]
INFO: [ app_init ] --END-- [ RunTime:0.001000s ]
INFO: [ app_begin ] --START--
INFO: Run Behavior\ReadHtmlCacheBehavior [ RunTime:0.001000s ]
INFO: [ app_begin ] --END-- [ RunTime:0.001000s ]
SQL: SHOW COLUMNS FROM `tb_users` [ RunTime:0.0040s ]
SQL: SELECT * FROM `tb_users` WHERE ( user_name='admin' )  [ RunTime:0.0010s ]
SQL: SHOW COLUMNS FROM `tb_users` [ RunTime:0.0060s ]
SQL: update tb_users set token='edd27ad77ed55955833dbc0239e4acf9' where user_name ='admin' [ RunTime:0.0280s ]
SQL: select u.id,u.name,u.email,u.mobile,u.sex,u.birthday,u.token,t.role_name,t.level,p.pic_url from tb_users u,tb_user_role r,tb_user_pic p,tb_role t where u.id='50' and u.id=r.user_id and u.id=p.user_id and t.id=r.role_id [ RunTime:0.0000s ]
INFO: [ app_end ] --START--
INFO: Run Behavior\ShowPageTraceBehavior [ RunTime:0.001000s ]
INFO: [ app_end ] --END-- [ RunTime:0.001000s ]

[ 2016-06-13T23:56:49+08:00 ] 10.12.243.7 /index.php?c=announce&a=see
INFO: [ app_init ] --START--
INFO: Run Behavior\BuildLiteBehavior [ RunTime:0.000000s ]
INFO: [ app_init ] --END-- [ RunTime:0.001000s ]
INFO: [ app_begin ] --START--
INFO: Run Behavior\ReadHtmlCacheBehavior [ RunTime:0.001000s ]
INFO: [ app_begin ] --END-- [ RunTime:0.001000s ]
SQL: SHOW COLUMNS FROM `tb_users` [ RunTime:0.0050s ]
SQL: SELECT `token` FROM `tb_users` WHERE ( id='50' )  [ RunTime:0.0000s ]
SQL: SHOW COLUMNS FROM `tb_announce` [ RunTime:0.0050s ]
SQL: select a.id,a.title,a.content,a.create_time,u.user_name,p.pic_url from tb_users as u,tb_announce as a,tb_user_pic as p where p.user_id=u.id and u.id=a.user_id  ORDER BY a.id desc  [ RunTime:0.0010s ]
SQL: SHOW COLUMNS FROM `tb_announce_read` [ RunTime:0.0040s ]
SQL: SELECT `announce_id` FROM `tb_announce_read` WHERE ( user_id='50' )  [ RunTime:0.0000s ]
SQL: SHOW COLUMNS FROM `tb_announce_pic_rel` [ RunTime:0.0050s ]
SQL: select p.pic_url from tb_announce_pic_rel r,tb_announce_pic p where r.pic_id=p.id and r.announce_id='238' [ RunTime:0.0000s ]
NOTIC: [8] Undefined offset: 0 D:\xampp\htdocs\office\Home\Controller\AnnounceController.class.php 第 93 行.
INFO: [ app_end ] --START--
INFO: Run Behavior\ShowPageTraceBehavior [ RunTime:0.001001s ]
INFO: [ app_end ] --END-- [ RunTime:0.001001s ]

[ 2016-06-13T23:56:52+08:00 ] 10.12.243.7 /index.php?c=Meeting&a=myApply
INFO: [ app_init ] --START--
INFO: Run Behavior\BuildLiteBehavior [ RunTime:0.000000s ]
INFO: [ app_init ] --END-- [ RunTime:0.001000s ]
INFO: [ app_begin ] --START--
INFO: Run Behavior\ReadHtmlCacheBehavior [ RunTime:0.001000s ]
INFO: [ app_begin ] --END-- [ RunTime:0.001000s ]
SQL: SHOW COLUMNS FROM `tb_users` [ RunTime:0.0050s ]
SQL: SELECT `token` FROM `tb_users` WHERE ( id='50' )  [ RunTime:0.0010s ]
SQL: SHOW COLUMNS FROM `tb_approval` [ RunTime:0.0050s ]
SQL: select u.user_name,a.id,a.approver,a.state,a.app_time,a.view,a.approval_time,m.room_id,m.start,m.end,m.title,m.content from tb_approval a,tb_meeting_app m,tb_users u where u.id=a.user_id and a.user_id='50' and app_type=4 and a.id=m.app_id order by a.id desc [ RunTime:0.0010s ]
INFO: [ app_end ] --START--
INFO: Run Behavior\ShowPageTraceBehavior [ RunTime:0.001000s ]
INFO: [ app_end ] --END-- [ RunTime:0.001000s ]

[ 2016-06-13T23:56:55+08:00 ] 10.12.243.7 /index.php?c=Meeting&a=wait_approval
INFO: [ app_init ] --START--
INFO: Run Behavior\BuildLiteBehavior [ RunTime:0.000000s ]
INFO: [ app_init ] --END-- [ RunTime:0.001000s ]
INFO: [ app_begin ] --START--
INFO: Run Behavior\ReadHtmlCacheBehavior [ RunTime:0.001000s ]
INFO: [ app_begin ] --END-- [ RunTime:0.001000s ]
SQL: SHOW COLUMNS FROM `tb_users` [ RunTime:0.0040s ]
SQL: SELECT `token` FROM `tb_users` WHERE ( id='50' )  [ RunTime:0.0000s ]
SQL: SHOW COLUMNS FROM `tb_approval` [ RunTime:0.0050s ]
SQL: select u.user_name,a.id,a.approver,a.state,a.app_time,m.room_id,m.start,m.end,m.title,m.content from tb_approval a,tb_meeting_app m,tb_users u where u.id=a.user_id and a.state=0 and m.start>'2016-06-13' and a.app_type=4 and a.id=m.app_id  order by a.id desc [ RunTime:0.0000s ]
INFO: [ app_end ] --START--
INFO: Run Behavior\ShowPageTraceBehavior [ RunTime:0.000000s ]
INFO: [ app_end ] --END-- [ RunTime:0.000000s ]

[ 2016-06-13T23:57:07+08:00 ] 10.12.243.7 /index.php?c=Meeting&a=approval
INFO: [ app_init ] --START--
INFO: Run Behavior\BuildLiteBehavior [ RunTime:0.000000s ]
INFO: [ app_init ] --END-- [ RunTime:0.001000s ]
INFO: [ app_begin ] --START--
INFO: Run Behavior\ReadHtmlCacheBehavior [ RunTime:0.001000s ]
INFO: [ app_begin ] --END-- [ RunTime:0.001000s ]
SQL: SHOW COLUMNS FROM `tb_role` [ RunTime:0.0040s ]
SQL: select b.level from tb_users as a,tb_role as b,tb_user_role as c where a.token='edd27ad77ed55955833dbc0239e4acf9' and a.id='50' and a.id=c.user_id and b.id=c.role_id  [ RunTime:0.0010s ]
SQL: SHOW COLUMNS FROM `tb_approval` [ RunTime:0.0050s ]
SQL: SHOW COLUMNS FROM `tb_meeting_app` [ RunTime:0.0050s ]
SQL: SELECT `room_id`,`start`,`end` FROM `tb_meeting_app` WHERE ( app_id='228' )  [ RunTime:0.0000s ]
NOTIC: [8] Undefined variable: str D:\xampp\htdocs\office\Home\Controller\MeetingController.class.php 第 86 行.
SQL: select m.start,m.end from tb_meeting_app m,tb_approval a where a.app_type=4 and a.state=1 and m.room_id='1' and a.id=m.app_id and m.start like '%2016-06-14%' [ RunTime:0.0010s ]
SQL: update tb_approval set state='2',view='该房间这个时间段已被占用',approval_time='2016-06-13 23:57:07' where id=228 [ RunTime:0.0000s ]
INFO: [ app_end ] --START--
INFO: Run Behavior\ShowPageTraceBehavior [ RunTime:0.000000s ]
INFO: [ app_end ] --END-- [ RunTime:0.001000s ]

[ 2016-06-13T23:57:16+08:00 ] 10.12.243.7 /index.php?c=Meeting&a=approval
INFO: [ app_init ] --START--
INFO: Run Behavior\BuildLiteBehavior [ RunTime:0.001001s ]
INFO: [ app_init ] --END-- [ RunTime:0.001001s ]
INFO: [ app_begin ] --START--
INFO: Run Behavior\ReadHtmlCacheBehavior [ RunTime:0.001000s ]
INFO: [ app_begin ] --END-- [ RunTime:0.001000s ]
SQL: SHOW COLUMNS FROM `tb_role` [ RunTime:0.0040s ]
SQL: select b.level from tb_users as a,tb_role as b,tb_user_role as c where a.token='edd27ad77ed55955833dbc0239e4acf9' and a.id='50' and a.id=c.user_id and b.id=c.role_id  [ RunTime:0.0000s ]
SQL: SHOW COLUMNS FROM `tb_approval` [ RunTime:0.0040s ]
SQL: SHOW COLUMNS FROM `tb_meeting_app` [ RunTime:0.0050s ]
SQL: SELECT `room_id`,`start`,`end` FROM `tb_meeting_app` WHERE ( app_id='228' )  [ RunTime:0.0000s ]
NOTIC: [8] Undefined variable: str D:\xampp\htdocs\office\Home\Controller\MeetingController.class.php 第 86 行.
SQL: select m.start,m.end from tb_meeting_app m,tb_approval a where a.app_type=4 and a.state=1 and m.room_id='1' and a.id=m.app_id and m.start like '%2016-06-14%' [ RunTime:0.0010s ]
SQL: update tb_approval set state='2',view='该房间这个时间段已被占用',approval_time='2016-06-13 23:57:16' where id=228 [ RunTime:0.0000s ]
INFO: [ app_end ] --START--
INFO: Run Behavior\ShowPageTraceBehavior [ RunTime:0.001000s ]
INFO: [ app_end ] --END-- [ RunTime:0.001000s ]

[ 2016-06-13T23:57:28+08:00 ] 10.12.243.7 /index.php?c=Meeting&a=already_approval
INFO: [ app_init ] --START--
INFO: Run Behavior\BuildLiteBehavior [ RunTime:0.000000s ]
INFO: [ app_init ] --END-- [ RunTime:0.001000s ]
INFO: [ app_begin ] --START--
INFO: Run Behavior\ReadHtmlCacheBehavior [ RunTime:0.001000s ]
INFO: [ app_begin ] --END-- [ RunTime:0.001000s ]
SQL: SHOW COLUMNS FROM `tb_users` [ RunTime:0.0060s ]
SQL: SELECT `token` FROM `tb_users` WHERE ( id='50' )  [ RunTime:0.0010s ]
SQL: SHOW COLUMNS FROM `tb_approval` [ RunTime:0.0050s ]
SQL: select u.user_name,a.id,a.approver,a.state,a.app_time,a.view,a.approval_time,m.room_id,m.start,m.end,m.title,m.content from tb_approval a,tb_meeting_app m,tb_users u where u.id=a.user_id and a.user_id='50' and a.state in('1','2') and a.app_type=4 and a.id=m.app_id order by a.id desc [ RunTime:0.0010s ]
INFO: [ app_end ] --START--
INFO: Run Behavior\ShowPageTraceBehavior [ RunTime:0.000000s ]
INFO: [ app_end ] --END-- [ RunTime:0.000000s ]

[ 2016-06-13T23:57:54+08:00 ] 10.12.243.7 /index.php?c=Meeting&a=rooms
INFO: [ app_init ] --START--
INFO: Run Behavior\BuildLiteBehavior [ RunTime:0.000000s ]
INFO: [ app_init ] --END-- [ RunTime:0.001000s ]
INFO: [ app_begin ] --START--
INFO: Run Behavior\ReadHtmlCacheBehavior [ RunTime:0.001000s ]
INFO: [ app_begin ] --END-- [ RunTime:0.001000s ]
SQL: SHOW COLUMNS FROM `tb_users` [ RunTime:0.0040s ]
SQL: SELECT `token` FROM `tb_users` WHERE ( id='50' )  [ RunTime:0.0000s ]
INFO: [ app_end ] --START--
INFO: Run Behavior\ShowPageTraceBehavior [ RunTime:0.001000s ]
INFO: [ app_end ] --END-- [ RunTime:0.001000s ]

[ 2016-06-13T23:57:54+08:00 ] 10.12.243.7 /index.php?c=Meeting&a=floors
INFO: [ app_init ] --START--
INFO: Run Behavior\BuildLiteBehavior [ RunTime:0.000000s ]
INFO: [ app_init ] --END-- [ RunTime:0.000000s ]
INFO: [ app_begin ] --START--
INFO: Run Behavior\ReadHtmlCacheBehavior [ RunTime:0.001000s ]
INFO: [ app_begin ] --END-- [ RunTime:0.001000s ]
SQL: SHOW COLUMNS FROM `tb_users` [ RunTime:0.0050s ]
SQL: SELECT `token` FROM `tb_users` WHERE ( id='50' )  [ RunTime:0.0000s ]
INFO: [ app_end ] --START--
INFO: Run Behavior\ShowPageTraceBehavior [ RunTime:0.001000s ]
INFO: [ app_end ] --END-- [ RunTime:0.001000s ]

[ 2016-06-13T23:58:05+08:00 ] 10.12.243.7 /index.php?c=login&a=login
INFO: [ app_init ] --START--
INFO: Run Behavior\BuildLiteBehavior [ RunTime:0.000000s ]
INFO: [ app_init ] --END-- [ RunTime:0.001000s ]
INFO: [ app_begin ] --START--
INFO: Run Behavior\ReadHtmlCacheBehavior [ RunTime:0.002000s ]
INFO: [ app_begin ] --END-- [ RunTime:0.002000s ]
SQL: SHOW COLUMNS FROM `tb_users` [ RunTime:0.0050s ]
SQL: SELECT * FROM `tb_users` WHERE ( user_name='admin' )  [ RunTime:0.0010s ]
SQL: SHOW COLUMNS FROM `tb_users` [ RunTime:0.0050s ]
SQL: update tb_users set token='5c4390c16ffb9c930a0a3630de9121c3' where user_name ='admin' [ RunTime:0.0240s ]
SQL: select u.id,u.name,u.email,u.mobile,u.sex,u.birthday,u.token,t.role_name,t.level,p.pic_url from tb_users u,tb_user_role r,tb_user_pic p,tb_role t where u.id='50' and u.id=r.user_id and u.id=p.user_id and t.id=r.role_id [ RunTime:0.0000s ]
INFO: [ app_end ] --START--
INFO: Run Behavior\ShowPageTraceBehavior [ RunTime:0.001000s ]
INFO: [ app_end ] --END-- [ RunTime:0.001000s ]

[ 2016-06-13T23:58:05+08:00 ] 10.12.243.7 /index.php?c=announce&a=see
INFO: [ app_init ] --START--
INFO: Run Behavior\BuildLiteBehavior [ RunTime:0.000000s ]
INFO: [ app_init ] --END-- [ RunTime:0.001000s ]
INFO: [ app_begin ] --START--
INFO: Run Behavior\ReadHtmlCacheBehavior [ RunTime:0.001000s ]
INFO: [ app_begin ] --END-- [ RunTime:0.001000s ]
SQL: SHOW COLUMNS FROM `tb_users` [ RunTime:0.0040s ]
SQL: SELECT `token` FROM `tb_users` WHERE ( id='50' )  [ RunTime:0.0000s ]
SQL: SHOW COLUMNS FROM `tb_announce` [ RunTime:0.0050s ]
SQL: select a.id,a.title,a.content,a.create_time,u.user_name,p.pic_url from tb_users as u,tb_announce as a,tb_user_pic as p where p.user_id=u.id and u.id=a.user_id  ORDER BY a.id desc  [ RunTime:0.0010s ]
SQL: SHOW COLUMNS FROM `tb_announce_read` [ RunTime:0.0040s ]
SQL: SELECT `announce_id` FROM `tb_announce_read` WHERE ( user_id='50' )  [ RunTime:0.0000s ]
SQL: SHOW COLUMNS FROM `tb_announce_pic_rel` [ RunTime:0.0050s ]
SQL: select p.pic_url from tb_announce_pic_rel r,tb_announce_pic p where r.pic_id=p.id and r.announce_id='238' [ RunTime:0.0000s ]
NOTIC: [8] Undefined offset: 0 D:\xampp\htdocs\office\Home\Controller\AnnounceController.class.php 第 93 行.
INFO: [ app_end ] --START--
INFO: Run Behavior\ShowPageTraceBehavior [ RunTime:0.001000s ]
INFO: [ app_end ] --END-- [ RunTime:0.001000s ]

[ 2016-06-13T23:58:20+08:00 ] 10.12.243.7 /index.php?c=announce&a=see
INFO: [ app_init ] --START--
INFO: Run Behavior\BuildLiteBehavior [ RunTime:0.000000s ]
INFO: [ app_init ] --END-- [ RunTime:0.001000s ]
INFO: [ app_begin ] --START--
INFO: Run Behavior\ReadHtmlCacheBehavior [ RunTime:0.001000s ]
INFO: [ app_begin ] --END-- [ RunTime:0.001000s ]
SQL: SHOW COLUMNS FROM `tb_users` [ RunTime:0.0040s ]
SQL: SELECT `token` FROM `tb_users` WHERE ( id='50' )  [ RunTime:0.0010s ]
SQL: SHOW COLUMNS FROM `tb_announce` [ RunTime:0.0040s ]
SQL: select a.id,a.title,a.content,a.create_time,u.user_name,p.pic_url from tb_users as u,tb_announce as a,tb_user_pic as p where p.user_id=u.id and u.id=a.user_id  ORDER BY a.id desc  [ RunTime:0.0010s ]
SQL: SHOW COLUMNS FROM `tb_announce_read` [ RunTime:0.0040s ]
SQL: SELECT `announce_id` FROM `tb_announce_read` WHERE ( user_id='50' )  [ RunTime:0.0010s ]
SQL: SHOW COLUMNS FROM `tb_announce_pic_rel` [ RunTime:0.0040s ]
SQL: select p.pic_url from tb_announce_pic_rel r,tb_announce_pic p where r.pic_id=p.id and r.announce_id='238' [ RunTime:0.0000s ]
NOTIC: [8] Undefined offset: 0 D:\xampp\htdocs\office\Home\Controller\AnnounceController.class.php 第 93 行.
INFO: [ app_end ] --START--
INFO: Run Behavior\ShowPageTraceBehavior [ RunTime:0.001000s ]
INFO: [ app_end ] --END-- [ RunTime:0.001000s ]

[ 2016-06-13T23:58:21+08:00 ] 10.12.243.7 /index.php?c=announce&a=see
INFO: [ app_init ] --START--
INFO: Run Behavior\BuildLiteBehavior [ RunTime:0.000000s ]
INFO: [ app_init ] --END-- [ RunTime:0.001000s ]
INFO: [ app_begin ] --START--
INFO: Run Behavior\ReadHtmlCacheBehavior [ RunTime:0.001000s ]
INFO: [ app_begin ] --END-- [ RunTime:0.001000s ]
SQL: SHOW COLUMNS FROM `tb_users` [ RunTime:0.0050s ]
SQL: SELECT `token` FROM `tb_users` WHERE ( id='50' )  [ RunTime:0.0010s ]
SQL: SHOW COLUMNS FROM `tb_announce` [ RunTime:0.0050s ]
SQL: select a.id,a.title,a.content,a.create_time,u.user_name,p.pic_url from tb_users as u,tb_announce as a,tb_user_pic as p where p.user_id=u.id and u.id=a.user_id  ORDER BY a.id desc  [ RunTime:0.0010s ]
SQL: SHOW COLUMNS FROM `tb_announce_read` [ RunTime:0.0040s ]
SQL: SELECT `announce_id` FROM `tb_announce_read` WHERE ( user_id='50' )  [ RunTime:0.0010s ]
SQL: SHOW COLUMNS FROM `tb_announce_pic_rel` [ RunTime:0.0050s ]
SQL: select p.pic_url from tb_announce_pic_rel r,tb_announce_pic p where r.pic_id=p.id and r.announce_id='238' [ RunTime:0.0000s ]
NOTIC: [8] Undefined offset: 0 D:\xampp\htdocs\office\Home\Controller\AnnounceController.class.php 第 93 行.
INFO: [ app_end ] --START--
INFO: Run Behavior\ShowPageTraceBehavior [ RunTime:0.001000s ]
INFO: [ app_end ] --END-- [ RunTime:0.001000s ]

[ 2016-06-13T23:58:48+08:00 ] 10.12.243.7 /index.php?c=Meeting&a=approval
INFO: [ app_init ] --START--
INFO: Run Behavior\BuildLiteBehavior [ RunTime:0.000000s ]
INFO: [ app_init ] --END-- [ RunTime:0.001000s ]
INFO: [ app_begin ] --START--
INFO: Run Behavior\ReadHtmlCacheBehavior [ RunTime:0.001000s ]
INFO: [ app_begin ] --END-- [ RunTime:0.001000s ]
SQL: SHOW COLUMNS FROM `tb_role` [ RunTime:0.0040s ]
SQL: select b.level from tb_users as a,tb_role as b,tb_user_role as c where a.token='edd27ad77ed55955833dbc0239e4acf9' and a.id='50' and a.id=c.user_id and b.id=c.role_id  [ RunTime:0.0000s ]
NOTIC: [8] Undefined offset: 0 D:\xampp\htdocs\office\Common\Common\function.php 第 53 行.
INFO: [ app_end ] --START--
INFO: Run Behavior\ShowPageTraceBehavior [ RunTime:0.001000s ]
INFO: [ app_end ] --END-- [ RunTime:0.001000s ]

[ 2016-06-13T23:59:02+08:00 ] 10.12.243.7 /index.php?c=Meeting&a=floors
INFO: [ app_init ] --START--
INFO: Run Behavior\BuildLiteBehavior [ RunTime:0.000000s ]
INFO: [ app_init ] --END-- [ RunTime:0.001000s ]
INFO: [ app_begin ] --START--
INFO: Run Behavior\ReadHtmlCacheBehavior [ RunTime:0.001000s ]
INFO: [ app_begin ] --END-- [ RunTime:0.001000s ]
SQL: SHOW COLUMNS FROM `tb_users` [ RunTime:0.0070s ]
SQL: SELECT `token` FROM `tb_users` WHERE ( id='50' )  [ RunTime:0.0010s ]
SQL: SHOW COLUMNS FROM `tb_meeting_floor` [ RunTime:0.0070s ]
SQL: select id,floor_num,floor_name from tb_meeting_floor  [ RunTime:0.0010s ]
INFO: [ app_end ] --START--
INFO: Run Behavior\ShowPageTraceBehavior [ RunTime:0.001000s ]
INFO: [ app_end ] --END-- [ RunTime:0.001000s ]

unTime:0.001000s ]

[ 2016-06-13T23:59:03+08:00 ] 10.12.243.7 /index.php?c=announce&a=see
INFO: [ app_init ] --START--
INFO: Run Behavior\BuildLiteBehavior [ RunTime:0.000000s ]
INFO: [ app_init ] --END-- [ RunTime:0.000000s ]
INFO: [ app_begin ] --START--
INFO: Run Behavior\ReadHtmlCacheBehavior [ RunTime:0.000000s ]
INFO: [ app_begin ] --END-- [ RunTime:0.000000s ]
SQL: SHOW COLUMNS FROM `tb_users` [ RunTime:0.0040s ]
SQL: SELECT `token` FROM `tb_users` WHERE ( id='50' )  [ RunTime:0.0010s ]
SQL: SHOW COLUMNS FROM `tb_announce` [ RunTime:0.0060s ]
SQL: select a.id,a.title,a.content,a.create_time,u.user_name,p.pic_url from tb_users as u,tb_announce as a,tb_user_pic as p where p.user_id=u.id and u.id=a.user_id  ORDER BY a.id desc  [ RunTime:0.0010s ]
SQL: SHOW COLUMNS FROM `tb_announce_read` [ RunTime:0.0040s ]
SQL: SELECT `announce_id` FROM `tb_announce_read` WHERE ( user_id='50' )  [ RunTime:0.0010s ]
SQL: SHOW COLUMNS FROM `tb_announce_pic_rel` [ RunTime:0.0040s ]
SQL: select p.pic_url from tb_announce_pic_rel r,tb_announce_pic p where r.pic_id=p.id and r.announce_id='238' [ RunTime:0.0010s ]
NOTIC: [8] Undefined offset: 0 D:\xampp\htdocs\office\Home\Controller\AnnounceController.class.php 第 93 行.
INFO: [ app_end ] --START--
INFO: Run Behavior\ShowPageTraceBehavior [ RunTime:0.000000s ]
INFO: [ app_end ] --END-- [ RunTime:0.000000s ]

[ 2016-06-13T23:59:10+08:00 ] 10.12.243.7 /index.php?c=login&a=login
INFO: [ app_init ] --START--
INFO: Run Behavior\BuildLiteBehavior [ RunTime:0.000000s ]
INFO: [ app_init ] --END-- [ RunTime:0.001000s ]
INFO: [ app_begin ] --START--
INFO: Run Behavior\ReadHtmlCacheBehavior [ RunTime:0.001000s ]
INFO: [ app_begin ] --END-- [ RunTime:0.001000s ]
SQL: SHOW COLUMNS FROM `tb_users` [ RunTime:0.0050s ]
SQL: SELECT * FROM `tb_users` WHERE ( user_name='admin' )  [ RunTime:0.0010s ]
SQL: SHOW COLUMNS FROM `tb_users` [ RunTime:0.0050s ]
SQL: update tb_users set token='4cf1f3becb56276d469d5734aa0219b5' where user_name ='admin' [ RunTime:0.0260s ]
SQL: select u.id,u.name,u.email,u.mobile,u.sex,u.birthday,u.token,t.role_name,t.level,p.pic_url from tb_users u,tb_user_role r,tb_user_pic p,tb_role t where u.id='50' and u.id=r.user_id and u.id=p.user_id and t.id=r.role_id [ RunTime:0.0000s ]
INFO: [ app_end ] --START--
INFO: Run Behavior\ShowPageTraceBehavior [ RunTime:0.001000s ]
INFO: [ app_end ] --END-- [ RunTime:0.001000s ]

[ 2016-06-13T23:59:11+08:00 ] 10.12.243.7 /index.php?c=announce&a=see
INFO: [ app_init ] --START--
INFO: Run Behavior\BuildLiteBehavior [ RunTime:0.000000s ]
INFO: [ app_init ] --END-- [ RunTime:0.001000s ]
INFO: [ app_begin ] --START--
INFO: Run Behavior\ReadHtmlCacheBehavior [ RunTime:0.001000s ]
INFO: [ app_begin ] --END-- [ RunTime:0.001000s ]
SQL: SHOW COLUMNS FROM `tb_users` [ RunTime:0.0160s ]
SQL: SELECT `token` FROM `tb_users` WHERE ( id='50' )  [ RunTime:0.0020s ]
SQL: SHOW COLUMNS FROM `tb_announce` [ RunTime:0.0040s ]
SQL: select a.id,a.title,a.content,a.create_time,u.user_name,p.pic_url from tb_users as u,tb_announce as a,tb_user_pic as p where p.user_id=u.id and u.id=a.user_id  ORDER BY a.id desc  [ RunTime:0.0010s ]
SQL: SHOW COLUMNS FROM `tb_announce_read` [ RunTime:0.0040s ]
SQL: SELECT `announce_id` FROM `tb_announce_read` WHERE ( user_id='50' )  [ RunTime:0.0000s ]
SQL: SHOW COLUMNS FROM `tb_announce_pic_rel` [ RunTime:0.0040s ]
SQL: select p.pic_url from tb_announce_pic_rel r,tb_announce_pic p where r.pic_id=p.id and r.announce_id='238' [ RunTime:0.0000s ]
NOTIC: [8] Undefined offset: 0 D:\xampp\htdocs\office\Home\Controller\AnnounceController.class.php 第 93 行.
INFO: [ app_end ] --START--
INFO: Run Behavior\ShowPageTraceBehavior [ RunTime:0.001000s ]
INFO: [ app_end ] --END-- [ RunTime:0.001000s ]

[ 2016-06-13T23:59:14+08:00 ] 10.12.243.7 /index.php?c=Meeting&a=wait_approval
INFO: [ app_init ] --START--
INFO: Run Behavior\BuildLiteBehavior [ RunTime:0.000000s ]
INFO: [ app_init ] --END-- [ RunTime:0.000000s ]
INFO: [ app_begin ] --START--
INFO: Run Behavior\ReadHtmlCacheBehavior [ RunTime:0.000000s ]
INFO: [ app_begin ] --END-- [ RunTime:0.000000s ]
SQL: SHOW COLUMNS FROM `tb_users` [ RunTime:0.0050s ]
SQL: SELECT `token` FROM `tb_users` WHERE ( id='50' )  [ RunTime:0.0010s ]
SQL: SHOW COLUMNS FROM `tb_approval` [ RunTime:0.0040s ]
SQL: select u.user_name,a.id,a.approver,a.state,a.app_time,m.room_id,m.start,m.end,m.title,m.content from tb_approval a,tb_meeting_app m,tb_users u where u.id=a.user_id and a.state=0 and m.start>'2016-06-13' and a.app_type=4 and a.id=m.app_id  order by a.id desc [ RunTime:0.0000s ]
INFO: [ app_end ] --START--
INFO: Run Behavior\ShowPageTraceBehavior [ RunTime:0.001000s ]
INFO: [ app_end ] --END-- [ RunTime:0.001000s ]

[ 2016-06-13T23:59:16+08:00 ] 10.12.243.7 /index.php?c=Meeting&a=already_approval
INFO: [ app_init ] --START--
INFO: Run Behavior\BuildLiteBehavior [ RunTime:0.000000s ]
INFO: [ app_init ] --END-- [ RunTime:0.000000s ]
INFO: [ app_begin ] --START--
INFO: Run Behavior\ReadHtmlCacheBehavior [ RunTime:0.001000s ]
INFO: [ app_begin ] --END-- [ RunTime:0.001000s ]
SQL: SHOW COLUMNS FROM `tb_users` [ RunTime:0.0050s ]
SQL: SELECT `token` FROM `tb_users` WHERE ( id='50' )  [ RunTime:0.0010s ]
SQL: SHOW COLUMNS FROM `tb_approval` [ RunTime:0.0050s ]
SQL: select u.user_name,a.id,a.approver,a.state,a.app_time,a.view,a.approval_time,m.room_id,m.start,m.end,m.title,m.content from tb_approval a,tb_meeting_app m,tb_users u where u.id=a.user_id and a.user_id='50' and a.state in('1','2') and a.app_type=4 and a.id=m.app_id order by a.id desc [ RunTime:0.0010s ]
INFO: [ app_end ] --START--
INFO: Run Behavior\ShowPageTraceBehavior [ RunTime:0.001000s ]
INFO: [ app_end ] --END-- [ RunTime:0.001000s ]

[ 2016-06-13T23:59:47+08:00 ] 10.12.243.7 /index.php?c=login&a=login
INFO: [ app_init ] --START--
INFO: Run Behavior\BuildLiteBehavior [ RunTime:0.000000s ]
INFO: [ app_init ] --END-- [ RunTime:0.001001s ]
INFO: [ app_begin ] --START--
INFO: Run Behavior\ReadHtmlCacheBehavior [ RunTime:0.001000s ]
INFO: [ app_begin ] --END-- [ RunTime:0.001000s ]
SQL: SHOW COLUMNS FROM `tb_users` [ RunTime:0.0050s ]
SQL: SELECT * FROM `tb_users` WHERE ( user_name='user' )  [ RunTime:0.0010s ]
SQL: SHOW COLUMNS FROM `tb_users` [ RunTime:0.0040s ]
SQL: update tb_users set token='81baae1721bdf2ee598beeadc345675a' where user_name ='user' [ RunTime:0.0350s ]
SQL: select u.id,u.name,u.email,u.mobile,u.sex,u.birthday,u.token,t.role_name,t.level,p.pic_url from tb_users u,tb_user_role r,tb_user_pic p,tb_role t where u.id='49' and u.id=r.user_id and u.id=p.user_id and t.id=r.role_id [ RunTime:0.0010s ]
INFO: [ app_end ] --START--
INFO: Run Behavior\ShowPageTraceBehavior [ RunTime:0.001000s ]
INFO: [ app_end ] --END-- [ RunTime:0.001000s ]

[ 2016-06-13T23:59:48+08:00 ] 10.12.243.7 /index.php?c=announce&a=see
INFO: [ app_init ] --START--
INFO: Run Behavior\BuildLiteBehavior [ RunTime:0.000000s ]
INFO: [ app_init ] --END-- [ RunTime:0.000000s ]
INFO: [ app_begin ] --START--
INFO: Run Behavior\ReadHtmlCacheBehavior [ RunTime:0.001000s ]
INFO: [ app_begin ] --END-- [ RunTime:0.001000s ]
SQL: SHOW COLUMNS FROM `tb_users` [ RunTime:0.0050s ]
SQL: SELECT `token` FROM `tb_users` WHERE ( id='49' )  [ RunTime:0.0000s ]
SQL: SHOW COLUMNS FROM `tb_announce` [ RunTime:0.0040s ]
SQL: select a.id,a.title,a.content,a.create_time,u.user_name,p.pic_url from tb_users as u,tb_announce as a,tb_user_pic as p where p.user_id=u.id and u.id=a.user_id  ORDER BY a.id desc  [ RunTime:0.0000s ]
SQL: SHOW COLUMNS FROM `tb_announce_read` [ RunTime:0.0030s ]
SQL: SELECT `announce_id` FROM `tb_announce_read` WHERE ( user_id='49' )  [ RunTime:0.0000s ]
SQL: SHOW COLUMNS FROM `tb_announce_pic_rel` [ RunTime:0.0040s ]
SQL: select p.pic_url from tb_announce_pic_rel r,tb_announce_pic p where r.pic_id=p.id and r.announce_id='238' [ RunTime:0.0000s ]
NOTIC: [8] Undefined offset: 0 D:\xampp\htdocs\office\Home\Controller\AnnounceController.class.php 第 93 行.
INFO: [ app_end ] --START--
INFO: Run Behavior\ShowPageTraceBehavior [ RunTime:0.001000s ]
INFO: [ app_end ] --END-- [ RunTime:0.002000s ]

[ 2016-06-13T23:59:52+08:00 ] 10.12.243.7 /index.php?c=Meeting&a=myApply
INFO: [ app_init ] --START--
INFO: Run Behavior\BuildLiteBehavior [ RunTime:0.000000s ]
INFO: [ app_init ] --END-- [ RunTime:0.001000s ]
INFO: [ app_begin ] --START--
INFO: Run Behavior\ReadHtmlCacheBehavior [ RunTime:0.001000s ]
INFO: [ app_begin ] --END-- [ RunTime:0.001000s ]
SQL: SHOW COLUMNS FROM `tb_users` [ RunTime:0.0050s ]
SQL: SELECT `token` FROM `tb_users` WHERE ( id='49' )  [ RunTime:0.0000s ]
SQL: SHOW COLUMNS FROM `tb_approval` [ RunTime:0.0050s ]
SQL: select u.user_name,a.id,a.approver,a.state,a.app_time,a.view,a.approval_time,m.room_id,m.start,m.end,m.title,m.content from tb_approval a,tb_meeting_app m,tb_users u where u.id=a.user_id and a.user_id='49' and app_type=4 and a.id=m.app_id order by a.id desc [ RunTime:0.0000s ]
INFO: [ app_end ] --START--
INFO: Run Behavior\ShowPageTraceBehavior [ RunTime:0.000000s ]
INFO: [ app_end ] --END-- [ RunTime:0.000000s ]

