[ 2016-04-07T00:01:32+08:00 ] 10.12.243.7 /index.php?c=login&a=login
INFO: [ app_init ] --START--
INFO: Run Behavior\BuildLiteBehavior [ RunTime:0.000000s ]
INFO: [ app_init ] --END-- [ RunTime:0.001001s ]
INFO: [ app_begin ] --START--
INFO: Run Behavior\ReadHtmlCacheBehavior [ RunTime:0.001000s ]
INFO: [ app_begin ] --END-- [ RunTime:0.001000s ]
SQL: SHOW COLUMNS FROM `tb_users` [ RunTime:0.0050s ]
SQL: SELECT * FROM `tb_users` WHERE ( user_name='user' )  [ RunTime:0.0000s ]
SQL: SHOW COLUMNS FROM `tb_user_role` [ RunTime:0.0040s ]
SQL: select b.role_name,b.level from tb_user_role as a ,tb_role as b where a.role_id=b.id and a.user_id=2 [ RunTime:0.0010s ]
INFO: [ app_end ] --START--
INFO: Run Behavior\ShowPageTraceBehavior [ RunTime:0.001000s ]
INFO: [ app_end ] --END-- [ RunTime:0.001000s ]

[ 2016-04-07T00:17:52+08:00 ] 10.12.243.7 /index.php?c=login&a=login
INFO: [ app_init ] --START--
INFO: Run Behavior\BuildLiteBehavior [ RunTime:0.000000s ]
INFO: [ app_init ] --END-- [ RunTime:0.001000s ]
INFO: [ app_begin ] --START--
INFO: Run Behavior\ReadHtmlCacheBehavior [ RunTime:0.001000s ]
INFO: [ app_begin ] --END-- [ RunTime:0.001000s ]
SQL: SHOW COLUMNS FROM `tb_users` [ RunTime:0.0040s ]
SQL: SELECT * FROM `tb_users` WHERE ( user_name='user' )  [ RunTime:0.0000s ]
SQL: SHOW COLUMNS FROM `tb_user_role` [ RunTime:0.0040s ]
SQL: select b.role_name,b.level from tb_user_role as a ,tb_role as b where a.role_id=b.id and a.user_id=2 [ RunTime:0.0010s ]
INFO: [ app_end ] --START--
INFO: Run Behavior\ShowPageTraceBehavior [ RunTime:0.001000s ]
INFO: [ app_end ] --END-- [ RunTime:0.001000s ]

[ 2016-04-07T00:18:58+08:00 ] 10.12.243.7 /index.php?c=login&a=login
INFO: [ app_init ] --START--
INFO: Run Behavior\BuildLiteBehavior [ RunTime:0.000000s ]
INFO: [ app_init ] --END-- [ RunTime:0.001000s ]
INFO: [ app_begin ] --START--
INFO: Run Behavior\ReadHtmlCacheBehavior [ RunTime:0.001000s ]
INFO: [ app_begin ] --END-- [ RunTime:0.001000s ]
SQL: SHOW COLUMNS FROM `tb_users` [ RunTime:0.0040s ]
SQL: SELECT * FROM `tb_users` WHERE ( user_name='user' )  [ RunTime:0.0010s ]
SQL: SHOW COLUMNS FROM `tb_user_role` [ RunTime:0.0040s ]
SQL: select b.role_name,b.level from tb_user_role as a ,tb_role as b where a.role_id=b.id and a.user_id=2 [ RunTime:0.0000s ]
INFO: [ app_end ] --START--
INFO: Run Behavior\ShowPageTraceBehavior [ RunTime:0.001000s ]
INFO: [ app_end ] --END-- [ RunTime:0.001000s ]

