[ 2016-04-21T00:22:48+08:00 ] 10.12.243.7 /index.php?c=login&a=login
INFO: [ app_init ] --START--
INFO: Run Behavior\BuildLiteBehavior [ RunTime:0.000000s ]
INFO: [ app_init ] --END-- [ RunTime:0.015600s ]
INFO: [ app_begin ] --START--
INFO: Run Behavior\ReadHtmlCacheBehavior [ RunTime:0.000000s ]
INFO: [ app_begin ] --END-- [ RunTime:0.000000s ]
SQL: SHOW COLUMNS FROM `tb_users` [ RunTime:0.0000s ]
SQL: SELECT * FROM `tb_users` WHERE ( user_name='admin' )  [ RunTime:0.0000s ]
SQL: SHOW COLUMNS FROM `tb_user_role` [ RunTime:0.0000s ]
SQL: select b.role_name,b.level from tb_user_role as a ,tb_role as b where a.role_id=b.id and a.user_id=50 [ RunTime:0.0000s ]
INFO: [ app_end ] --START--
INFO: Run Behavior\ShowPageTraceBehavior [ RunTime:0.000000s ]
INFO: [ app_end ] --END-- [ RunTime:0.000000s ]

[ 2016-04-21T00:22:48+08:00 ] 10.12.243.7 /index.php?c=announce&a=see&user_id=50&token=2562bc5a1585da904a8ac89acf213a18
INFO: [ app_init ] --START--
INFO: Run Behavior\BuildLiteBehavior [ RunTime:0.000000s ]
INFO: [ app_init ] --END-- [ RunTime:0.000000s ]
INFO: [ app_begin ] --START--
INFO: Run Behavior\ReadHtmlCacheBehavior [ RunTime:0.000000s ]
INFO: [ app_begin ] --END-- [ RunTime:0.000000s ]
SQL: SHOW COLUMNS FROM `tb_users` [ RunTime:0.0000s ]
SQL: SELECT `token` FROM `tb_users` WHERE ( id='50' )  [ RunTime:0.0000s ]
SQL: SHOW COLUMNS FROM `tb_announce_pic_rel` [ RunTime:0.0000s ]
SQL: select a.id,a.title,a.content,a.create_time,p.pic_url,u.user_name from tb_users as u,tb_announce as a,tb_announce_pic as p,tb_announce_pic_rel as r where r.announce_id=a.id and r.pic_id=p.id and u.id=a.user_id ORDER BY a.id desc  [ RunTime:0.0000s ]
SQL: SHOW COLUMNS FROM `tb_announce_read` [ RunTime:0.0000s ]
SQL: SELECT `announce_id` FROM `tb_announce_read` WHERE ( user_id='50' )  [ RunTime:0.0000s ]
INFO: [ app_end ] --START--
INFO: Run Behavior\ShowPageTraceBehavior [ RunTime:0.000000s ]
INFO: [ app_end ] --END-- [ RunTime:0.000000s ]

[ 2016-04-21T00:31:03+08:00 ] 10.12.243.7 /index.php?c=login&a=login
INFO: [ app_init ] --START--
INFO: Run Behavior\BuildLiteBehavior [ RunTime:0.000000s ]
INFO: [ app_init ] --END-- [ RunTime:0.000000s ]
INFO: [ app_begin ] --START--
INFO: Run Behavior\ReadHtmlCacheBehavior [ RunTime:0.000000s ]
INFO: [ app_begin ] --END-- [ RunTime:0.000000s ]
SQL: SHOW COLUMNS FROM `tb_users` [ RunTime:0.0000s ]
SQL: SELECT * FROM `tb_users` WHERE ( user_name='admin' )  [ RunTime:0.0000s ]
SQL: SHOW COLUMNS FROM `tb_user_role` [ RunTime:0.0156s ]
SQL: select b.role_name,b.level from tb_user_role as a ,tb_role as b where a.role_id=b.id and a.user_id=50 [ RunTime:0.0000s ]
INFO: [ app_end ] --START--
INFO: Run Behavior\ShowPageTraceBehavior [ RunTime:0.000000s ]
INFO: [ app_end ] --END-- [ RunTime:0.000000s ]

[ 2016-04-21T00:31:03+08:00 ] 10.12.243.7 /index.php?c=announce&a=see&user_id=50&token=2562bc5a1585da904a8ac89acf213a18
INFO: [ app_init ] --START--
INFO: Run Behavior\BuildLiteBehavior [ RunTime:0.000000s ]
INFO: [ app_init ] --END-- [ RunTime:0.000000s ]
INFO: [ app_begin ] --START--
INFO: Run Behavior\ReadHtmlCacheBehavior [ RunTime:0.000000s ]
INFO: [ app_begin ] --END-- [ RunTime:0.000000s ]
SQL: SHOW COLUMNS FROM `tb_users` [ RunTime:0.0000s ]
SQL: SELECT `token` FROM `tb_users` WHERE ( id='50' )  [ RunTime:0.0000s ]
SQL: SHOW COLUMNS FROM `tb_announce_pic_rel` [ RunTime:0.0000s ]
SQL: select a.id,a.title,a.content,a.create_time,p.pic_url,u.user_name from tb_users as u,tb_announce as a,tb_announce_pic as p,tb_announce_pic_rel as r where r.announce_id=a.id and r.pic_id=p.id and u.id=a.user_id ORDER BY a.id desc  [ RunTime:0.0000s ]
SQL: SHOW COLUMNS FROM `tb_announce_read` [ RunTime:0.0156s ]
SQL: SELECT `announce_id` FROM `tb_announce_read` WHERE ( user_id='50' )  [ RunTime:0.0000s ]
INFO: [ app_end ] --START--
INFO: Run Behavior\ShowPageTraceBehavior [ RunTime:0.000000s ]
INFO: [ app_end ] --END-- [ RunTime:0.000000s ]

[ 2016-04-21T00:33:09+08:00 ] 10.12.243.7 /index.php?c=login&a=login
INFO: [ app_init ] --START--
INFO: Run Behavior\BuildLiteBehavior [ RunTime:0.000000s ]
INFO: [ app_init ] --END-- [ RunTime:0.000000s ]
INFO: [ app_begin ] --START--
INFO: Run Behavior\ReadHtmlCacheBehavior [ RunTime:0.000000s ]
INFO: [ app_begin ] --END-- [ RunTime:0.000000s ]
SQL: SHOW COLUMNS FROM `tb_users` [ RunTime:0.0156s ]
SQL: SELECT * FROM `tb_users` WHERE ( user_name='admin' )  [ RunTime:0.0000s ]
SQL: SHOW COLUMNS FROM `tb_user_role` [ RunTime:0.0000s ]
SQL: select b.role_name,b.level from tb_user_role as a ,tb_role as b where a.role_id=b.id and a.user_id=50 [ RunTime:0.0000s ]
INFO: [ app_end ] --START--
INFO: Run Behavior\ShowPageTraceBehavior [ RunTime:0.000000s ]
INFO: [ app_end ] --END-- [ RunTime:0.000000s ]

[ 2016-04-21T00:33:10+08:00 ] 10.12.243.7 /index.php?c=announce&a=see&user_id=50&token=2562bc5a1585da904a8ac89acf213a18
INFO: [ app_init ] --START--
INFO: Run Behavior\BuildLiteBehavior [ RunTime:0.000000s ]
INFO: [ app_init ] --END-- [ RunTime:0.000000s ]
INFO: [ app_begin ] --START--
INFO: Run Behavior\ReadHtmlCacheBehavior [ RunTime:0.000000s ]
INFO: [ app_begin ] --END-- [ RunTime:0.000000s ]
SQL: SHOW COLUMNS FROM `tb_users` [ RunTime:0.0000s ]
SQL: SELECT `token` FROM `tb_users` WHERE ( id='50' )  [ RunTime:0.0000s ]
SQL: SHOW COLUMNS FROM `tb_announce_pic_rel` [ RunTime:0.0000s ]
SQL: select a.id,a.title,a.content,a.create_time,p.pic_url,u.user_name from tb_users as u,tb_announce as a,tb_announce_pic as p,tb_announce_pic_rel as r where r.announce_id=a.id and r.pic_id=p.id and u.id=a.user_id ORDER BY a.id desc  [ RunTime:0.0000s ]
SQL: SHOW COLUMNS FROM `tb_announce_read` [ RunTime:0.0000s ]
SQL: SELECT `announce_id` FROM `tb_announce_read` WHERE ( user_id='50' )  [ RunTime:0.0000s ]
INFO: [ app_end ] --START--
INFO: Run Behavior\ShowPageTraceBehavior [ RunTime:0.000000s ]
INFO: [ app_end ] --END-- [ RunTime:0.000000s ]

[ 2016-04-21T13:16:13+08:00 ] 110.64.211.20 /index.php?c=login&a=login
INFO: [ app_init ] --START--
INFO: Run Behavior\BuildLiteBehavior [ RunTime:0.000000s ]
INFO: [ app_init ] --END-- [ RunTime:0.000000s ]
INFO: [ app_begin ] --START--
INFO: Run Behavior\ReadHtmlCacheBehavior [ RunTime:0.000000s ]
INFO: [ app_begin ] --END-- [ RunTime:0.000000s ]
SQL: SHOW COLUMNS FROM `tb_users` [ RunTime:0.0156s ]
SQL: SELECT * FROM `tb_users` WHERE ( user_name='admin' )  [ RunTime:0.0000s ]
SQL: SHOW COLUMNS FROM `tb_user_role` [ RunTime:0.0312s ]
SQL: select b.role_name,b.level from tb_user_role as a ,tb_role as b where a.role_id=b.id and a.user_id=50 [ RunTime:0.0312s ]
INFO: [ app_end ] --START--
INFO: Run Behavior\ShowPageTraceBehavior [ RunTime:0.000000s ]
INFO: [ app_end ] --END-- [ RunTime:0.000000s ]

[ 2016-04-21T13:16:14+08:00 ] 110.64.211.20 /index.php?c=announce&a=see&user_id=50&token=2562bc5a1585da904a8ac89acf213a18
INFO: [ app_init ] --START--
INFO: Run Behavior\BuildLiteBehavior [ RunTime:0.000000s ]
INFO: [ app_init ] --END-- [ RunTime:0.000000s ]
INFO: [ app_begin ] --START--
INFO: Run Behavior\ReadHtmlCacheBehavior [ RunTime:0.000000s ]
INFO: [ app_begin ] --END-- [ RunTime:0.000000s ]
SQL: SHOW COLUMNS FROM `tb_users` [ RunTime:0.0000s ]
SQL: SELECT `token` FROM `tb_users` WHERE ( id='50' )  [ RunTime:0.0000s ]
SQL: SHOW COLUMNS FROM `tb_announce_pic_rel` [ RunTime:0.0156s ]
SQL: select a.id,a.title,a.content,a.create_time,p.pic_url,u.user_name from tb_users as u,tb_announce as a,tb_announce_pic as p,tb_announce_pic_rel as r where r.announce_id=a.id and r.pic_id=p.id and u.id=a.user_id ORDER BY a.id desc  [ RunTime:0.0468s ]
SQL: SHOW COLUMNS FROM `tb_announce_read` [ RunTime:0.0156s ]
SQL: SELECT `announce_id` FROM `tb_announce_read` WHERE ( user_id='50' )  [ RunTime:0.0000s ]
INFO: [ app_end ] --START--
INFO: Run Behavior\ShowPageTraceBehavior [ RunTime:0.000000s ]
INFO: [ app_end ] --END-- [ RunTime:0.000000s ]

[ 2016-04-21T13:17:18+08:00 ] 110.64.211.20 /index.php?c=login&a=login
INFO: [ app_init ] --START--
INFO: Run Behavior\BuildLiteBehavior [ RunTime:0.000000s ]
INFO: [ app_init ] --END-- [ RunTime:0.000000s ]
INFO: [ app_begin ] --START--
INFO: Run Behavior\ReadHtmlCacheBehavior [ RunTime:0.000000s ]
INFO: [ app_begin ] --END-- [ RunTime:0.000000s ]
SQL: SHOW COLUMNS FROM `tb_users` [ RunTime:0.0000s ]
SQL: SELECT * FROM `tb_users` WHERE ( user_name='admin' )  [ RunTime:0.0000s ]
SQL: SHOW COLUMNS FROM `tb_user_role` [ RunTime:0.0000s ]
SQL: select b.role_name,b.level from tb_user_role as a ,tb_role as b where a.role_id=b.id and a.user_id=50 [ RunTime:0.0000s ]
INFO: [ app_end ] --START--
INFO: Run Behavior\ShowPageTraceBehavior [ RunTime:0.000000s ]
INFO: [ app_end ] --END-- [ RunTime:0.000000s ]

[ 2016-04-21T13:17:18+08:00 ] 110.64.211.20 /index.php?c=announce&a=see&user_id=50&token=2562bc5a1585da904a8ac89acf213a18
INFO: [ app_init ] --START--
INFO: Run Behavior\BuildLiteBehavior [ RunTime:0.000000s ]
INFO: [ app_init ] --END-- [ RunTime:0.000000s ]
INFO: [ app_begin ] --START--
INFO: Run Behavior\ReadHtmlCacheBehavior [ RunTime:0.000000s ]
INFO: [ app_begin ] --END-- [ RunTime:0.000000s ]
SQL: SHOW COLUMNS FROM `tb_users` [ RunTime:0.0000s ]
SQL: SELECT `token` FROM `tb_users` WHERE ( id='50' )  [ RunTime:0.0000s ]
SQL: SHOW COLUMNS FROM `tb_announce_pic_rel` [ RunTime:0.0000s ]
SQL: select a.id,a.title,a.content,a.create_time,p.pic_url,u.user_name from tb_users as u,tb_announce as a,tb_announce_pic as p,tb_announce_pic_rel as r where r.announce_id=a.id and r.pic_id=p.id and u.id=a.user_id ORDER BY a.id desc  [ RunTime:0.0000s ]
SQL: SHOW COLUMNS FROM `tb_announce_read` [ RunTime:0.0000s ]
SQL: SELECT `announce_id` FROM `tb_announce_read` WHERE ( user_id='50' )  [ RunTime:0.0000s ]
INFO: [ app_end ] --START--
INFO: Run Behavior\ShowPageTraceBehavior [ RunTime:0.000000s ]
INFO: [ app_end ] --END-- [ RunTime:0.000000s ]

[ 2016-04-21T13:18:21+08:00 ] 110.64.211.20 /index.php?c=login&a=login
INFO: [ app_init ] --START--
INFO: Run Behavior\BuildLiteBehavior [ RunTime:0.000000s ]
INFO: [ app_init ] --END-- [ RunTime:0.001000s ]
INFO: [ app_begin ] --START--
INFO: Run Behavior\ReadHtmlCacheBehavior [ RunTime:0.001000s ]
INFO: [ app_begin ] --END-- [ RunTime:0.001000s ]
SQL: SHOW COLUMNS FROM `tb_users` [ RunTime:0.0050s ]
SQL: SELECT * FROM `tb_users` WHERE ( user_name='admin' )  [ RunTime:0.0000s ]
SQL: SHOW COLUMNS FROM `tb_user_role` [ RunTime:0.0060s ]
SQL: select b.role_name,b.level from tb_user_role as a ,tb_role as b where a.role_id=b.id and a.user_id=50 [ RunTime:0.0000s ]
INFO: [ app_end ] --START--
INFO: Run Behavior\ShowPageTraceBehavior [ RunTime:0.001000s ]
INFO: [ app_end ] --END-- [ RunTime:0.001000s ]

[ 2016-04-21T13:18:22+08:00 ] 110.64.211.20 /index.php?c=announce&a=see&user_id=50&token=2562bc5a1585da904a8ac89acf213a18
INFO: [ app_init ] --START--
INFO: Run Behavior\BuildLiteBehavior [ RunTime:0.000000s ]
INFO: [ app_init ] --END-- [ RunTime:0.001000s ]
INFO: [ app_begin ] --START--
INFO: Run Behavior\ReadHtmlCacheBehavior [ RunTime:0.001000s ]
INFO: [ app_begin ] --END-- [ RunTime:0.001000s ]
SQL: SHOW COLUMNS FROM `tb_users` [ RunTime:0.0070s ]
SQL: SELECT `token` FROM `tb_users` WHERE ( id='50' )  [ RunTime:0.0000s ]
SQL: SHOW COLUMNS FROM `tb_announce_pic_rel` [ RunTime:0.0050s ]
SQL: select a.id,a.title,a.content,a.create_time,p.pic_url,u.user_name from tb_users as u,tb_announce as a,tb_announce_pic as p,tb_announce_pic_rel as r where r.announce_id=a.id and r.pic_id=p.id and u.id=a.user_id ORDER BY a.id desc  [ RunTime:0.0000s ]
SQL: SHOW COLUMNS FROM `tb_announce_read` [ RunTime:0.0050s ]
SQL: SELECT `announce_id` FROM `tb_announce_read` WHERE ( user_id='50' )  [ RunTime:0.0000s ]
INFO: [ app_end ] --START--
INFO: Run Behavior\ShowPageTraceBehavior [ RunTime:0.001000s ]
INFO: [ app_end ] --END-- [ RunTime:0.001000s ]

[ 2016-04-21T13:49:48+08:00 ] 110.64.211.20 /index.php?c=login&a=login
INFO: [ app_init ] --START--
INFO: Run Behavior\BuildLiteBehavior [ RunTime:0.000000s ]
INFO: [ app_init ] --END-- [ RunTime:0.001000s ]
INFO: [ app_begin ] --START--
INFO: Run Behavior\ReadHtmlCacheBehavior [ RunTime:0.001001s ]
INFO: [ app_begin ] --END-- [ RunTime:0.001001s ]
SQL: SHOW COLUMNS FROM `tb_users` [ RunTime:0.0060s ]
SQL: SELECT * FROM `tb_users` WHERE ( user_name='admin' )  [ RunTime:0.0000s ]
SQL: SHOW COLUMNS FROM `tb_user_role` [ RunTime:0.0050s ]
SQL: select b.role_name,b.level from tb_user_role as a ,tb_role as b where a.role_id=b.id and a.user_id=50 [ RunTime:0.0010s ]
INFO: [ app_end ] --START--
INFO: Run Behavior\ShowPageTraceBehavior [ RunTime:0.001000s ]
INFO: [ app_end ] --END-- [ RunTime:0.001000s ]

[ 2016-04-21T13:49:48+08:00 ] 110.64.211.20 /index.php?c=announce&a=see&user_id=50&token=2562bc5a1585da904a8ac89acf213a18
INFO: [ app_init ] --START--
INFO: Run Behavior\BuildLiteBehavior [ RunTime:0.000000s ]
INFO: [ app_init ] --END-- [ RunTime:0.001000s ]
INFO: [ app_begin ] --START--
INFO: Run Behavior\ReadHtmlCacheBehavior [ RunTime:0.000000s ]
INFO: [ app_begin ] --END-- [ RunTime:0.001000s ]
SQL: SHOW COLUMNS FROM `tb_users` [ RunTime:0.0040s ]
SQL: SELECT `token` FROM `tb_users` WHERE ( id='50' )  [ RunTime:0.0000s ]
SQL: SHOW COLUMNS FROM `tb_announce_pic_rel` [ RunTime:0.0050s ]
SQL: select a.id,a.title,a.content,a.create_time,p.pic_url,u.user_name from tb_users as u,tb_announce as a,tb_announce_pic as p,tb_announce_pic_rel as r where r.announce_id=a.id and r.pic_id=p.id and u.id=a.user_id ORDER BY a.id desc  [ RunTime:0.0030s ]
SQL: SHOW COLUMNS FROM `tb_announce_read` [ RunTime:0.0050s ]
SQL: SELECT `announce_id` FROM `tb_announce_read` WHERE ( user_id='50' )  [ RunTime:0.0010s ]
INFO: [ app_end ] --START--
INFO: Run Behavior\ShowPageTraceBehavior [ RunTime:0.000000s ]
INFO: [ app_end ] --END-- [ RunTime:0.001000s ]

[ 2016-04-21T13:57:33+08:00 ] 110.64.211.20 /index.php?c=login&a=login
INFO: [ app_init ] --START--
INFO: Run Behavior\BuildLiteBehavior [ RunTime:0.000000s ]
INFO: [ app_init ] --END-- [ RunTime:0.000000s ]
INFO: [ app_begin ] --START--
INFO: Run Behavior\ReadHtmlCacheBehavior [ RunTime:0.000000s ]
INFO: [ app_begin ] --END-- [ RunTime:0.001000s ]
SQL: SHOW COLUMNS FROM `tb_users` [ RunTime:0.0080s ]
SQL: SELECT * FROM `tb_users` WHERE ( user_name='admin' )  [ RunTime:0.0000s ]
SQL: SHOW COLUMNS FROM `tb_user_role` [ RunTime:0.0060s ]
SQL: select b.role_name,b.level from tb_user_role as a ,tb_role as b where a.role_id=b.id and a.user_id=50 [ RunTime:0.0010s ]
INFO: [ app_end ] --START--
INFO: Run Behavior\ShowPageTraceBehavior [ RunTime:0.001000s ]
INFO: [ app_end ] --END-- [ RunTime:0.001000s ]

[ 2016-04-21T13:57:33+08:00 ] 110.64.211.20 /index.php?c=announce&a=see&user_id=50&token=2562bc5a1585da904a8ac89acf213a18
INFO: [ app_init ] --START--
INFO: Run Behavior\BuildLiteBehavior [ RunTime:0.000000s ]
INFO: [ app_init ] --END-- [ RunTime:0.001000s ]
INFO: [ app_begin ] --START--
INFO: Run Behavior\ReadHtmlCacheBehavior [ RunTime:0.001000s ]
INFO: [ app_begin ] --END-- [ RunTime:0.001000s ]
SQL: SHOW COLUMNS FROM `tb_users` [ RunTime:0.0060s ]
SQL: SELECT `token` FROM `tb_users` WHERE ( id='50' )  [ RunTime:0.0000s ]
SQL: SHOW COLUMNS FROM `tb_announce_pic_rel` [ RunTime:0.0060s ]
SQL: select a.id,a.title,a.content,a.create_time,p.pic_url,u.user_name from tb_users as u,tb_announce as a,tb_announce_pic as p,tb_announce_pic_rel as r where r.announce_id=a.id and r.pic_id=p.id and u.id=a.user_id ORDER BY a.id desc  [ RunTime:0.0010s ]
SQL: SHOW COLUMNS FROM `tb_announce_read` [ RunTime:0.0060s ]
SQL: SELECT `announce_id` FROM `tb_announce_read` WHERE ( user_id='50' )  [ RunTime:0.0000s ]
INFO: [ app_end ] --START--
INFO: Run Behavior\ShowPageTraceBehavior [ RunTime:0.001000s ]
INFO: [ app_end ] --END-- [ RunTime:0.001000s ]

[ 2016-04-21T13:59:04+08:00 ] 110.64.211.20 /index.php?c=login&a=login
INFO: [ app_init ] --START--
INFO: Run Behavior\BuildLiteBehavior [ RunTime:0.000000s ]
INFO: [ app_init ] --END-- [ RunTime:0.000000s ]
INFO: [ app_begin ] --START--
INFO: Run Behavior\ReadHtmlCacheBehavior [ RunTime:0.000000s ]
INFO: [ app_begin ] --END-- [ RunTime:0.000000s ]
SQL: SHOW COLUMNS FROM `tb_users` [ RunTime:0.0070s ]
SQL: SELECT * FROM `tb_users` WHERE ( user_name='admin' )  [ RunTime:0.0010s ]
SQL: SHOW COLUMNS FROM `tb_user_role` [ RunTime:0.0070s ]
SQL: select b.role_name,b.level from tb_user_role as a ,tb_role as b where a.role_id=b.id and a.user_id=50 [ RunTime:0.0010s ]
INFO: [ app_end ] --START--
INFO: Run Behavior\ShowPageTraceBehavior [ RunTime:0.000000s ]
INFO: [ app_end ] --END-- [ RunTime:0.001000s ]

[ 2016-04-21T13:59:04+08:00 ] 110.64.211.20 /index.php?c=announce&a=see&user_id=50&token=2562bc5a1585da904a8ac89acf213a18
INFO: [ app_init ] --START--
INFO: Run Behavior\BuildLiteBehavior [ RunTime:0.000000s ]
INFO: [ app_init ] --END-- [ RunTime:0.001000s ]
INFO: [ app_begin ] --START--
INFO: Run Behavior\ReadHtmlCacheBehavior [ RunTime:0.000000s ]
INFO: [ app_begin ] --END-- [ RunTime:0.000000s ]
SQL: SHOW COLUMNS FROM `tb_users` [ RunTime:0.0060s ]
SQL: SELECT `token` FROM `tb_users` WHERE ( id='50' )  [ RunTime:0.0000s ]
SQL: SHOW COLUMNS FROM `tb_announce_pic_rel` [ RunTime:0.0100s ]
SQL: select a.id,a.title,a.content,a.create_time,p.pic_url,u.user_name from tb_users as u,tb_announce as a,tb_announce_pic as p,tb_announce_pic_rel as r where r.announce_id=a.id and r.pic_id=p.id and u.id=a.user_id ORDER BY a.id desc  [ RunTime:0.0010s ]
SQL: SHOW COLUMNS FROM `tb_announce_read` [ RunTime:0.0060s ]
SQL: SELECT `announce_id` FROM `tb_announce_read` WHERE ( user_id='50' )  [ RunTime:0.0010s ]
INFO: [ app_end ] --START--
INFO: Run Behavior\ShowPageTraceBehavior [ RunTime:0.001000s ]
INFO: [ app_end ] --END-- [ RunTime:0.001000s ]

[ 2016-04-21T14:05:25+08:00 ] 110.64.211.20 /index.php?c=login&a=login
INFO: [ app_init ] --START--
INFO: Run Behavior\BuildLiteBehavior [ RunTime:0.000000s ]
INFO: [ app_init ] --END-- [ RunTime:0.001000s ]
INFO: [ app_begin ] --START--
INFO: Run Behavior\ReadHtmlCacheBehavior [ RunTime:0.001000s ]
INFO: [ app_begin ] --END-- [ RunTime:0.001000s ]
SQL: SHOW COLUMNS FROM `tb_users` [ RunTime:0.0090s ]
SQL: SELECT * FROM `tb_users` WHERE ( user_name='admin' )  [ RunTime:0.0010s ]
SQL: SHOW COLUMNS FROM `tb_user_role` [ RunTime:0.0050s ]
SQL: select b.role_name,b.level from tb_user_role as a ,tb_role as b where a.role_id=b.id and a.user_id=50 [ RunTime:0.0000s ]
INFO: [ app_end ] --START--
INFO: Run Behavior\ShowPageTraceBehavior [ RunTime:0.001000s ]
INFO: [ app_end ] --END-- [ RunTime:0.001000s ]

[ 2016-04-21T14:05:26+08:00 ] 110.64.211.20 /index.php?c=announce&a=see&user_id=50&token=2562bc5a1585da904a8ac89acf213a18
INFO: [ app_init ] --START--
INFO: Run Behavior\BuildLiteBehavior [ RunTime:0.000000s ]
INFO: [ app_init ] --END-- [ RunTime:0.001000s ]
INFO: [ app_begin ] --START--
INFO: Run Behavior\ReadHtmlCacheBehavior [ RunTime:0.001000s ]
INFO: [ app_begin ] --END-- [ RunTime:0.001000s ]
SQL: SHOW COLUMNS FROM `tb_users` [ RunTime:0.0070s ]
SQL: SELECT `token` FROM `tb_users` WHERE ( id='50' )  [ RunTime:0.0000s ]
SQL: SHOW COLUMNS FROM `tb_announce_pic_rel` [ RunTime:0.0050s ]
SQL: select a.id,a.title,a.content,a.create_time,p.pic_url,u.user_name from tb_users as u,tb_announce as a,tb_announce_pic as p,tb_announce_pic_rel as r where r.announce_id=a.id and r.pic_id=p.id and u.id=a.user_id ORDER BY a.id desc  [ RunTime:0.0010s ]
SQL: SHOW COLUMNS FROM `tb_announce_read` [ RunTime:0.0050s ]
SQL: SELECT `announce_id` FROM `tb_announce_read` WHERE ( user_id='50' )  [ RunTime:0.0010s ]
INFO: [ app_end ] --START--
INFO: Run Behavior\ShowPageTraceBehavior [ RunTime:0.001000s ]
INFO: [ app_end ] --END-- [ RunTime:0.001000s ]

[ 2016-04-21T14:05:29+08:00 ] 110.64.211.20 /index.php?c=announce&a=see&user_id=50&token=2562bc5a1585da904a8ac89acf213a18
INFO: [ app_init ] --START--
INFO: Run Behavior\BuildLiteBehavior [ RunTime:0.000000s ]
INFO: [ app_init ] --END-- [ RunTime:0.001000s ]
INFO: [ app_begin ] --START--
INFO: Run Behavior\ReadHtmlCacheBehavior [ RunTime:0.000000s ]
INFO: [ app_begin ] --END-- [ RunTime:0.000000s ]
SQL: SHOW COLUMNS FROM `tb_users` [ RunTime:0.0060s ]
SQL: SELECT `token` FROM `tb_users` WHERE ( id='50' )  [ RunTime:0.0000s ]
SQL: SHOW COLUMNS FROM `tb_announce_pic_rel` [ RunTime:0.0060s ]
SQL: select a.id,a.title,a.content,a.create_time,p.pic_url,u.user_name from tb_users as u,tb_announce as a,tb_announce_pic as p,tb_announce_pic_rel as r where r.announce_id=a.id and r.pic_id=p.id and u.id=a.user_id ORDER BY a.id desc  [ RunTime:0.0010s ]
SQL: SHOW COLUMNS FROM `tb_announce_read` [ RunTime:0.0060s ]
SQL: SELECT `announce_id` FROM `tb_announce_read` WHERE ( user_id='50' )  [ RunTime:0.0000s ]
INFO: [ app_end ] --START--
INFO: Run Behavior\ShowPageTraceBehavior [ RunTime:0.000000s ]
INFO: [ app_end ] --END-- [ RunTime:0.000000s ]

[ 2016-04-21T14:05:42+08:00 ] 110.64.211.20 /index.php?c=announce&a=see&user_id=50&token=2562bc5a1585da904a8ac89acf213a18
INFO: [ app_init ] --START--
INFO: Run Behavior\BuildLiteBehavior [ RunTime:0.000000s ]
INFO: [ app_init ] --END-- [ RunTime:0.000000s ]
INFO: [ app_begin ] --START--
INFO: Run Behavior\ReadHtmlCacheBehavior [ RunTime:0.000000s ]
INFO: [ app_begin ] --END-- [ RunTime:0.000000s ]
SQL: SHOW COLUMNS FROM `tb_users` [ RunTime:0.0070s ]
SQL: SELECT `token` FROM `tb_users` WHERE ( id='50' )  [ RunTime:0.0010s ]
SQL: SHOW COLUMNS FROM `tb_announce_pic_rel` [ RunTime:0.0080s ]
SQL: select a.id,a.title,a.content,a.create_time,p.pic_url,u.user_name from tb_users as u,tb_announce as a,tb_announce_pic as p,tb_announce_pic_rel as r where r.announce_id=a.id and r.pic_id=p.id and u.id=a.user_id ORDER BY a.id desc  [ RunTime:0.0010s ]
SQL: SHOW COLUMNS FROM `tb_announce_read` [ RunTime:0.0060s ]
SQL: SELECT `announce_id` FROM `tb_announce_read` WHERE ( user_id='50' )  [ RunTime:0.0000s ]
INFO: [ app_end ] --START--
INFO: Run Behavior\ShowPageTraceBehavior [ RunTime:0.001000s ]
INFO: [ app_end ] --END-- [ RunTime:0.001000s ]

[ 2016-04-21T14:36:51+08:00 ] 110.64.211.20 /index.php?c=login&a=login
INFO: [ app_init ] --START--
INFO: Run Behavior\BuildLiteBehavior [ RunTime:0.000000s ]
INFO: [ app_init ] --END-- [ RunTime:0.000000s ]
INFO: [ app_begin ] --START--
INFO: Run Behavior\ReadHtmlCacheBehavior [ RunTime:0.001000s ]
INFO: [ app_begin ] --END-- [ RunTime:0.001000s ]
SQL: SHOW COLUMNS FROM `tb_users` [ RunTime:0.0050s ]
SQL: SELECT * FROM `tb_users` WHERE ( user_name='admin' )  [ RunTime:0.0010s ]
SQL: SHOW COLUMNS FROM `tb_user_role` [ RunTime:0.0080s ]
SQL: select b.role_name,b.level from tb_user_role as a ,tb_role as b where a.role_id=b.id and a.user_id=50 [ RunTime:0.0020s ]
INFO: [ app_end ] --START--
INFO: Run Behavior\ShowPageTraceBehavior [ RunTime:0.001000s ]
INFO: [ app_end ] --END-- [ RunTime:0.001000s ]

[ 2016-04-21T14:36:52+08:00 ] 110.64.211.20 /index.php?c=announce&a=see&user_id=50&token=2562bc5a1585da904a8ac89acf213a18
INFO: [ app_init ] --START--
INFO: Run Behavior\BuildLiteBehavior [ RunTime:0.000000s ]
INFO: [ app_init ] --END-- [ RunTime:0.001000s ]
INFO: [ app_begin ] --START--
INFO: Run Behavior\ReadHtmlCacheBehavior [ RunTime:0.001000s ]
INFO: [ app_begin ] --END-- [ RunTime:0.001000s ]
SQL: SHOW COLUMNS FROM `tb_users` [ RunTime:0.0050s ]
SQL: SELECT `token` FROM `tb_users` WHERE ( id='50' )  [ RunTime:0.0000s ]
SQL: SHOW COLUMNS FROM `tb_announce_pic_rel` [ RunTime:0.0040s ]
SQL: select a.id,a.title,a.content,a.create_time,p.pic_url,u.user_name from tb_users as u,tb_announce as a,tb_announce_pic as p,tb_announce_pic_rel as r where r.announce_id=a.id and r.pic_id=p.id and u.id=a.user_id ORDER BY a.id desc  [ RunTime:0.0020s ]
SQL: SHOW COLUMNS FROM `tb_announce_read` [ RunTime:0.0050s ]
SQL: SELECT `announce_id` FROM `tb_announce_read` WHERE ( user_id='50' )  [ RunTime:0.0000s ]
INFO: [ app_end ] --START--
INFO: Run Behavior\ShowPageTraceBehavior [ RunTime:0.001000s ]
INFO: [ app_end ] --END-- [ RunTime:0.001000s ]

[ 2016-04-21T14:36:59+08:00 ] 110.64.211.20 /index.php?c=login&a=login
INFO: [ app_init ] --START--
INFO: Run Behavior\BuildLiteBehavior [ RunTime:0.000000s ]
INFO: [ app_init ] --END-- [ RunTime:0.001000s ]
INFO: [ app_begin ] --START--
INFO: Run Behavior\ReadHtmlCacheBehavior [ RunTime:0.001000s ]
INFO: [ app_begin ] --END-- [ RunTime:0.001000s ]
SQL: SHOW COLUMNS FROM `tb_users` [ RunTime:0.0040s ]
SQL: SELECT * FROM `tb_users` WHERE ( user_name='admin' )  [ RunTime:0.0000s ]
SQL: SHOW COLUMNS FROM `tb_user_role` [ RunTime:0.0040s ]
SQL: select b.role_name,b.level from tb_user_role as a ,tb_role as b where a.role_id=b.id and a.user_id=50 [ RunTime:0.0000s ]
INFO: [ app_end ] --START--
INFO: Run Behavior\ShowPageTraceBehavior [ RunTime:0.001000s ]
INFO: [ app_end ] --END-- [ RunTime:0.001000s ]

[ 2016-04-21T14:36:59+08:00 ] 110.64.211.20 /index.php?c=announce&a=see&user_id=50&token=2562bc5a1585da904a8ac89acf213a18
INFO: [ app_init ] --START--
INFO: Run Behavior\BuildLiteBehavior [ RunTime:0.000000s ]
INFO: [ app_init ] --END-- [ RunTime:0.001000s ]
INFO: [ app_begin ] --START--
INFO: Run Behavior\ReadHtmlCacheBehavior [ RunTime:0.001000s ]
INFO: [ app_begin ] --END-- [ RunTime:0.001000s ]
SQL: SHOW COLUMNS FROM `tb_users` [ RunTime:0.0050s ]
SQL: SELECT `token` FROM `tb_users` WHERE ( id='50' )  [ RunTime:0.0010s ]
SQL: SHOW COLUMNS FROM `tb_announce_pic_rel` [ RunTime:0.0040s ]
SQL: select a.id,a.title,a.content,a.create_time,p.pic_url,u.user_name from tb_users as u,tb_announce as a,tb_announce_pic as p,tb_announce_pic_rel as r where r.announce_id=a.id and r.pic_id=p.id and u.id=a.user_id ORDER BY a.id desc  [ RunTime:0.0000s ]
SQL: SHOW COLUMNS FROM `tb_announce_read` [ RunTime:0.0040s ]
SQL: SELECT `announce_id` FROM `tb_announce_read` WHERE ( user_id='50' )  [ RunTime:0.0010s ]
INFO: [ app_end ] --START--
INFO: Run Behavior\ShowPageTraceBehavior [ RunTime:0.001000s ]
INFO: [ app_end ] --END-- [ RunTime:0.001000s ]

[ 2016-04-21T14:37:04+08:00 ] 110.64.211.20 /index.php?c=login&a=login
INFO: [ app_init ] --START--
INFO: Run Behavior\BuildLiteBehavior [ RunTime:0.000000s ]
INFO: [ app_init ] --END-- [ RunTime:0.001000s ]
INFO: [ app_begin ] --START--
INFO: Run Behavior\ReadHtmlCacheBehavior [ RunTime:0.000000s ]
INFO: [ app_begin ] --END-- [ RunTime:0.002000s ]
SQL: SHOW COLUMNS FROM `tb_users` [ RunTime:0.0040s ]
SQL: SELECT * FROM `tb_users` WHERE ( user_name='admin' )  [ RunTime:0.0010s ]
SQL: SHOW COLUMNS FROM `tb_user_role` [ RunTime:0.0040s ]
SQL: select b.role_name,b.level from tb_user_role as a ,tb_role as b where a.role_id=b.id and a.user_id=50 [ RunTime:0.0010s ]
INFO: [ app_end ] --START--
INFO: Run Behavior\ShowPageTraceBehavior [ RunTime:0.000000s ]
INFO: [ app_end ] --END-- [ RunTime:0.000000s ]

[ 2016-04-21T14:37:04+08:00 ] 110.64.211.20 /index.php?c=announce&a=see&user_id=50&token=2562bc5a1585da904a8ac89acf213a18
INFO: [ app_init ] --START--
INFO: Run Behavior\BuildLiteBehavior [ RunTime:0.000000s ]
INFO: [ app_init ] --END-- [ RunTime:0.001000s ]
INFO: [ app_begin ] --START--
INFO: Run Behavior\ReadHtmlCacheBehavior [ RunTime:0.001000s ]
INFO: [ app_begin ] --END-- [ RunTime:0.001000s ]
SQL: SHOW COLUMNS FROM `tb_users` [ RunTime:0.0050s ]
SQL: SELECT `token` FROM `tb_users` WHERE ( id='50' )  [ RunTime:0.0000s ]
SQL: SHOW COLUMNS FROM `tb_announce_pic_rel` [ RunTime:0.0050s ]
SQL: select a.id,a.title,a.content,a.create_time,p.pic_url,u.user_name from tb_users as u,tb_announce as a,tb_announce_pic as p,tb_announce_pic_rel as r where r.announce_id=a.id and r.pic_id=p.id and u.id=a.user_id ORDER BY a.id desc  [ RunTime:0.0010s ]
SQL: SHOW COLUMNS FROM `tb_announce_read` [ RunTime:0.0040s ]
SQL: SELECT `announce_id` FROM `tb_announce_read` WHERE ( user_id='50' )  [ RunTime:0.0000s ]
INFO: [ app_end ] --START--
INFO: Run Behavior\ShowPageTraceBehavior [ RunTime:0.000000s ]
INFO: [ app_end ] --END-- [ RunTime:0.001000s ]

[ 2016-04-21T14:37:10+08:00 ] 110.64.211.20 /index.php?c=login&a=login
INFO: [ app_init ] --START--
INFO: Run Behavior\BuildLiteBehavior [ RunTime:0.000000s ]
INFO: [ app_init ] --END-- [ RunTime:0.001000s ]
INFO: [ app_begin ] --START--
INFO: Run Behavior\ReadHtmlCacheBehavior [ RunTime:0.001000s ]
INFO: [ app_begin ] --END-- [ RunTime:0.001000s ]
SQL: SHOW COLUMNS FROM `tb_users` [ RunTime:0.0070s ]
SQL: SELECT * FROM `tb_users` WHERE ( user_name='admin' )  [ RunTime:0.0000s ]
SQL: SHOW COLUMNS FROM `tb_user_role` [ RunTime:0.0050s ]
SQL: select b.role_name,b.level from tb_user_role as a ,tb_role as b where a.role_id=b.id and a.user_id=50 [ RunTime:0.0000s ]
INFO: [ app_end ] --START--
INFO: Run Behavior\ShowPageTraceBehavior [ RunTime:0.001000s ]
INFO: [ app_end ] --END-- [ RunTime:0.001000s ]

[ 2016-04-21T14:37:10+08:00 ] 110.64.211.20 /index.php?c=announce&a=see&user_id=50&token=2562bc5a1585da904a8ac89acf213a18
INFO: [ app_init ] --START--
INFO: Run Behavior\BuildLiteBehavior [ RunTime:0.000000s ]
INFO: [ app_init ] --END-- [ RunTime:0.000000s ]
INFO: [ app_begin ] --START--
INFO: Run Behavior\ReadHtmlCacheBehavior [ RunTime:0.000000s ]
INFO: [ app_begin ] --END-- [ RunTime:0.002000s ]
SQL: SHOW COLUMNS FROM `tb_users` [ RunTime:0.0040s ]
SQL: SELECT `token` FROM `tb_users` WHERE ( id='50' )  [ RunTime:0.0000s ]
SQL: SHOW COLUMNS FROM `tb_announce_pic_rel` [ RunTime:0.0050s ]
SQL: select a.id,a.title,a.content,a.create_time,p.pic_url,u.user_name from tb_users as u,tb_announce as a,tb_announce_pic as p,tb_announce_pic_rel as r where r.announce_id=a.id and r.pic_id=p.id and u.id=a.user_id ORDER BY a.id desc  [ RunTime:0.0010s ]
SQL: SHOW COLUMNS FROM `tb_announce_read` [ RunTime:0.0040s ]
SQL: SELECT `announce_id` FROM `tb_announce_read` WHERE ( user_id='50' )  [ RunTime:0.0010s ]
INFO: [ app_end ] --START--
INFO: Run Behavior\ShowPageTraceBehavior [ RunTime:0.001000s ]
INFO: [ app_end ] --END-- [ RunTime:0.001000s ]

[ 2016-04-21T14:37:11+08:00 ] 110.64.211.20 /index.php?c=announce&a=see&user_id=50&token=2562bc5a1585da904a8ac89acf213a18
INFO: [ app_init ] --START--
INFO: Run Behavior\BuildLiteBehavior [ RunTime:0.000000s ]
INFO: [ app_init ] --END-- [ RunTime:0.001000s ]
INFO: [ app_begin ] --START--
INFO: Run Behavior\ReadHtmlCacheBehavior [ RunTime:0.001000s ]
INFO: [ app_begin ] --END-- [ RunTime:0.001000s ]
SQL: SHOW COLUMNS FROM `tb_users` [ RunTime:0.0050s ]
SQL: SELECT `token` FROM `tb_users` WHERE ( id='50' )  [ RunTime:0.0010s ]
SQL: SHOW COLUMNS FROM `tb_announce_pic_rel` [ RunTime:0.0050s ]
SQL: select a.id,a.title,a.content,a.create_time,p.pic_url,u.user_name from tb_users as u,tb_announce as a,tb_announce_pic as p,tb_announce_pic_rel as r where r.announce_id=a.id and r.pic_id=p.id and u.id=a.user_id ORDER BY a.id desc  [ RunTime:0.0010s ]
SQL: SHOW COLUMNS FROM `tb_announce_read` [ RunTime:0.0050s ]
SQL: SELECT `announce_id` FROM `tb_announce_read` WHERE ( user_id='50' )  [ RunTime:0.0000s ]
INFO: [ app_end ] --START--
INFO: Run Behavior\ShowPageTraceBehavior [ RunTime:0.001001s ]
INFO: [ app_end ] --END-- [ RunTime:0.001001s ]

[ 2016-04-21T14:40:22+08:00 ] 110.64.211.20 /index.php?c=Index&a=picture
INFO: [ app_init ] --START--
INFO: Run Behavior\BuildLiteBehavior [ RunTime:0.000000s ]
INFO: [ app_init ] --END-- [ RunTime:0.001000s ]
INFO: [ app_begin ] --START--
INFO: Run Behavior\ReadHtmlCacheBehavior [ RunTime:0.001000s ]
INFO: [ app_begin ] --END-- [ RunTime:0.001000s ]
NOTIC: [2] call_user_func() expects parameter 1 to be a valid callback, no array or string given D:\xampp\htdocs\office\ThinkPHP\Library\Think\Upload.class.php 第 170 行.
INFO: [ app_end ] --START--
INFO: Run Behavior\ShowPageTraceBehavior [ RunTime:0.001000s ]
INFO: [ app_end ] --END-- [ RunTime:0.001000s ]

[ 2016-04-21T14:41:53+08:00 ] 110.64.211.20 /index.php?c=Index&a=picture
INFO: [ app_init ] --START--
INFO: Run Behavior\BuildLiteBehavior [ RunTime:0.000000s ]
INFO: [ app_init ] --END-- [ RunTime:0.000000s ]
INFO: [ app_begin ] --START--
INFO: Run Behavior\ReadHtmlCacheBehavior [ RunTime:0.001000s ]
INFO: [ app_begin ] --END-- [ RunTime:0.001000s ]
NOTIC: [2] call_user_func() expects parameter 1 to be a valid callback, no array or string given D:\xampp\htdocs\office\ThinkPHP\Library\Think\Upload.class.php 第 170 行.
NOTIC: [2] call_user_func() expects parameter 1 to be a valid callback, no array or string given D:\xampp\htdocs\office\ThinkPHP\Library\Think\Upload.class.php 第 170 行.
NOTIC: [2] call_user_func() expects parameter 1 to be a valid callback, no array or string given D:\xampp\htdocs\office\ThinkPHP\Library\Think\Upload.class.php 第 170 行.
NOTIC: [2] call_user_func() expects parameter 1 to be a valid callback, no array or string given D:\xampp\htdocs\office\ThinkPHP\Library\Think\Upload.class.php 第 170 行.
NOTIC: [2] call_user_func() expects parameter 1 to be a valid callback, no array or string given D:\xampp\htdocs\office\ThinkPHP\Library\Think\Upload.class.php 第 170 行.
NOTIC: [2] call_user_func() expects parameter 1 to be a valid callback, no array or string given D:\xampp\htdocs\office\ThinkPHP\Library\Think\Upload.class.php 第 170 行.
NOTIC: [2] call_user_func() expects parameter 1 to be a valid callback, no array or string given D:\xampp\htdocs\office\ThinkPHP\Library\Think\Upload.class.php 第 170 行.
NOTIC: [2] call_user_func() expects parameter 1 to be a valid callback, no array or string given D:\xampp\htdocs\office\ThinkPHP\Library\Think\Upload.class.php 第 170 行.
NOTIC: [2] call_user_func() expects parameter 1 to be a valid callback, no array or string given D:\xampp\htdocs\office\ThinkPHP\Library\Think\Upload.class.php 第 170 行.
INFO: [ app_end ] --START--
INFO: Run Behavior\ShowPageTraceBehavior [ RunTime:0.001000s ]
INFO: [ app_end ] --END-- [ RunTime:0.001000s ]

[ 2016-04-21T15:27:42+08:00 ] 110.64.211.20 /index.php?c=login&a=login
INFO: [ app_init ] --START--
INFO: Run Behavior\BuildLiteBehavior [ RunTime:0.000000s ]
INFO: [ app_init ] --END-- [ RunTime:0.001000s ]
INFO: [ app_begin ] --START--
INFO: Run Behavior\ReadHtmlCacheBehavior [ RunTime:0.001000s ]
INFO: [ app_begin ] --END-- [ RunTime:0.001000s ]
SQL: SHOW COLUMNS FROM `tb_users` [ RunTime:0.0070s ]
SQL: SELECT * FROM `tb_users` WHERE ( user_name='admin' )  [ RunTime:0.0010s ]
SQL: SHOW COLUMNS FROM `tb_user_role` [ RunTime:0.0060s ]
SQL: select b.role_name,b.level from tb_user_role as a ,tb_role as b where a.role_id=b.id and a.user_id=50 [ RunTime:0.0010s ]
INFO: [ app_end ] --START--
INFO: Run Behavior\ShowPageTraceBehavior [ RunTime:0.001000s ]
INFO: [ app_end ] --END-- [ RunTime:0.001000s ]

[ 2016-04-21T15:27:42+08:00 ] 110.64.211.20 /index.php?c=announce&a=see&user_id=50&token=2562bc5a1585da904a8ac89acf213a18
INFO: [ app_init ] --START--
INFO: Run Behavior\BuildLiteBehavior [ RunTime:0.000000s ]
INFO: [ app_init ] --END-- [ RunTime:0.000000s ]
INFO: [ app_begin ] --START--
INFO: Run Behavior\ReadHtmlCacheBehavior [ RunTime:0.000000s ]
INFO: [ app_begin ] --END-- [ RunTime:0.000000s ]
SQL: SHOW COLUMNS FROM `tb_users` [ RunTime:0.0060s ]
SQL: SELECT `token` FROM `tb_users` WHERE ( id='50' )  [ RunTime:0.0000s ]
SQL: SHOW COLUMNS FROM `tb_announce_pic_rel` [ RunTime:0.0070s ]
SQL: select a.id,a.title,a.content,a.create_time,p.pic_url,u.user_name from tb_users as u,tb_announce as a,tb_announce_pic as p,tb_announce_pic_rel as r where r.announce_id=a.id and r.pic_id=p.id and u.id=a.user_id ORDER BY a.id desc  [ RunTime:0.0020s ]
SQL: SHOW COLUMNS FROM `tb_announce_read` [ RunTime:0.0070s ]
SQL: SELECT `announce_id` FROM `tb_announce_read` WHERE ( user_id='50' )  [ RunTime:0.0000s ]
INFO: [ app_end ] --START--
INFO: Run Behavior\ShowPageTraceBehavior [ RunTime:0.001000s ]
INFO: [ app_end ] --END-- [ RunTime:0.001000s ]

[ 2016-04-21T17:17:51+08:00 ] 110.64.211.20 /index.php?c=login&a=login
INFO: [ app_init ] --START--
INFO: Run Behavior\BuildLiteBehavior [ RunTime:0.000000s ]
INFO: [ app_init ] --END-- [ RunTime:0.009001s ]
INFO: [ app_begin ] --START--
INFO: Run Behavior\ReadHtmlCacheBehavior [ RunTime:0.013001s ]
INFO: [ app_begin ] --END-- [ RunTime:0.013001s ]
SQL: SHOW COLUMNS FROM `tb_users` [ RunTime:0.0230s ]
SQL: SELECT * FROM `tb_users` WHERE ( user_name='admin' )  [ RunTime:0.0010s ]
SQL: SHOW COLUMNS FROM `tb_user_role` [ RunTime:0.0150s ]
SQL: select b.role_name,b.level from tb_user_role as a ,tb_role as b where a.role_id=b.id and a.user_id=50 [ RunTime:0.0110s ]
INFO: [ app_end ] --START--
INFO: Run Behavior\ShowPageTraceBehavior [ RunTime:0.015001s ]
INFO: [ app_end ] --END-- [ RunTime:0.015001s ]

[ 2016-04-21T17:17:51+08:00 ] 110.64.211.20 /index.php?c=announce&a=see&user_id=50&token=2562bc5a1585da904a8ac89acf213a18
INFO: [ app_init ] --START--
INFO: Run Behavior\BuildLiteBehavior [ RunTime:0.000000s ]
INFO: [ app_init ] --END-- [ RunTime:0.001000s ]
INFO: [ app_begin ] --START--
INFO: Run Behavior\ReadHtmlCacheBehavior [ RunTime:0.001000s ]
INFO: [ app_begin ] --END-- [ RunTime:0.001000s ]
SQL: SHOW COLUMNS FROM `tb_users` [ RunTime:0.0050s ]
SQL: SELECT `token` FROM `tb_users` WHERE ( id='50' )  [ RunTime:0.0000s ]
SQL: SHOW COLUMNS FROM `tb_announce_pic_rel` [ RunTime:0.0050s ]
SQL: select a.id,a.title,a.content,a.create_time,p.pic_url,u.user_name from tb_users as u,tb_announce as a,tb_announce_pic as p,tb_announce_pic_rel as r where r.announce_id=a.id and r.pic_id=p.id and u.id=a.user_id ORDER BY a.id desc  [ RunTime:0.0220s ]
SQL: SHOW COLUMNS FROM `tb_announce_read` [ RunTime:0.0120s ]
SQL: SELECT `announce_id` FROM `tb_announce_read` WHERE ( user_id='50' )  [ RunTime:0.0000s ]
INFO: [ app_end ] --START--
INFO: Run Behavior\ShowPageTraceBehavior [ RunTime:0.001000s ]
INFO: [ app_end ] --END-- [ RunTime:0.001000s ]

[ 2016-04-21T17:22:11+08:00 ] 110.64.211.20 /index.php?c=login&a=login
INFO: [ app_init ] --START--
INFO: Run Behavior\BuildLiteBehavior [ RunTime:0.000000s ]
INFO: [ app_init ] --END-- [ RunTime:0.000000s ]
INFO: [ app_begin ] --START--
INFO: Run Behavior\ReadHtmlCacheBehavior [ RunTime:0.002000s ]
INFO: [ app_begin ] --END-- [ RunTime:0.002000s ]
SQL: SHOW COLUMNS FROM `tb_users` [ RunTime:0.0060s ]
SQL: SELECT * FROM `tb_users` WHERE ( user_name='admin' )  [ RunTime:0.0000s ]
SQL: SHOW COLUMNS FROM `tb_user_role` [ RunTime:0.0060s ]
SQL: select b.role_name,b.level from tb_user_role as a ,tb_role as b where a.role_id=b.id and a.user_id=50 [ RunTime:0.0000s ]
INFO: [ app_end ] --START--
INFO: Run Behavior\ShowPageTraceBehavior [ RunTime:0.001000s ]
INFO: [ app_end ] --END-- [ RunTime:0.001000s ]

[ 2016-04-21T17:22:12+08:00 ] 110.64.211.20 /index.php?c=announce&a=see&user_id=50&token=2562bc5a1585da904a8ac89acf213a18
INFO: [ app_init ] --START--
INFO: Run Behavior\BuildLiteBehavior [ RunTime:0.000000s ]
INFO: [ app_init ] --END-- [ RunTime:0.001000s ]
INFO: [ app_begin ] --START--
INFO: Run Behavior\ReadHtmlCacheBehavior [ RunTime:0.002000s ]
INFO: [ app_begin ] --END-- [ RunTime:0.002000s ]
SQL: SHOW COLUMNS FROM `tb_users` [ RunTime:0.0070s ]
SQL: SELECT `token` FROM `tb_users` WHERE ( id='50' )  [ RunTime:0.0000s ]
SQL: SHOW COLUMNS FROM `tb_announce_pic_rel` [ RunTime:0.0060s ]
SQL: select a.id,a.title,a.content,a.create_time,p.pic_url,u.user_name from tb_users as u,tb_announce as a,tb_announce_pic as p,tb_announce_pic_rel as r where r.announce_id=a.id and r.pic_id=p.id and u.id=a.user_id ORDER BY a.id desc  [ RunTime:0.0000s ]
SQL: SHOW COLUMNS FROM `tb_announce_read` [ RunTime:0.0060s ]
SQL: SELECT `announce_id` FROM `tb_announce_read` WHERE ( user_id='50' )  [ RunTime:0.0000s ]
INFO: [ app_end ] --START--
INFO: Run Behavior\ShowPageTraceBehavior [ RunTime:0.001000s ]
INFO: [ app_end ] --END-- [ RunTime:0.001000s ]

[ 2016-04-21T18:21:54+08:00 ] 10.12.243.7 /index.php?c=login&a=login
INFO: [ app_init ] --START--
INFO: Run Behavior\BuildLiteBehavior [ RunTime:0.000000s ]
INFO: [ app_init ] --END-- [ RunTime:0.001000s ]
INFO: [ app_begin ] --START--
INFO: Run Behavior\ReadHtmlCacheBehavior [ RunTime:0.010000s ]
INFO: [ app_begin ] --END-- [ RunTime:0.010000s ]
SQL: SHOW COLUMNS FROM `tb_users` [ RunTime:0.0080s ]
SQL: SELECT * FROM `tb_users` WHERE ( user_name='admin' )  [ RunTime:0.0000s ]
SQL: SHOW COLUMNS FROM `tb_user_role` [ RunTime:0.0210s ]
SQL: select b.role_name,b.level from tb_user_role as a ,tb_role as b where a.role_id=b.id and a.user_id=50 [ RunTime:0.0100s ]
INFO: [ app_end ] --START--
INFO: Run Behavior\ShowPageTraceBehavior [ RunTime:0.007000s ]
INFO: [ app_end ] --END-- [ RunTime:0.007000s ]

[ 2016-04-21T18:21:55+08:00 ] 10.12.243.7 /index.php?c=announce&a=see&user_id=50&token=2562bc5a1585da904a8ac89acf213a18
INFO: [ app_init ] --START--
INFO: Run Behavior\BuildLiteBehavior [ RunTime:0.000000s ]
INFO: [ app_init ] --END-- [ RunTime:0.001000s ]
INFO: [ app_begin ] --START--
INFO: Run Behavior\ReadHtmlCacheBehavior [ RunTime:0.001000s ]
INFO: [ app_begin ] --END-- [ RunTime:0.001000s ]
SQL: SHOW COLUMNS FROM `tb_users` [ RunTime:0.0080s ]
SQL: SELECT `token` FROM `tb_users` WHERE ( id='50' )  [ RunTime:0.0000s ]
SQL: SHOW COLUMNS FROM `tb_announce_pic_rel` [ RunTime:0.0090s ]
SQL: select a.id,a.title,a.content,a.create_time,p.pic_url,u.user_name from tb_users as u,tb_announce as a,tb_announce_pic as p,tb_announce_pic_rel as r where r.announce_id=a.id and r.pic_id=p.id and u.id=a.user_id ORDER BY a.id desc  [ RunTime:0.0280s ]
SQL: SHOW COLUMNS FROM `tb_announce_read` [ RunTime:0.0230s ]
SQL: SELECT `announce_id` FROM `tb_announce_read` WHERE ( user_id='50' )  [ RunTime:0.0010s ]
INFO: [ app_end ] --START--
INFO: Run Behavior\ShowPageTraceBehavior [ RunTime:0.001000s ]
INFO: [ app_end ] --END-- [ RunTime:0.001000s ]

[ 2016-04-21T18:47:03+08:00 ] 10.12.243.7 /index.php?c=login&a=login
INFO: [ app_init ] --START--
INFO: Run Behavior\BuildLiteBehavior [ RunTime:0.000000s ]
INFO: [ app_init ] --END-- [ RunTime:0.001000s ]
INFO: [ app_begin ] --START--
INFO: Run Behavior\ReadHtmlCacheBehavior [ RunTime:0.001000s ]
INFO: [ app_begin ] --END-- [ RunTime:0.002001s ]
SQL: SHOW COLUMNS FROM `tb_users` [ RunTime:0.0050s ]
SQL: SELECT * FROM `tb_users` WHERE ( user_name='admin' )  [ RunTime:0.0000s ]
SQL: SHOW COLUMNS FROM `tb_user_role` [ RunTime:0.0250s ]
SQL: select b.role_name,b.level from tb_user_role as a ,tb_role as b where a.role_id=b.id and a.user_id=50 [ RunTime:0.0100s ]
INFO: [ app_end ] --START--
INFO: Run Behavior\ShowPageTraceBehavior [ RunTime:0.001000s ]
INFO: [ app_end ] --END-- [ RunTime:0.001000s ]

[ 2016-04-21T18:47:03+08:00 ] 10.12.243.7 /index.php?c=announce&a=see&user_id=50&token=2562bc5a1585da904a8ac89acf213a18
INFO: [ app_init ] --START--
INFO: Run Behavior\BuildLiteBehavior [ RunTime:0.001000s ]
INFO: [ app_init ] --END-- [ RunTime:0.001000s ]
INFO: [ app_begin ] --START--
INFO: Run Behavior\ReadHtmlCacheBehavior [ RunTime:0.001000s ]
INFO: [ app_begin ] --END-- [ RunTime:0.001000s ]
SQL: SHOW COLUMNS FROM `tb_users` [ RunTime:0.0050s ]
SQL: SELECT `token` FROM `tb_users` WHERE ( id='50' )  [ RunTime:0.0000s ]
SQL: SHOW COLUMNS FROM `tb_announce_pic_rel` [ RunTime:0.0050s ]
SQL: select a.id,a.title,a.content,a.create_time,p.pic_url,u.user_name from tb_users as u,tb_announce as a,tb_announce_pic as p,tb_announce_pic_rel as r where r.announce_id=a.id and r.pic_id=p.id and u.id=a.user_id ORDER BY a.id desc  [ RunTime:0.0160s ]
SQL: SHOW COLUMNS FROM `tb_announce_read` [ RunTime:0.0190s ]
SQL: SELECT `announce_id` FROM `tb_announce_read` WHERE ( user_id='50' )  [ RunTime:0.0010s ]
INFO: [ app_end ] --START--
INFO: Run Behavior\ShowPageTraceBehavior [ RunTime:0.000000s ]
INFO: [ app_end ] --END-- [ RunTime:0.000000s ]

[ 2016-04-21T18:48:29+08:00 ] 10.12.243.7 /index.php?c=announce&a=see&user_id=50&token=2562bc5a1585da904a8ac89acf213a18
INFO: [ app_init ] --START--
INFO: Run Behavior\BuildLiteBehavior [ RunTime:0.000000s ]
INFO: [ app_init ] --END-- [ RunTime:0.000000s ]
INFO: [ app_begin ] --START--
INFO: Run Behavior\ReadHtmlCacheBehavior [ RunTime:0.001000s ]
INFO: [ app_begin ] --END-- [ RunTime:0.001000s ]
SQL: SHOW COLUMNS FROM `tb_users` [ RunTime:0.0050s ]
SQL: SELECT `token` FROM `tb_users` WHERE ( id='50' )  [ RunTime:0.0000s ]
SQL: SHOW COLUMNS FROM `tb_announce_pic_rel` [ RunTime:0.0040s ]
SQL: select a.id,a.title,a.content,a.create_time,p.pic_url,u.user_name from tb_users as u,tb_announce as a,tb_announce_pic as p,tb_announce_pic_rel as r where r.announce_id=a.id and r.pic_id=p.id and u.id=a.user_id ORDER BY a.id desc  [ RunTime:0.0010s ]
SQL: SHOW COLUMNS FROM `tb_announce_read` [ RunTime:0.0040s ]
SQL: SELECT `announce_id` FROM `tb_announce_read` WHERE ( user_id='50' )  [ RunTime:0.0010s ]
INFO: [ app_end ] --START--
INFO: Run Behavior\ShowPageTraceBehavior [ RunTime:0.001000s ]
INFO: [ app_end ] --END-- [ RunTime:0.001000s ]

[ 2016-04-21T18:48:45+08:00 ] 10.12.243.7 /index.php?c=login&a=login
INFO: [ app_init ] --START--
INFO: Run Behavior\BuildLiteBehavior [ RunTime:0.000000s ]
INFO: [ app_init ] --END-- [ RunTime:0.000000s ]
INFO: [ app_begin ] --START--
INFO: Run Behavior\ReadHtmlCacheBehavior [ RunTime:0.001000s ]
INFO: [ app_begin ] --END-- [ RunTime:0.001000s ]
SQL: SHOW COLUMNS FROM `tb_users` [ RunTime:0.0050s ]
SQL: SELECT * FROM `tb_users` WHERE ( user_name='admin' )  [ RunTime:0.0000s ]
SQL: SHOW COLUMNS FROM `tb_user_role` [ RunTime:0.0040s ]
SQL: select b.role_name,b.level from tb_user_role as a ,tb_role as b where a.role_id=b.id and a.user_id=50 [ RunTime:0.0010s ]
INFO: [ app_end ] --START--
INFO: Run Behavior\ShowPageTraceBehavior [ RunTime:0.000000s ]
INFO: [ app_end ] --END-- [ RunTime:0.000000s ]

[ 2016-04-21T18:48:45+08:00 ] 10.12.243.7 /index.php?c=announce&a=see&user_id=50&token=2562bc5a1585da904a8ac89acf213a18
INFO: [ app_init ] --START--
INFO: Run Behavior\BuildLiteBehavior [ RunTime:0.000000s ]
INFO: [ app_init ] --END-- [ RunTime:0.001000s ]
INFO: [ app_begin ] --START--
INFO: Run Behavior\ReadHtmlCacheBehavior [ RunTime:0.001000s ]
INFO: [ app_begin ] --END-- [ RunTime:0.001000s ]
SQL: SHOW COLUMNS FROM `tb_users` [ RunTime:0.0050s ]
SQL: SELECT `token` FROM `tb_users` WHERE ( id='50' )  [ RunTime:0.0000s ]
SQL: SHOW COLUMNS FROM `tb_announce_pic_rel` [ RunTime:0.0040s ]
SQL: select a.id,a.title,a.content,a.create_time,p.pic_url,u.user_name from tb_users as u,tb_announce as a,tb_announce_pic as p,tb_announce_pic_rel as r where r.announce_id=a.id and r.pic_id=p.id and u.id=a.user_id ORDER BY a.id desc  [ RunTime:0.0010s ]
SQL: SHOW COLUMNS FROM `tb_announce_read` [ RunTime:0.0050s ]
SQL: SELECT `announce_id` FROM `tb_announce_read` WHERE ( user_id='50' )  [ RunTime:0.0000s ]
INFO: [ app_end ] --START--
INFO: Run Behavior\ShowPageTraceBehavior [ RunTime:0.001000s ]
INFO: [ app_end ] --END-- [ RunTime:0.001000s ]

